[0.470s] Invoking command in '/home/lokisilvres/eyrc_hb/hb_task1a_ws/src/build/my_robot_controller': PYTHONPATH=/home/lokisilvres/eyrc_hb/hb_task1a_ws/src/build/my_robot_controller/prefix_override:/home/lokisilvres/eyrc_hb/hb_task1a_ws/src/install/my_robot_controller/lib/python3.10/site-packages:${PYTHONPATH} /usr/bin/python3 setup.py develop --editable --build-directory /home/lokisilvres/eyrc_hb/hb_task1a_ws/src/build/my_robot_controller/build --no-deps install_data
[0.626s] running develop
[0.717s] running egg_info
[0.717s] writing my_robot_controller.egg-info/PKG-INFO
[0.717s] writing dependency_links to my_robot_controller.egg-info/dependency_links.txt
[0.717s] writing entry points to my_robot_controller.egg-info/entry_points.txt
[0.717s] writing requirements to my_robot_controller.egg-info/requires.txt
[0.717s] writing top-level names to my_robot_controller.egg-info/top_level.txt
[0.718s] reading manifest file 'my_robot_controller.egg-info/SOURCES.txt'
[0.719s] writing manifest file 'my_robot_controller.egg-info/SOURCES.txt'
[0.738s] running build_ext
[0.738s] Creating /home/lokisilvres/eyrc_hb/hb_task1a_ws/src/install/my_robot_controller/lib/python3.10/site-packages/my-robot-controller.egg-link (link to .)
[0.738s] Installing draw_circle script to /home/lokisilvres/eyrc_hb/hb_task1a_ws/src/install/my_robot_controller/lib/my_robot_controller
[0.738s] Installing pose_sub script to /home/lokisilvres/eyrc_hb/hb_task1a_ws/src/install/my_robot_controller/lib/my_robot_controller
[0.739s] Installing test_node script to /home/lokisilvres/eyrc_hb/hb_task1a_ws/src/install/my_robot_controller/lib/my_robot_controller
[0.739s] Installing turtle_controller script to /home/lokisilvres/eyrc_hb/hb_task1a_ws/src/install/my_robot_controller/lib/my_robot_controller
[0.739s] 
[0.739s] Installed /home/lokisilvres/eyrc_hb/hb_task1a_ws/src/build/my_robot_controller
[0.739s] running install_data
[0.759s] Invoked command in '/home/lokisilvres/eyrc_hb/hb_task1a_ws/src/build/my_robot_controller' returned '0': PYTHONPATH=/home/lokisilvres/eyrc_hb/hb_task1a_ws/src/build/my_robot_controller/prefix_override:/home/lokisilvres/eyrc_hb/hb_task1a_ws/src/install/my_robot_controller/lib/python3.10/site-packages:${PYTHONPATH} /usr/bin/python3 setup.py develop --editable --build-directory /home/lokisilvres/eyrc_hb/hb_task1a_ws/src/build/my_robot_controller/build --no-deps install_data
