running develop
Removing /home/lokisilvres/eyrc_hb/hb_task1b_ws/src/install/hb_task_1b/lib/python3.10/site-packages/hb-task-1b.egg-link (link to .)
running egg_info
writing ../build/hb_task_1b/hb_task_1b.egg-info/PKG-INFO
writing dependency_links to ../build/hb_task_1b/hb_task_1b.egg-info/dependency_links.txt
writing entry points to ../build/hb_task_1b/hb_task_1b.egg-info/entry_points.txt
writing requirements to ../build/hb_task_1b/hb_task_1b.egg-info/requires.txt
writing top-level names to ../build/hb_task_1b/hb_task_1b.egg-info/top_level.txt
reading manifest file '../build/hb_task_1b/hb_task_1b.egg-info/SOURCES.txt'
writing manifest file '../build/hb_task_1b/hb_task_1b.egg-info/SOURCES.txt'
running build
running build_py
creating /home/lokisilvres/eyrc_hb/hb_task1b_ws/src/build/hb_task_1b/build
creating /home/lokisilvres/eyrc_hb/hb_task1b_ws/src/build/hb_task_1b/build/lib
creating /home/lokisilvres/eyrc_hb/hb_task1b_ws/src/build/hb_task_1b/build/lib/hb_task_1b
copying hb_task_1b/service_node.py -> /home/lokisilvres/eyrc_hb/hb_task1b_ws/src/build/hb_task_1b/build/lib/hb_task_1b
copying hb_task_1b/__init__.py -> /home/lokisilvres/eyrc_hb/hb_task1b_ws/src/build/hb_task_1b/build/lib/hb_task_1b
copying hb_task_1b/controller.py -> /home/lokisilvres/eyrc_hb/hb_task1b_ws/src/build/hb_task_1b/build/lib/hb_task_1b
running install
running install_lib
creating /home/lokisilvres/eyrc_hb/hb_task1b_ws/src/install/hb_task_1b/lib/python3.10/site-packages/hb_task_1b
copying /home/lokisilvres/eyrc_hb/hb_task1b_ws/src/build/hb_task_1b/build/lib/hb_task_1b/service_node.py -> /home/lokisilvres/eyrc_hb/hb_task1b_ws/src/install/hb_task_1b/lib/python3.10/site-packages/hb_task_1b
copying /home/lokisilvres/eyrc_hb/hb_task1b_ws/src/build/hb_task_1b/build/lib/hb_task_1b/__init__.py -> /home/lokisilvres/eyrc_hb/hb_task1b_ws/src/install/hb_task_1b/lib/python3.10/site-packages/hb_task_1b
copying /home/lokisilvres/eyrc_hb/hb_task1b_ws/src/build/hb_task_1b/build/lib/hb_task_1b/controller.py -> /home/lokisilvres/eyrc_hb/hb_task1b_ws/src/install/hb_task_1b/lib/python3.10/site-packages/hb_task_1b
byte-compiling /home/lokisilvres/eyrc_hb/hb_task1b_ws/src/install/hb_task_1b/lib/python3.10/site-packages/hb_task_1b/service_node.py to service_node.cpython-310.pyc
byte-compiling /home/lokisilvres/eyrc_hb/hb_task1b_ws/src/install/hb_task_1b/lib/python3.10/site-packages/hb_task_1b/__init__.py to __init__.cpython-310.pyc
byte-compiling /home/lokisilvres/eyrc_hb/hb_task1b_ws/src/install/hb_task_1b/lib/python3.10/site-packages/hb_task_1b/controller.py to controller.cpython-310.pyc
running install_data
copying launch/gazebo.launch.py -> /home/lokisilvres/eyrc_hb/hb_task1b_ws/src/install/hb_task_1b/share/hb_task_1b/launch
running install_egg_info
Copying ../build/hb_task_1b/hb_task_1b.egg-info to /home/lokisilvres/eyrc_hb/hb_task1b_ws/src/install/hb_task_1b/lib/python3.10/site-packages/hb_task_1b-0.0.0-py3.10.egg-info
running install_scripts
Installing controller script to /home/lokisilvres/eyrc_hb/hb_task1b_ws/src/install/hb_task_1b/lib/hb_task_1b
Installing service_node script to /home/lokisilvres/eyrc_hb/hb_task1b_ws/src/install/hb_task_1b/lib/hb_task_1b
Installing test script to /home/lokisilvres/eyrc_hb/hb_task1b_ws/src/install/hb_task_1b/lib/hb_task_1b
writing list of installed files to '/home/lokisilvres/eyrc_hb/hb_task1b_ws/src/build/hb_task_1b/install.log'
