[0.700s] Invoking command in '/home/lokisilvres/eyrc_hb/hb_task1b_ws/src/build/hb_task_1b': PYTHONPATH=/home/lokisilvres/eyrc_hb/hb_task1b_ws/src/build/hb_task_1b/prefix_override:/home/lokisilvres/eyrc_hb/hb_task1b_ws/src/install/hb_task_1b/lib/python3.10/site-packages:${PYTHONPATH} /usr/bin/python3 setup.py develop --uninstall --editable --build-directory /home/lokisilvres/eyrc_hb/hb_task1b_ws/src/build/hb_task_1b/build
[0.933s] running develop
[1.068s] Removing /home/lokisilvres/eyrc_hb/hb_task1b_ws/src/install/hb_task_1b/lib/python3.10/site-packages/hb-task-1b.egg-link (link to .)
[1.093s] Invoked command in '/home/lokisilvres/eyrc_hb/hb_task1b_ws/src/build/hb_task_1b' returned '0': PYTHONPATH=/home/lokisilvres/eyrc_hb/hb_task1b_ws/src/build/hb_task_1b/prefix_override:/home/lokisilvres/eyrc_hb/hb_task1b_ws/src/install/hb_task_1b/lib/python3.10/site-packages:${PYTHONPATH} /usr/bin/python3 setup.py develop --uninstall --editable --build-directory /home/lokisilvres/eyrc_hb/hb_task1b_ws/src/build/hb_task_1b/build
[1.096s] Invoking command in '/home/lokisilvres/eyrc_hb/hb_task1b_ws/src/hb_task_1b': PYTHONPATH=/home/lokisilvres/eyrc_hb/hb_task1b_ws/src/build/hb_task_1b/prefix_override:/home/lokisilvres/eyrc_hb/hb_task1b_ws/src/install/hb_task_1b/lib/python3.10/site-packages:${PYTHONPATH} /usr/bin/python3 setup.py egg_info --egg-base ../build/hb_task_1b build --build-base /home/lokisilvres/eyrc_hb/hb_task1b_ws/src/build/hb_task_1b/build install --record /home/lokisilvres/eyrc_hb/hb_task1b_ws/src/build/hb_task_1b/install.log --single-version-externally-managed
[1.323s] running egg_info
[1.324s] writing ../build/hb_task_1b/hb_task_1b.egg-info/PKG-INFO
[1.324s] writing dependency_links to ../build/hb_task_1b/hb_task_1b.egg-info/dependency_links.txt
[1.324s] writing entry points to ../build/hb_task_1b/hb_task_1b.egg-info/entry_points.txt
[1.325s] writing requirements to ../build/hb_task_1b/hb_task_1b.egg-info/requires.txt
[1.325s] writing top-level names to ../build/hb_task_1b/hb_task_1b.egg-info/top_level.txt
[1.326s] reading manifest file '../build/hb_task_1b/hb_task_1b.egg-info/SOURCES.txt'
[1.327s] writing manifest file '../build/hb_task_1b/hb_task_1b.egg-info/SOURCES.txt'
[1.328s] running build
[1.328s] running build_py
[1.328s] creating /home/lokisilvres/eyrc_hb/hb_task1b_ws/src/build/hb_task_1b/build
[1.328s] creating /home/lokisilvres/eyrc_hb/hb_task1b_ws/src/build/hb_task_1b/build/lib
[1.328s] creating /home/lokisilvres/eyrc_hb/hb_task1b_ws/src/build/hb_task_1b/build/lib/hb_task_1b
[1.328s] copying hb_task_1b/service_node.py -> /home/lokisilvres/eyrc_hb/hb_task1b_ws/src/build/hb_task_1b/build/lib/hb_task_1b
[1.329s] copying hb_task_1b/__init__.py -> /home/lokisilvres/eyrc_hb/hb_task1b_ws/src/build/hb_task_1b/build/lib/hb_task_1b
[1.329s] copying hb_task_1b/controller.py -> /home/lokisilvres/eyrc_hb/hb_task1b_ws/src/build/hb_task_1b/build/lib/hb_task_1b
[1.329s] running install
[1.329s] running install_lib
[1.329s] creating /home/lokisilvres/eyrc_hb/hb_task1b_ws/src/install/hb_task_1b/lib/python3.10/site-packages/hb_task_1b
[1.330s] copying /home/lokisilvres/eyrc_hb/hb_task1b_ws/src/build/hb_task_1b/build/lib/hb_task_1b/service_node.py -> /home/lokisilvres/eyrc_hb/hb_task1b_ws/src/install/hb_task_1b/lib/python3.10/site-packages/hb_task_1b
[1.330s] copying /home/lokisilvres/eyrc_hb/hb_task1b_ws/src/build/hb_task_1b/build/lib/hb_task_1b/__init__.py -> /home/lokisilvres/eyrc_hb/hb_task1b_ws/src/install/hb_task_1b/lib/python3.10/site-packages/hb_task_1b
[1.330s] copying /home/lokisilvres/eyrc_hb/hb_task1b_ws/src/build/hb_task_1b/build/lib/hb_task_1b/controller.py -> /home/lokisilvres/eyrc_hb/hb_task1b_ws/src/install/hb_task_1b/lib/python3.10/site-packages/hb_task_1b
[1.331s] byte-compiling /home/lokisilvres/eyrc_hb/hb_task1b_ws/src/install/hb_task_1b/lib/python3.10/site-packages/hb_task_1b/service_node.py to service_node.cpython-310.pyc
[1.332s] byte-compiling /home/lokisilvres/eyrc_hb/hb_task1b_ws/src/install/hb_task_1b/lib/python3.10/site-packages/hb_task_1b/__init__.py to __init__.cpython-310.pyc
[1.332s] byte-compiling /home/lokisilvres/eyrc_hb/hb_task1b_ws/src/install/hb_task_1b/lib/python3.10/site-packages/hb_task_1b/controller.py to controller.cpython-310.pyc
[1.333s] running install_data
[1.334s] copying launch/gazebo.launch.py -> /home/lokisilvres/eyrc_hb/hb_task1b_ws/src/install/hb_task_1b/share/hb_task_1b/launch
[1.334s] running install_egg_info
[1.337s] Copying ../build/hb_task_1b/hb_task_1b.egg-info to /home/lokisilvres/eyrc_hb/hb_task1b_ws/src/install/hb_task_1b/lib/python3.10/site-packages/hb_task_1b-0.0.0-py3.10.egg-info
[1.338s] running install_scripts
[1.358s] Installing controller script to /home/lokisilvres/eyrc_hb/hb_task1b_ws/src/install/hb_task_1b/lib/hb_task_1b
[1.359s] Installing service_node script to /home/lokisilvres/eyrc_hb/hb_task1b_ws/src/install/hb_task_1b/lib/hb_task_1b
[1.359s] Installing test script to /home/lokisilvres/eyrc_hb/hb_task1b_ws/src/install/hb_task_1b/lib/hb_task_1b
[1.359s] writing list of installed files to '/home/lokisilvres/eyrc_hb/hb_task1b_ws/src/build/hb_task_1b/install.log'
[1.393s] Invoked command in '/home/lokisilvres/eyrc_hb/hb_task1b_ws/src/hb_task_1b' returned '0': PYTHONPATH=/home/lokisilvres/eyrc_hb/hb_task1b_ws/src/build/hb_task_1b/prefix_override:/home/lokisilvres/eyrc_hb/hb_task1b_ws/src/install/hb_task_1b/lib/python3.10/site-packages:${PYTHONPATH} /usr/bin/python3 setup.py egg_info --egg-base ../build/hb_task_1b build --build-base /home/lokisilvres/eyrc_hb/hb_task1b_ws/src/build/hb_task_1b/build install --record /home/lokisilvres/eyrc_hb/hb_task1b_ws/src/build/hb_task_1b/install.log --single-version-externally-managed
