running develop
running egg_info
creating hb_task_1b.egg-info
writing hb_task_1b.egg-info/PKG-INFO
writing dependency_links to hb_task_1b.egg-info/dependency_links.txt
writing entry points to hb_task_1b.egg-info/entry_points.txt
writing requirements to hb_task_1b.egg-info/requires.txt
writing top-level names to hb_task_1b.egg-info/top_level.txt
writing manifest file 'hb_task_1b.egg-info/SOURCES.txt'
reading manifest file 'hb_task_1b.egg-info/SOURCES.txt'
writing manifest file 'hb_task_1b.egg-info/SOURCES.txt'
running build_ext
Creating /home/lokisilvres/eyrc_hb/hb_task1b_ws/src/install/hb_task_1b/lib/python3.10/site-packages/hb-task-1b.egg-link (link to .)
Installing controller script to /home/lokisilvres/eyrc_hb/hb_task1b_ws/src/install/hb_task_1b/lib/hb_task_1b
Installing service_node script to /home/lokisilvres/eyrc_hb/hb_task1b_ws/src/install/hb_task_1b/lib/hb_task_1b
Installing test script to /home/lokisilvres/eyrc_hb/hb_task1b_ws/src/install/hb_task_1b/lib/hb_task_1b

Installed /home/lokisilvres/eyrc_hb/hb_task1b_ws/src/build/hb_task_1b
running install_data
creating /home/lokisilvres/eyrc_hb/hb_task1b_ws/src/install/hb_task_1b/share/ament_index
creating /home/lokisilvres/eyrc_hb/hb_task1b_ws/src/install/hb_task_1b/share/ament_index/resource_index
creating /home/lokisilvres/eyrc_hb/hb_task1b_ws/src/install/hb_task_1b/share/ament_index/resource_index/packages
copying resource/hb_task_1b -> /home/lokisilvres/eyrc_hb/hb_task1b_ws/src/install/hb_task_1b/share/ament_index/resource_index/packages
copying package.xml -> /home/lokisilvres/eyrc_hb/hb_task1b_ws/src/install/hb_task_1b/share/hb_task_1b
creating /home/lokisilvres/eyrc_hb/hb_task1b_ws/src/install/hb_task_1b/share/hb_task_1b/launch
copying launch/hb_task1b.launch.py -> /home/lokisilvres/eyrc_hb/hb_task1b_ws/src/install/hb_task_1b/share/hb_task_1b/launch
copying launch/gazebo.launch.py -> /home/lokisilvres/eyrc_hb/hb_task1b_ws/src/install/hb_task_1b/share/hb_task_1b/launch
creating /home/lokisilvres/eyrc_hb/hb_task1b_ws/src/install/hb_task_1b/share/hb_task_1b/urdf
copying urdf/materials.xacro -> /home/lokisilvres/eyrc_hb/hb_task1b_ws/src/install/hb_task_1b/share/hb_task_1b/urdf
copying urdf/hb_bot.urdf.xacro -> /home/lokisilvres/eyrc_hb/hb_task1b_ws/src/install/hb_task_1b/share/hb_task_1b/urdf
creating /home/lokisilvres/eyrc_hb/hb_task1b_ws/src/install/hb_task_1b/share/hb_task_1b/meshes
copying meshes/17eyantra_logo_large e.png -> /home/lokisilvres/eyrc_hb/hb_task1b_ws/src/install/hb_task_1b/share/hb_task_1b/meshes
copying meshes/base.dae -> /home/lokisilvres/eyrc_hb/hb_task1b_ws/src/install/hb_task_1b/share/hb_task_1b/meshes
copying meshes/wheel.stl -> /home/lokisilvres/eyrc_hb/hb_task1b_ws/src/install/hb_task_1b/share/hb_task_1b/meshes
creating /home/lokisilvres/eyrc_hb/hb_task1b_ws/src/install/hb_task_1b/share/hb_task_1b/worlds
copying worlds/gazebo.world -> /home/lokisilvres/eyrc_hb/hb_task1b_ws/src/install/hb_task_1b/share/hb_task_1b/worlds
