[1.167s] Invoking command in '/home/lokisilvres/eyrc_hb/hb_task1b_ws/src/build/hb_task_1b': PYTHONPATH=/home/lokisilvres/eyrc_hb/hb_task1b_ws/src/build/hb_task_1b/prefix_override:/home/lokisilvres/eyrc_hb/hb_task1b_ws/src/install/hb_task_1b/lib/python3.10/site-packages:${PYTHONPATH} /usr/bin/python3 setup.py develop --editable --build-directory /home/lokisilvres/eyrc_hb/hb_task1b_ws/src/build/hb_task_1b/build --no-deps install_data
[1.588s] running develop
[1.814s] running egg_info
[1.814s] creating hb_task_1b.egg-info
[1.815s] writing hb_task_1b.egg-info/PKG-INFO
[1.815s] writing dependency_links to hb_task_1b.egg-info/dependency_links.txt
[1.815s] writing entry points to hb_task_1b.egg-info/entry_points.txt
[1.815s] writing requirements to hb_task_1b.egg-info/requires.txt
[1.815s] writing top-level names to hb_task_1b.egg-info/top_level.txt
[1.815s] writing manifest file 'hb_task_1b.egg-info/SOURCES.txt'
[1.818s] reading manifest file 'hb_task_1b.egg-info/SOURCES.txt'
[1.819s] writing manifest file 'hb_task_1b.egg-info/SOURCES.txt'
[1.863s] running build_ext
[1.863s] Creating /home/lokisilvres/eyrc_hb/hb_task1b_ws/src/install/hb_task_1b/lib/python3.10/site-packages/hb-task-1b.egg-link (link to .)
[1.864s] Installing controller script to /home/lokisilvres/eyrc_hb/hb_task1b_ws/src/install/hb_task_1b/lib/hb_task_1b
[1.864s] Installing service_node script to /home/lokisilvres/eyrc_hb/hb_task1b_ws/src/install/hb_task_1b/lib/hb_task_1b
[1.864s] Installing test script to /home/lokisilvres/eyrc_hb/hb_task1b_ws/src/install/hb_task_1b/lib/hb_task_1b
[1.865s] 
[1.865s] Installed /home/lokisilvres/eyrc_hb/hb_task1b_ws/src/build/hb_task_1b
[1.865s] running install_data
[1.866s] creating /home/lokisilvres/eyrc_hb/hb_task1b_ws/src/install/hb_task_1b/share/ament_index
[1.866s] creating /home/lokisilvres/eyrc_hb/hb_task1b_ws/src/install/hb_task_1b/share/ament_index/resource_index
[1.866s] creating /home/lokisilvres/eyrc_hb/hb_task1b_ws/src/install/hb_task_1b/share/ament_index/resource_index/packages
[1.866s] copying resource/hb_task_1b -> /home/lokisilvres/eyrc_hb/hb_task1b_ws/src/install/hb_task_1b/share/ament_index/resource_index/packages
[1.867s] copying package.xml -> /home/lokisilvres/eyrc_hb/hb_task1b_ws/src/install/hb_task_1b/share/hb_task_1b
[1.867s] creating /home/lokisilvres/eyrc_hb/hb_task1b_ws/src/install/hb_task_1b/share/hb_task_1b/launch
[1.867s] copying launch/hb_task1b.launch.py -> /home/lokisilvres/eyrc_hb/hb_task1b_ws/src/install/hb_task_1b/share/hb_task_1b/launch
[1.867s] copying launch/gazebo.launch.py -> /home/lokisilvres/eyrc_hb/hb_task1b_ws/src/install/hb_task_1b/share/hb_task_1b/launch
[1.868s] creating /home/lokisilvres/eyrc_hb/hb_task1b_ws/src/install/hb_task_1b/share/hb_task_1b/urdf
[1.868s] copying urdf/materials.xacro -> /home/lokisilvres/eyrc_hb/hb_task1b_ws/src/install/hb_task_1b/share/hb_task_1b/urdf
[1.868s] copying urdf/hb_bot.urdf.xacro -> /home/lokisilvres/eyrc_hb/hb_task1b_ws/src/install/hb_task_1b/share/hb_task_1b/urdf
[1.868s] creating /home/lokisilvres/eyrc_hb/hb_task1b_ws/src/install/hb_task_1b/share/hb_task_1b/meshes
[1.868s] copying meshes/17eyantra_logo_large e.png -> /home/lokisilvres/eyrc_hb/hb_task1b_ws/src/install/hb_task_1b/share/hb_task_1b/meshes
[1.868s] copying meshes/base.dae -> /home/lokisilvres/eyrc_hb/hb_task1b_ws/src/install/hb_task_1b/share/hb_task_1b/meshes
[1.870s] copying meshes/wheel.stl -> /home/lokisilvres/eyrc_hb/hb_task1b_ws/src/install/hb_task_1b/share/hb_task_1b/meshes
[1.878s] creating /home/lokisilvres/eyrc_hb/hb_task1b_ws/src/install/hb_task_1b/share/hb_task_1b/worlds
[1.878s] copying worlds/gazebo.world -> /home/lokisilvres/eyrc_hb/hb_task1b_ws/src/install/hb_task_1b/share/hb_task_1b/worlds
[1.924s] Invoked command in '/home/lokisilvres/eyrc_hb/hb_task1b_ws/src/build/hb_task_1b' returned '0': PYTHONPATH=/home/lokisilvres/eyrc_hb/hb_task1b_ws/src/build/hb_task_1b/prefix_override:/home/lokisilvres/eyrc_hb/hb_task1b_ws/src/install/hb_task_1b/lib/python3.10/site-packages:${PYTHONPATH} /usr/bin/python3 setup.py develop --editable --build-directory /home/lokisilvres/eyrc_hb/hb_task1b_ws/src/build/hb_task_1b/build --no-deps install_data
