[0.561s] DEBUG:colcon:Command line arguments: ['/usr/bin/colcon', 'build', '--symlink-install']
[0.561s] DEBUG:colcon:Parsed command line arguments: Namespace(log_base=None, log_level=None, verb_name='build', build_base='build', install_base='install', merge_install=False, symlink_install=True, test_result_base=None, continue_on_error=False, executor='parallel', parallel_workers=12, event_handlers=None, ignore_user_meta=False, metas=['./colcon.meta'], base_paths=['.'], packages_ignore=None, packages_ignore_regex=None, paths=None, packages_up_to=None, packages_up_to_regex=None, packages_above=None, packages_above_and_dependencies=None, packages_above_depth=None, packages_select_by_dep=None, packages_skip_by_dep=None, packages_skip_up_to=None, packages_select_build_failed=False, packages_skip_build_finished=False, packages_select_test_failures=False, packages_skip_test_passed=False, packages_select=None, packages_skip=None, packages_select_regex=None, packages_skip_regex=None, packages_start=None, packages_end=None, allow_overriding=[], cmake_args=None, cmake_target=None, cmake_target_skip_unavailable=False, cmake_clean_cache=False, cmake_clean_first=False, cmake_force_configure=False, ament_cmake_args=None, catkin_cmake_args=None, catkin_skip_building_tests=False, verb_parser=<colcon_defaults.argument_parser.defaults.DefaultArgumentsDecorator object at 0x7f59f7de75b0>, verb_extension=<colcon_core.verb.build.BuildVerb object at 0x7f59f7de6230>, main=<bound method BuildVerb.main of <colcon_core.verb.build.BuildVerb object at 0x7f59f7de6230>>)
[0.592s] Level 1:colcon.colcon_core.package_discovery:discover_packages(colcon_meta) check parameters
[0.592s] Level 1:colcon.colcon_core.package_discovery:discover_packages(recursive) check parameters
[0.592s] Level 1:colcon.colcon_core.package_discovery:discover_packages(ignore) check parameters
[0.592s] Level 1:colcon.colcon_core.package_discovery:discover_packages(path) check parameters
[0.592s] Level 1:colcon.colcon_core.package_discovery:discover_packages(colcon_meta) discover
[0.592s] Level 1:colcon.colcon_core.package_discovery:discover_packages(recursive) discover
[0.592s] INFO:colcon.colcon_core.package_discovery:Crawling recursively for packages in '/home/lokisilvres/eyrc_hb/hb_task1b_ws/src'
[0.592s] Level 1:colcon.colcon_core.package_identification:_identify(.) by extensions ['ignore', 'ignore_ament_install']
[0.592s] Level 1:colcon.colcon_core.package_identification:_identify(.) by extension 'ignore'
[0.592s] Level 1:colcon.colcon_core.package_identification:_identify(.) by extension 'ignore_ament_install'
[0.592s] Level 1:colcon.colcon_core.package_identification:_identify(.) by extensions ['colcon_pkg']
[0.593s] Level 1:colcon.colcon_core.package_identification:_identify(.) by extension 'colcon_pkg'
[0.593s] Level 1:colcon.colcon_core.package_identification:_identify(.) by extensions ['colcon_meta']
[0.593s] Level 1:colcon.colcon_core.package_identification:_identify(.) by extension 'colcon_meta'
[0.593s] Level 1:colcon.colcon_core.package_identification:_identify(.) by extensions ['ros']
[0.593s] Level 1:colcon.colcon_core.package_identification:_identify(.) by extension 'ros'
[0.604s] Level 1:colcon.colcon_core.package_identification:_identify(.) by extensions ['cmake', 'python']
[0.604s] Level 1:colcon.colcon_core.package_identification:_identify(.) by extension 'cmake'
[0.604s] Level 1:colcon.colcon_core.package_identification:_identify(.) by extension 'python'
[0.604s] Level 1:colcon.colcon_core.package_identification:_identify(.) by extensions ['python_setup_py']
[0.604s] Level 1:colcon.colcon_core.package_identification:_identify(.) by extension 'python_setup_py'
[0.604s] Level 1:colcon.colcon_core.package_identification:_identify(build) by extensions ['ignore', 'ignore_ament_install']
[0.604s] Level 1:colcon.colcon_core.package_identification:_identify(build) by extension 'ignore'
[0.604s] Level 1:colcon.colcon_core.package_identification:_identify(build) ignored
[0.605s] Level 1:colcon.colcon_core.package_identification:_identify(hb_task_1b) by extensions ['ignore', 'ignore_ament_install']
[0.605s] Level 1:colcon.colcon_core.package_identification:_identify(hb_task_1b) by extension 'ignore'
[0.605s] Level 1:colcon.colcon_core.package_identification:_identify(hb_task_1b) by extension 'ignore_ament_install'
[0.605s] Level 1:colcon.colcon_core.package_identification:_identify(hb_task_1b) by extensions ['colcon_pkg']
[0.605s] Level 1:colcon.colcon_core.package_identification:_identify(hb_task_1b) by extension 'colcon_pkg'
[0.605s] Level 1:colcon.colcon_core.package_identification:_identify(hb_task_1b) by extensions ['colcon_meta']
[0.605s] Level 1:colcon.colcon_core.package_identification:_identify(hb_task_1b) by extension 'colcon_meta'
[0.605s] Level 1:colcon.colcon_core.package_identification:_identify(hb_task_1b) by extensions ['ros']
[0.605s] Level 1:colcon.colcon_core.package_identification:_identify(hb_task_1b) by extension 'ros'
[0.608s] DEBUG:colcon.colcon_core.package_identification:Package 'hb_task_1b' with type 'ros.ament_python' and name 'hb_task_1b'
[0.608s] Level 1:colcon.colcon_core.package_identification:_identify(install) by extensions ['ignore', 'ignore_ament_install']
[0.608s] Level 1:colcon.colcon_core.package_identification:_identify(install) by extension 'ignore'
[0.608s] Level 1:colcon.colcon_core.package_identification:_identify(install) ignored
[0.608s] Level 1:colcon.colcon_core.package_identification:_identify(log) by extensions ['ignore', 'ignore_ament_install']
[0.608s] Level 1:colcon.colcon_core.package_identification:_identify(log) by extension 'ignore'
[0.608s] Level 1:colcon.colcon_core.package_identification:_identify(log) ignored
[0.609s] Level 1:colcon.colcon_core.package_identification:_identify(my_robot_interfaces) by extensions ['ignore', 'ignore_ament_install']
[0.609s] Level 1:colcon.colcon_core.package_identification:_identify(my_robot_interfaces) by extension 'ignore'
[0.609s] Level 1:colcon.colcon_core.package_identification:_identify(my_robot_interfaces) by extension 'ignore_ament_install'
[0.609s] Level 1:colcon.colcon_core.package_identification:_identify(my_robot_interfaces) by extensions ['colcon_pkg']
[0.609s] Level 1:colcon.colcon_core.package_identification:_identify(my_robot_interfaces) by extension 'colcon_pkg'
[0.609s] Level 1:colcon.colcon_core.package_identification:_identify(my_robot_interfaces) by extensions ['colcon_meta']
[0.609s] Level 1:colcon.colcon_core.package_identification:_identify(my_robot_interfaces) by extension 'colcon_meta'
[0.609s] Level 1:colcon.colcon_core.package_identification:_identify(my_robot_interfaces) by extensions ['ros']
[0.609s] Level 1:colcon.colcon_core.package_identification:_identify(my_robot_interfaces) by extension 'ros'
[0.610s] DEBUG:colcon.colcon_core.package_identification:Package 'my_robot_interfaces' with type 'ros.ament_cmake' and name 'my_robot_interfaces'
[0.610s] Level 1:colcon.colcon_core.package_discovery:discover_packages(recursive) using defaults
[0.610s] Level 1:colcon.colcon_core.package_discovery:discover_packages(ignore) discover
[0.610s] Level 1:colcon.colcon_core.package_discovery:discover_packages(ignore) using defaults
[0.610s] Level 1:colcon.colcon_core.package_discovery:discover_packages(path) discover
[0.610s] Level 1:colcon.colcon_core.package_discovery:discover_packages(path) using defaults
[0.663s] Level 1:colcon.colcon_core.package_discovery:discover_packages(prefix_path) check parameters
[0.663s] Level 1:colcon.colcon_core.package_discovery:discover_packages(prefix_path) discover
[0.679s] DEBUG:colcon.colcon_installed_package_information.package_discovery:Found 2 installed packages in /home/lokisilvres/eyrc_hb/hb_task1b_ws/src/install
[0.688s] DEBUG:colcon.colcon_installed_package_information.package_discovery:Found 280 installed packages in /opt/ros/humble
[0.696s] Level 1:colcon.colcon_core.package_discovery:discover_packages(prefix_path) using defaults
[0.751s] Level 5:colcon.colcon_core.verb:set package 'hb_task_1b' build argument 'cmake_args' from command line to 'None'
[0.752s] Level 5:colcon.colcon_core.verb:set package 'hb_task_1b' build argument 'cmake_target' from command line to 'None'
[0.752s] Level 5:colcon.colcon_core.verb:set package 'hb_task_1b' build argument 'cmake_target_skip_unavailable' from command line to 'False'
[0.752s] Level 5:colcon.colcon_core.verb:set package 'hb_task_1b' build argument 'cmake_clean_cache' from command line to 'False'
[0.752s] Level 5:colcon.colcon_core.verb:set package 'hb_task_1b' build argument 'cmake_clean_first' from command line to 'False'
[0.752s] Level 5:colcon.colcon_core.verb:set package 'hb_task_1b' build argument 'cmake_force_configure' from command line to 'False'
[0.752s] Level 5:colcon.colcon_core.verb:set package 'hb_task_1b' build argument 'ament_cmake_args' from command line to 'None'
[0.752s] Level 5:colcon.colcon_core.verb:set package 'hb_task_1b' build argument 'catkin_cmake_args' from command line to 'None'
[0.752s] Level 5:colcon.colcon_core.verb:set package 'hb_task_1b' build argument 'catkin_skip_building_tests' from command line to 'False'
[0.752s] DEBUG:colcon.colcon_core.verb:Building package 'hb_task_1b' with the following arguments: {'ament_cmake_args': None, 'build_base': '/home/lokisilvres/eyrc_hb/hb_task1b_ws/src/build/hb_task_1b', 'catkin_cmake_args': None, 'catkin_skip_building_tests': False, 'cmake_args': None, 'cmake_clean_cache': False, 'cmake_clean_first': False, 'cmake_force_configure': False, 'cmake_target': None, 'cmake_target_skip_unavailable': False, 'install_base': '/home/lokisilvres/eyrc_hb/hb_task1b_ws/src/install/hb_task_1b', 'merge_install': False, 'path': '/home/lokisilvres/eyrc_hb/hb_task1b_ws/src/hb_task_1b', 'symlink_install': True, 'test_result_base': None}
[0.760s] Level 5:colcon.colcon_core.verb:set package 'my_robot_interfaces' build argument 'cmake_args' from command line to 'None'
[0.760s] Level 5:colcon.colcon_core.verb:set package 'my_robot_interfaces' build argument 'cmake_target' from command line to 'None'
[0.760s] Level 5:colcon.colcon_core.verb:set package 'my_robot_interfaces' build argument 'cmake_target_skip_unavailable' from command line to 'False'
[0.760s] Level 5:colcon.colcon_core.verb:set package 'my_robot_interfaces' build argument 'cmake_clean_cache' from command line to 'False'
[0.760s] Level 5:colcon.colcon_core.verb:set package 'my_robot_interfaces' build argument 'cmake_clean_first' from command line to 'False'
[0.760s] Level 5:colcon.colcon_core.verb:set package 'my_robot_interfaces' build argument 'cmake_force_configure' from command line to 'False'
[0.760s] Level 5:colcon.colcon_core.verb:set package 'my_robot_interfaces' build argument 'ament_cmake_args' from command line to 'None'
[0.760s] Level 5:colcon.colcon_core.verb:set package 'my_robot_interfaces' build argument 'catkin_cmake_args' from command line to 'None'
[0.760s] Level 5:colcon.colcon_core.verb:set package 'my_robot_interfaces' build argument 'catkin_skip_building_tests' from command line to 'False'
[0.760s] DEBUG:colcon.colcon_core.verb:Building package 'my_robot_interfaces' with the following arguments: {'ament_cmake_args': None, 'build_base': '/home/lokisilvres/eyrc_hb/hb_task1b_ws/src/build/my_robot_interfaces', 'catkin_cmake_args': None, 'catkin_skip_building_tests': False, 'cmake_args': None, 'cmake_clean_cache': False, 'cmake_clean_first': False, 'cmake_force_configure': False, 'cmake_target': None, 'cmake_target_skip_unavailable': False, 'install_base': '/home/lokisilvres/eyrc_hb/hb_task1b_ws/src/install/my_robot_interfaces', 'merge_install': False, 'path': '/home/lokisilvres/eyrc_hb/hb_task1b_ws/src/my_robot_interfaces', 'symlink_install': True, 'test_result_base': None}
[0.767s] INFO:colcon.colcon_core.executor:Executing jobs using 'parallel' executor
[0.775s] DEBUG:colcon.colcon_parallel_executor.executor.parallel:run_until_complete
[0.775s] INFO:colcon.colcon_ros.task.ament_python.build:Building ROS package in '/home/lokisilvres/eyrc_hb/hb_task1b_ws/src/hb_task_1b' with build type 'ament_python'
[0.775s] Level 1:colcon.colcon_core.shell:create_environment_hook('hb_task_1b', 'ament_prefix_path')
[0.785s] INFO:colcon.colcon_core.plugin_system:Skipping extension 'colcon_core.shell.bat': Not used on non-Windows systems
[0.785s] INFO:colcon.colcon_core.shell:Creating environment hook '/home/lokisilvres/eyrc_hb/hb_task1b_ws/src/install/hb_task_1b/share/hb_task_1b/hook/ament_prefix_path.ps1'
[0.785s] INFO:colcon.colcon_core.shell:Creating environment descriptor '/home/lokisilvres/eyrc_hb/hb_task1b_ws/src/install/hb_task_1b/share/hb_task_1b/hook/ament_prefix_path.dsv'
[0.785s] INFO:colcon.colcon_core.shell:Creating environment hook '/home/lokisilvres/eyrc_hb/hb_task1b_ws/src/install/hb_task_1b/share/hb_task_1b/hook/ament_prefix_path.sh'
[0.795s] INFO:colcon.colcon_core.shell:Skip shell extension 'powershell' for command environment: Not usable outside of PowerShell
[0.795s] DEBUG:colcon.colcon_core.shell:Skip shell extension 'dsv' for command environment
[0.819s] INFO:colcon.colcon_ros.task.ament_cmake.build:Building ROS package in '/home/lokisilvres/eyrc_hb/hb_task1b_ws/src/my_robot_interfaces' with build type 'ament_cmake'
[0.820s] INFO:colcon.colcon_cmake.task.cmake.build:Building CMake package in '/home/lokisilvres/eyrc_hb/hb_task1b_ws/src/my_robot_interfaces'
[0.829s] INFO:colcon.colcon_core.shell:Skip shell extension 'powershell' for command environment: Not usable outside of PowerShell
[0.829s] DEBUG:colcon.colcon_core.shell:Skip shell extension 'dsv' for command environment
[1.035s] INFO:colcon.colcon_core.task.python.build:Building Python package in '/home/lokisilvres/eyrc_hb/hb_task1b_ws/src/hb_task_1b'
[1.043s] INFO:colcon.colcon_core.shell:Skip shell extension 'powershell' for command environment: Not usable outside of PowerShell
[1.043s] DEBUG:colcon.colcon_core.shell:Skip shell extension 'dsv' for command environment
[1.070s] DEBUG:colcon.colcon_core.event_handler.log_command:Invoking command in '/home/lokisilvres/eyrc_hb/hb_task1b_ws/src/build/my_robot_interfaces': CMAKE_PREFIX_PATH=${CMAKE_PREFIX_PATH}:/home/lokisilvres/eyrc_hb/hb_task1b_ws/src/install/hb_task_1b:/opt/ros/humble /usr/bin/cmake --build /home/lokisilvres/eyrc_hb/hb_task1b_ws/src/build/my_robot_interfaces -- -j12 -l12
[1.423s] DEBUG:colcon.colcon_core.event_handler.log_command:Invoked command in '/home/lokisilvres/eyrc_hb/hb_task1b_ws/src/build/my_robot_interfaces' returned '0': CMAKE_PREFIX_PATH=${CMAKE_PREFIX_PATH}:/home/lokisilvres/eyrc_hb/hb_task1b_ws/src/install/hb_task_1b:/opt/ros/humble /usr/bin/cmake --build /home/lokisilvres/eyrc_hb/hb_task1b_ws/src/build/my_robot_interfaces -- -j12 -l12
[1.473s] DEBUG:colcon.colcon_core.event_handler.log_command:Invoking command in '/home/lokisilvres/eyrc_hb/hb_task1b_ws/src/build/my_robot_interfaces': CMAKE_PREFIX_PATH=${CMAKE_PREFIX_PATH}:/home/lokisilvres/eyrc_hb/hb_task1b_ws/src/install/hb_task_1b:/opt/ros/humble /usr/bin/cmake --install /home/lokisilvres/eyrc_hb/hb_task1b_ws/src/build/my_robot_interfaces
[1.477s] DEBUG:colcon.colcon_core.event_handler.log_command:Invoking command in '/home/lokisilvres/eyrc_hb/hb_task1b_ws/src/build/hb_task_1b': PYTHONPATH=/home/lokisilvres/eyrc_hb/hb_task1b_ws/src/build/hb_task_1b/prefix_override:/home/lokisilvres/eyrc_hb/hb_task1b_ws/src/install/hb_task_1b/lib/python3.10/site-packages:${PYTHONPATH} /usr/bin/python3 setup.py develop --editable --build-directory /home/lokisilvres/eyrc_hb/hb_task1b_ws/src/build/hb_task_1b/build --no-deps install_data
[1.539s] Level 1:colcon.colcon_core.environment:create_environment_scripts_only(my_robot_interfaces)
[1.540s] DEBUG:colcon.colcon_core.event_handler.log_command:Invoked command in '/home/lokisilvres/eyrc_hb/hb_task1b_ws/src/build/my_robot_interfaces' returned '0': CMAKE_PREFIX_PATH=${CMAKE_PREFIX_PATH}:/home/lokisilvres/eyrc_hb/hb_task1b_ws/src/install/hb_task_1b:/opt/ros/humble /usr/bin/cmake --install /home/lokisilvres/eyrc_hb/hb_task1b_ws/src/build/my_robot_interfaces
[1.554s] Level 1:colcon.colcon_core.environment:checking '/home/lokisilvres/eyrc_hb/hb_task1b_ws/src/install/my_robot_interfaces' for CMake module files
[1.554s] Level 1:colcon.colcon_core.environment:checking '/home/lokisilvres/eyrc_hb/hb_task1b_ws/src/install/my_robot_interfaces' for CMake config files
[1.555s] Level 1:colcon.colcon_core.shell:create_environment_hook('my_robot_interfaces', 'cmake_prefix_path')
[1.564s] INFO:colcon.colcon_core.shell:Creating environment hook '/home/lokisilvres/eyrc_hb/hb_task1b_ws/src/install/my_robot_interfaces/share/my_robot_interfaces/hook/cmake_prefix_path.ps1'
[1.565s] INFO:colcon.colcon_core.shell:Creating environment descriptor '/home/lokisilvres/eyrc_hb/hb_task1b_ws/src/install/my_robot_interfaces/share/my_robot_interfaces/hook/cmake_prefix_path.dsv'
[1.565s] INFO:colcon.colcon_core.shell:Creating environment hook '/home/lokisilvres/eyrc_hb/hb_task1b_ws/src/install/my_robot_interfaces/share/my_robot_interfaces/hook/cmake_prefix_path.sh'
[1.566s] Level 1:colcon.colcon_core.environment:checking '/home/lokisilvres/eyrc_hb/hb_task1b_ws/src/install/my_robot_interfaces/lib'
[1.566s] Level 1:colcon.colcon_core.shell:create_environment_hook('my_robot_interfaces', 'ld_library_path_lib')
[1.575s] INFO:colcon.colcon_core.shell:Creating environment hook '/home/lokisilvres/eyrc_hb/hb_task1b_ws/src/install/my_robot_interfaces/share/my_robot_interfaces/hook/ld_library_path_lib.ps1'
[1.576s] INFO:colcon.colcon_core.shell:Creating environment descriptor '/home/lokisilvres/eyrc_hb/hb_task1b_ws/src/install/my_robot_interfaces/share/my_robot_interfaces/hook/ld_library_path_lib.dsv'
[1.576s] INFO:colcon.colcon_core.shell:Creating environment hook '/home/lokisilvres/eyrc_hb/hb_task1b_ws/src/install/my_robot_interfaces/share/my_robot_interfaces/hook/ld_library_path_lib.sh'
[1.576s] Level 1:colcon.colcon_core.environment:checking '/home/lokisilvres/eyrc_hb/hb_task1b_ws/src/install/my_robot_interfaces/bin'
[1.576s] Level 1:colcon.colcon_core.environment:checking '/home/lokisilvres/eyrc_hb/hb_task1b_ws/src/install/my_robot_interfaces/lib/pkgconfig/my_robot_interfaces.pc'
[1.577s] Level 1:colcon.colcon_core.environment:checking '/home/lokisilvres/eyrc_hb/hb_task1b_ws/src/install/my_robot_interfaces/lib/python3.10/site-packages'
[1.577s] Level 1:colcon.colcon_core.environment:checking '/home/lokisilvres/eyrc_hb/hb_task1b_ws/src/install/my_robot_interfaces/bin'
[1.589s] INFO:colcon.colcon_core.shell:Creating package script '/home/lokisilvres/eyrc_hb/hb_task1b_ws/src/install/my_robot_interfaces/share/my_robot_interfaces/package.ps1'
[1.590s] INFO:colcon.colcon_core.shell:Creating package descriptor '/home/lokisilvres/eyrc_hb/hb_task1b_ws/src/install/my_robot_interfaces/share/my_robot_interfaces/package.dsv'
[1.590s] INFO:colcon.colcon_core.shell:Creating package script '/home/lokisilvres/eyrc_hb/hb_task1b_ws/src/install/my_robot_interfaces/share/my_robot_interfaces/package.sh'
[1.591s] INFO:colcon.colcon_core.shell:Creating package script '/home/lokisilvres/eyrc_hb/hb_task1b_ws/src/install/my_robot_interfaces/share/my_robot_interfaces/package.bash'
[1.592s] INFO:colcon.colcon_core.shell:Creating package script '/home/lokisilvres/eyrc_hb/hb_task1b_ws/src/install/my_robot_interfaces/share/my_robot_interfaces/package.zsh'
[1.592s] Level 1:colcon.colcon_core.environment:create_file_with_runtime_dependencies(/home/lokisilvres/eyrc_hb/hb_task1b_ws/src/install/my_robot_interfaces/share/colcon-core/packages/my_robot_interfaces)
[1.656s] Level 1:colcon.colcon_core.environment:create_environment_scripts_only(my_robot_interfaces)
[1.667s] Level 1:colcon.colcon_core.environment:checking '/home/lokisilvres/eyrc_hb/hb_task1b_ws/src/install/my_robot_interfaces' for CMake module files
[1.668s] Level 1:colcon.colcon_core.environment:checking '/home/lokisilvres/eyrc_hb/hb_task1b_ws/src/install/my_robot_interfaces' for CMake config files
[1.668s] Level 1:colcon.colcon_core.shell:create_environment_hook('my_robot_interfaces', 'cmake_prefix_path')
[1.678s] INFO:colcon.colcon_core.shell:Creating environment hook '/home/lokisilvres/eyrc_hb/hb_task1b_ws/src/install/my_robot_interfaces/share/my_robot_interfaces/hook/cmake_prefix_path.ps1'
[1.679s] INFO:colcon.colcon_core.shell:Creating environment descriptor '/home/lokisilvres/eyrc_hb/hb_task1b_ws/src/install/my_robot_interfaces/share/my_robot_interfaces/hook/cmake_prefix_path.dsv'
[1.679s] INFO:colcon.colcon_core.shell:Creating environment hook '/home/lokisilvres/eyrc_hb/hb_task1b_ws/src/install/my_robot_interfaces/share/my_robot_interfaces/hook/cmake_prefix_path.sh'
[1.680s] Level 1:colcon.colcon_core.environment:checking '/home/lokisilvres/eyrc_hb/hb_task1b_ws/src/install/my_robot_interfaces/lib'
[1.680s] Level 1:colcon.colcon_core.shell:create_environment_hook('my_robot_interfaces', 'ld_library_path_lib')
[1.692s] INFO:colcon.colcon_core.shell:Creating environment hook '/home/lokisilvres/eyrc_hb/hb_task1b_ws/src/install/my_robot_interfaces/share/my_robot_interfaces/hook/ld_library_path_lib.ps1'
[1.692s] INFO:colcon.colcon_core.shell:Creating environment descriptor '/home/lokisilvres/eyrc_hb/hb_task1b_ws/src/install/my_robot_interfaces/share/my_robot_interfaces/hook/ld_library_path_lib.dsv'
[1.692s] INFO:colcon.colcon_core.shell:Creating environment hook '/home/lokisilvres/eyrc_hb/hb_task1b_ws/src/install/my_robot_interfaces/share/my_robot_interfaces/hook/ld_library_path_lib.sh'
[1.693s] Level 1:colcon.colcon_core.environment:checking '/home/lokisilvres/eyrc_hb/hb_task1b_ws/src/install/my_robot_interfaces/bin'
[1.693s] Level 1:colcon.colcon_core.environment:checking '/home/lokisilvres/eyrc_hb/hb_task1b_ws/src/install/my_robot_interfaces/lib/pkgconfig/my_robot_interfaces.pc'
[1.693s] Level 1:colcon.colcon_core.environment:checking '/home/lokisilvres/eyrc_hb/hb_task1b_ws/src/install/my_robot_interfaces/lib/python3.10/site-packages'
[1.693s] Level 1:colcon.colcon_core.environment:checking '/home/lokisilvres/eyrc_hb/hb_task1b_ws/src/install/my_robot_interfaces/bin'
[1.703s] INFO:colcon.colcon_core.shell:Creating package script '/home/lokisilvres/eyrc_hb/hb_task1b_ws/src/install/my_robot_interfaces/share/my_robot_interfaces/package.ps1'
[1.704s] INFO:colcon.colcon_core.shell:Creating package descriptor '/home/lokisilvres/eyrc_hb/hb_task1b_ws/src/install/my_robot_interfaces/share/my_robot_interfaces/package.dsv'
[1.704s] INFO:colcon.colcon_core.shell:Creating package script '/home/lokisilvres/eyrc_hb/hb_task1b_ws/src/install/my_robot_interfaces/share/my_robot_interfaces/package.sh'
[1.704s] INFO:colcon.colcon_core.shell:Creating package script '/home/lokisilvres/eyrc_hb/hb_task1b_ws/src/install/my_robot_interfaces/share/my_robot_interfaces/package.bash'
[1.705s] INFO:colcon.colcon_core.shell:Creating package script '/home/lokisilvres/eyrc_hb/hb_task1b_ws/src/install/my_robot_interfaces/share/my_robot_interfaces/package.zsh'
[1.705s] Level 1:colcon.colcon_core.environment:create_file_with_runtime_dependencies(/home/lokisilvres/eyrc_hb/hb_task1b_ws/src/install/my_robot_interfaces/share/colcon-core/packages/my_robot_interfaces)
[1.880s] Level 1:colcon.colcon_core.shell:create_environment_hook('hb_task_1b', 'pythonpath_develop')
[1.880s] DEBUG:colcon.colcon_core.event_handler.log_command:Invoked command in '/home/lokisilvres/eyrc_hb/hb_task1b_ws/src/build/hb_task_1b' returned '0': PYTHONPATH=/home/lokisilvres/eyrc_hb/hb_task1b_ws/src/build/hb_task_1b/prefix_override:/home/lokisilvres/eyrc_hb/hb_task1b_ws/src/install/hb_task_1b/lib/python3.10/site-packages:${PYTHONPATH} /usr/bin/python3 setup.py develop --editable --build-directory /home/lokisilvres/eyrc_hb/hb_task1b_ws/src/build/hb_task_1b/build --no-deps install_data
[1.889s] INFO:colcon.colcon_core.shell:Creating environment hook '/home/lokisilvres/eyrc_hb/hb_task1b_ws/src/build/hb_task_1b/share/hb_task_1b/hook/pythonpath_develop.ps1'
[1.890s] INFO:colcon.colcon_core.shell:Creating environment descriptor '/home/lokisilvres/eyrc_hb/hb_task1b_ws/src/build/hb_task_1b/share/hb_task_1b/hook/pythonpath_develop.dsv'
[1.890s] INFO:colcon.colcon_core.shell:Creating environment hook '/home/lokisilvres/eyrc_hb/hb_task1b_ws/src/build/hb_task_1b/share/hb_task_1b/hook/pythonpath_develop.sh'
[1.899s] Level 1:colcon.colcon_core.environment:checking '/home/lokisilvres/eyrc_hb/hb_task1b_ws/src/install/hb_task_1b' for CMake module files
[1.900s] Level 1:colcon.colcon_core.environment:checking '/home/lokisilvres/eyrc_hb/hb_task1b_ws/src/install/hb_task_1b' for CMake config files
[1.900s] Level 1:colcon.colcon_core.environment:checking '/home/lokisilvres/eyrc_hb/hb_task1b_ws/src/install/hb_task_1b/lib'
[1.900s] Level 1:colcon.colcon_core.environment:checking '/home/lokisilvres/eyrc_hb/hb_task1b_ws/src/install/hb_task_1b/bin'
[1.900s] Level 1:colcon.colcon_core.environment:checking '/home/lokisilvres/eyrc_hb/hb_task1b_ws/src/install/hb_task_1b/lib/pkgconfig/hb_task_1b.pc'
[1.901s] Level 1:colcon.colcon_core.environment:checking '/home/lokisilvres/eyrc_hb/hb_task1b_ws/src/install/hb_task_1b/lib/python3.10/site-packages'
[1.901s] Level 1:colcon.colcon_core.shell:create_environment_hook('hb_task_1b', 'pythonpath')
[1.910s] INFO:colcon.colcon_core.shell:Creating environment hook '/home/lokisilvres/eyrc_hb/hb_task1b_ws/src/install/hb_task_1b/share/hb_task_1b/hook/pythonpath.ps1'
[1.910s] INFO:colcon.colcon_core.shell:Creating environment descriptor '/home/lokisilvres/eyrc_hb/hb_task1b_ws/src/install/hb_task_1b/share/hb_task_1b/hook/pythonpath.dsv'
[1.910s] INFO:colcon.colcon_core.shell:Creating environment hook '/home/lokisilvres/eyrc_hb/hb_task1b_ws/src/install/hb_task_1b/share/hb_task_1b/hook/pythonpath.sh'
[1.911s] Level 1:colcon.colcon_core.environment:checking '/home/lokisilvres/eyrc_hb/hb_task1b_ws/src/install/hb_task_1b/bin'
[1.911s] Level 1:colcon.colcon_core.environment:create_environment_scripts_only(hb_task_1b)
[1.922s] INFO:colcon.colcon_core.shell:Creating package script '/home/lokisilvres/eyrc_hb/hb_task1b_ws/src/install/hb_task_1b/share/hb_task_1b/package.ps1'
[1.923s] INFO:colcon.colcon_core.shell:Creating package descriptor '/home/lokisilvres/eyrc_hb/hb_task1b_ws/src/install/hb_task_1b/share/hb_task_1b/package.dsv'
[1.923s] INFO:colcon.colcon_core.shell:Creating package script '/home/lokisilvres/eyrc_hb/hb_task1b_ws/src/install/hb_task_1b/share/hb_task_1b/package.sh'
[1.923s] INFO:colcon.colcon_core.shell:Creating package script '/home/lokisilvres/eyrc_hb/hb_task1b_ws/src/install/hb_task_1b/share/hb_task_1b/package.bash'
[1.924s] INFO:colcon.colcon_core.shell:Creating package script '/home/lokisilvres/eyrc_hb/hb_task1b_ws/src/install/hb_task_1b/share/hb_task_1b/package.zsh'
[1.924s] Level 1:colcon.colcon_core.environment:create_file_with_runtime_dependencies(/home/lokisilvres/eyrc_hb/hb_task1b_ws/src/install/hb_task_1b/share/colcon-core/packages/hb_task_1b)
[1.924s] DEBUG:colcon.colcon_parallel_executor.executor.parallel:closing loop
[1.924s] DEBUG:colcon.colcon_parallel_executor.executor.parallel:loop closed
[1.924s] DEBUG:colcon.colcon_parallel_executor.executor.parallel:run_until_complete finished with '0'
[1.924s] DEBUG:colcon.colcon_core.event_reactor:joining thread
[1.935s] INFO:colcon.colcon_core.plugin_system:Skipping extension 'colcon_notification.desktop_notification.terminal_notifier': Not used on non-Darwin systems
[1.935s] INFO:colcon.colcon_core.plugin_system:Skipping extension 'colcon_notification.desktop_notification.win32': Not used on non-Windows systems
[1.935s] INFO:colcon.colcon_notification.desktop_notification:Sending desktop notification using 'notify2'
[1.946s] DEBUG:colcon.colcon_core.event_reactor:joined thread
[1.960s] INFO:colcon.colcon_core.shell:Creating prefix script '/home/lokisilvres/eyrc_hb/hb_task1b_ws/src/install/local_setup.ps1'
[1.960s] INFO:colcon.colcon_core.shell:Creating prefix util module '/home/lokisilvres/eyrc_hb/hb_task1b_ws/src/install/_local_setup_util_ps1.py'
[1.961s] INFO:colcon.colcon_core.shell:Creating prefix chain script '/home/lokisilvres/eyrc_hb/hb_task1b_ws/src/install/setup.ps1'
[1.972s] INFO:colcon.colcon_core.shell:Creating prefix script '/home/lokisilvres/eyrc_hb/hb_task1b_ws/src/install/local_setup.sh'
[1.973s] INFO:colcon.colcon_core.shell:Creating prefix util module '/home/lokisilvres/eyrc_hb/hb_task1b_ws/src/install/_local_setup_util_sh.py'
[1.974s] INFO:colcon.colcon_core.shell:Creating prefix chain script '/home/lokisilvres/eyrc_hb/hb_task1b_ws/src/install/setup.sh'
[1.983s] INFO:colcon.colcon_core.shell:Creating prefix script '/home/lokisilvres/eyrc_hb/hb_task1b_ws/src/install/local_setup.bash'
[1.984s] INFO:colcon.colcon_core.shell:Creating prefix chain script '/home/lokisilvres/eyrc_hb/hb_task1b_ws/src/install/setup.bash'
[1.995s] INFO:colcon.colcon_core.shell:Creating prefix script '/home/lokisilvres/eyrc_hb/hb_task1b_ws/src/install/local_setup.zsh'
[1.996s] INFO:colcon.colcon_core.shell:Creating prefix chain script '/home/lokisilvres/eyrc_hb/hb_task1b_ws/src/install/setup.zsh'
