[0.906s] Invoking command in '/home/lokisilvres/eyrc_hb/hb_task1b_ws/src/hb_task_1b': PYTHONPATH=/home/lokisilvres/eyrc_hb/hb_task1b_ws/src/build/hb_task_1b/prefix_override:/home/lokisilvres/eyrc_hb/hb_task1b_ws/src/install/hb_task_1b/lib/python3.10/site-packages:${PYTHONPATH} /usr/bin/python3 setup.py egg_info --egg-base ../build/hb_task_1b build --build-base /home/lokisilvres/eyrc_hb/hb_task1b_ws/src/build/hb_task_1b/build install --record /home/lokisilvres/eyrc_hb/hb_task1b_ws/src/build/hb_task_1b/install.log --single-version-externally-managed
[1.243s] running egg_info
[1.244s] writing ../build/hb_task_1b/hb_task_1b.egg-info/PKG-INFO
[1.245s] writing dependency_links to ../build/hb_task_1b/hb_task_1b.egg-info/dependency_links.txt
[1.246s] writing entry points to ../build/hb_task_1b/hb_task_1b.egg-info/entry_points.txt
[1.246s] writing requirements to ../build/hb_task_1b/hb_task_1b.egg-info/requires.txt
[1.246s] writing top-level names to ../build/hb_task_1b/hb_task_1b.egg-info/top_level.txt
[1.249s] reading manifest file '../build/hb_task_1b/hb_task_1b.egg-info/SOURCES.txt'
[1.250s] writing manifest file '../build/hb_task_1b/hb_task_1b.egg-info/SOURCES.txt'
[1.250s] running build
[1.250s] running build_py
[1.251s] running install
[1.251s] running install_lib
[1.253s] running install_data
[1.254s] copying launch/gazebo.launch.py -> /home/lokisilvres/eyrc_hb/hb_task1b_ws/src/install/hb_task_1b/share/hb_task_1b/launch
[1.254s] running install_egg_info
[1.256s] removing '/home/lokisilvres/eyrc_hb/hb_task1b_ws/src/install/hb_task_1b/lib/python3.10/site-packages/hb_task_1b-0.0.0-py3.10.egg-info' (and everything under it)
[1.257s] Copying ../build/hb_task_1b/hb_task_1b.egg-info to /home/lokisilvres/eyrc_hb/hb_task1b_ws/src/install/hb_task_1b/lib/python3.10/site-packages/hb_task_1b-0.0.0-py3.10.egg-info
[1.257s] running install_scripts
[1.287s] Installing controller script to /home/lokisilvres/eyrc_hb/hb_task1b_ws/src/install/hb_task_1b/lib/hb_task_1b
[1.287s] Installing service_node script to /home/lokisilvres/eyrc_hb/hb_task1b_ws/src/install/hb_task_1b/lib/hb_task_1b
[1.287s] Installing test script to /home/lokisilvres/eyrc_hb/hb_task1b_ws/src/install/hb_task_1b/lib/hb_task_1b
[1.287s] writing list of installed files to '/home/lokisilvres/eyrc_hb/hb_task1b_ws/src/build/hb_task_1b/install.log'
[1.381s] Invoked command in '/home/lokisilvres/eyrc_hb/hb_task1b_ws/src/hb_task_1b' returned '0': PYTHONPATH=/home/lokisilvres/eyrc_hb/hb_task1b_ws/src/build/hb_task_1b/prefix_override:/home/lokisilvres/eyrc_hb/hb_task1b_ws/src/install/hb_task_1b/lib/python3.10/site-packages:${PYTHONPATH} /usr/bin/python3 setup.py egg_info --egg-base ../build/hb_task_1b build --build-base /home/lokisilvres/eyrc_hb/hb_task1b_ws/src/build/hb_task_1b/build install --record /home/lokisilvres/eyrc_hb/hb_task1b_ws/src/build/hb_task_1b/install.log --single-version-externally-managed
