[0.729s] Invoking command in '/home/lokisilvres/eyrc_hb/hb_task1a_ws/src/my_robot_controller': PYTHONPATH=/home/lokisilvres/eyrc_hb/hb_task1a_ws/src/build/my_robot_controller/prefix_override:/home/lokisilvres/eyrc_hb/hb_task1a_ws/src/install/my_robot_controller/lib/python3.10/site-packages:${PYTHONPATH} /usr/bin/python3 setup.py egg_info --egg-base ../build/my_robot_controller build --build-base /home/lokisilvres/eyrc_hb/hb_task1a_ws/src/build/my_robot_controller/build install --record /home/lokisilvres/eyrc_hb/hb_task1a_ws/src/build/my_robot_controller/install.log --single-version-externally-managed
[0.891s] running egg_info
[0.891s] creating ../build/my_robot_controller/my_robot_controller.egg-info
[0.891s] writing ../build/my_robot_controller/my_robot_controller.egg-info/PKG-INFO
[0.891s] writing dependency_links to ../build/my_robot_controller/my_robot_controller.egg-info/dependency_links.txt
[0.892s] writing entry points to ../build/my_robot_controller/my_robot_controller.egg-info/entry_points.txt
[0.892s] writing requirements to ../build/my_robot_controller/my_robot_controller.egg-info/requires.txt
[0.892s] writing top-level names to ../build/my_robot_controller/my_robot_controller.egg-info/top_level.txt
[0.892s] writing manifest file '../build/my_robot_controller/my_robot_controller.egg-info/SOURCES.txt'
[0.893s] reading manifest file '../build/my_robot_controller/my_robot_controller.egg-info/SOURCES.txt'
[0.894s] writing manifest file '../build/my_robot_controller/my_robot_controller.egg-info/SOURCES.txt'
[0.894s] running build
[0.894s] running build_py
[0.894s] creating /home/lokisilvres/eyrc_hb/hb_task1a_ws/src/build/my_robot_controller/build
[0.894s] creating /home/lokisilvres/eyrc_hb/hb_task1a_ws/src/build/my_robot_controller/build/lib
[0.894s] creating /home/lokisilvres/eyrc_hb/hb_task1a_ws/src/build/my_robot_controller/build/lib/my_robot_controller
[0.894s] copying my_robot_controller/pro_node.py -> /home/lokisilvres/eyrc_hb/hb_task1a_ws/src/build/my_robot_controller/build/lib/my_robot_controller
[0.894s] copying my_robot_controller/__init__.py -> /home/lokisilvres/eyrc_hb/hb_task1a_ws/src/build/my_robot_controller/build/lib/my_robot_controller
[0.894s] running install
[0.894s] running install_lib
[0.895s] creating /home/lokisilvres/eyrc_hb/hb_task1a_ws/src/install/my_robot_controller/lib/python3.10/site-packages/my_robot_controller
[0.895s] copying /home/lokisilvres/eyrc_hb/hb_task1a_ws/src/build/my_robot_controller/build/lib/my_robot_controller/pro_node.py -> /home/lokisilvres/eyrc_hb/hb_task1a_ws/src/install/my_robot_controller/lib/python3.10/site-packages/my_robot_controller
[0.895s] copying /home/lokisilvres/eyrc_hb/hb_task1a_ws/src/build/my_robot_controller/build/lib/my_robot_controller/__init__.py -> /home/lokisilvres/eyrc_hb/hb_task1a_ws/src/install/my_robot_controller/lib/python3.10/site-packages/my_robot_controller
[0.896s] byte-compiling /home/lokisilvres/eyrc_hb/hb_task1a_ws/src/install/my_robot_controller/lib/python3.10/site-packages/my_robot_controller/pro_node.py to pro_node.cpython-310.pyc
[0.896s] byte-compiling /home/lokisilvres/eyrc_hb/hb_task1a_ws/src/install/my_robot_controller/lib/python3.10/site-packages/my_robot_controller/__init__.py to __init__.cpython-310.pyc
[0.896s] running install_data
[0.896s] creating /home/lokisilvres/eyrc_hb/hb_task1a_ws/src/install/my_robot_controller/share/ament_index
[0.896s] creating /home/lokisilvres/eyrc_hb/hb_task1a_ws/src/install/my_robot_controller/share/ament_index/resource_index
[0.896s] creating /home/lokisilvres/eyrc_hb/hb_task1a_ws/src/install/my_robot_controller/share/ament_index/resource_index/packages
[0.897s] copying resource/my_robot_controller -> /home/lokisilvres/eyrc_hb/hb_task1a_ws/src/install/my_robot_controller/share/ament_index/resource_index/packages
[0.897s] copying package.xml -> /home/lokisilvres/eyrc_hb/hb_task1a_ws/src/install/my_robot_controller/share/my_robot_controller
[0.897s] running install_egg_info
[0.898s] Copying ../build/my_robot_controller/my_robot_controller.egg-info to /home/lokisilvres/eyrc_hb/hb_task1a_ws/src/install/my_robot_controller/lib/python3.10/site-packages/my_robot_controller-0.0.0-py3.10.egg-info
[0.898s] running install_scripts
[0.914s] Installing test_node script to /home/lokisilvres/eyrc_hb/hb_task1a_ws/src/install/my_robot_controller/lib/my_robot_controller
[0.915s] writing list of installed files to '/home/lokisilvres/eyrc_hb/hb_task1a_ws/src/build/my_robot_controller/install.log'
[0.964s] Invoked command in '/home/lokisilvres/eyrc_hb/hb_task1a_ws/src/my_robot_controller' returned '0': PYTHONPATH=/home/lokisilvres/eyrc_hb/hb_task1a_ws/src/build/my_robot_controller/prefix_override:/home/lokisilvres/eyrc_hb/hb_task1a_ws/src/install/my_robot_controller/lib/python3.10/site-packages:${PYTHONPATH} /usr/bin/python3 setup.py egg_info --egg-base ../build/my_robot_controller build --build-base /home/lokisilvres/eyrc_hb/hb_task1a_ws/src/build/my_robot_controller/build install --record /home/lokisilvres/eyrc_hb/hb_task1a_ws/src/build/my_robot_controller/install.log --single-version-externally-managed
