[0.909s] DEBUG:colcon:Command line arguments: ['/usr/bin/colcon', 'build', '--symlink-install']
[0.909s] DEBUG:colcon:Parsed command line arguments: Namespace(log_base=None, log_level=None, verb_name='build', build_base='build', install_base='install', merge_install=False, symlink_install=True, test_result_base=None, continue_on_error=False, executor='parallel', parallel_workers=12, event_handlers=None, ignore_user_meta=False, metas=['./colcon.meta'], base_paths=['.'], packages_ignore=None, packages_ignore_regex=None, paths=None, packages_up_to=None, packages_up_to_regex=None, packages_above=None, packages_above_and_dependencies=None, packages_above_depth=None, packages_select_by_dep=None, packages_skip_by_dep=None, packages_skip_up_to=None, packages_select_build_failed=False, packages_skip_build_finished=False, packages_select_test_failures=False, packages_skip_test_passed=False, packages_select=None, packages_skip=None, packages_select_regex=None, packages_skip_regex=None, packages_start=None, packages_end=None, allow_overriding=[], cmake_args=None, cmake_target=None, cmake_target_skip_unavailable=False, cmake_clean_cache=False, cmake_clean_first=False, cmake_force_configure=False, ament_cmake_args=None, catkin_cmake_args=None, catkin_skip_building_tests=False, verb_parser=<colcon_defaults.argument_parser.defaults.DefaultArgumentsDecorator object at 0x7fbcc3bacee0>, verb_extension=<colcon_core.verb.build.BuildVerb object at 0x7fbcc3bae4a0>, main=<bound method BuildVerb.main of <colcon_core.verb.build.BuildVerb object at 0x7fbcc3bae4a0>>)
[0.949s] Level 1:colcon.colcon_core.package_discovery:discover_packages(colcon_meta) check parameters
[0.949s] Level 1:colcon.colcon_core.package_discovery:discover_packages(recursive) check parameters
[0.949s] Level 1:colcon.colcon_core.package_discovery:discover_packages(ignore) check parameters
[0.949s] Level 1:colcon.colcon_core.package_discovery:discover_packages(path) check parameters
[0.949s] Level 1:colcon.colcon_core.package_discovery:discover_packages(colcon_meta) discover
[0.949s] Level 1:colcon.colcon_core.package_discovery:discover_packages(recursive) discover
[0.949s] INFO:colcon.colcon_core.package_discovery:Crawling recursively for packages in '/home/lokisilvres/eyrc_hb/hb_task1b_ws/src'
[0.949s] Level 1:colcon.colcon_core.package_identification:_identify(.) by extensions ['ignore', 'ignore_ament_install']
[0.950s] Level 1:colcon.colcon_core.package_identification:_identify(.) by extension 'ignore'
[0.950s] Level 1:colcon.colcon_core.package_identification:_identify(.) by extension 'ignore_ament_install'
[0.950s] Level 1:colcon.colcon_core.package_identification:_identify(.) by extensions ['colcon_pkg']
[0.950s] Level 1:colcon.colcon_core.package_identification:_identify(.) by extension 'colcon_pkg'
[0.950s] Level 1:colcon.colcon_core.package_identification:_identify(.) by extensions ['colcon_meta']
[0.950s] Level 1:colcon.colcon_core.package_identification:_identify(.) by extension 'colcon_meta'
[0.950s] Level 1:colcon.colcon_core.package_identification:_identify(.) by extensions ['ros']
[0.950s] Level 1:colcon.colcon_core.package_identification:_identify(.) by extension 'ros'
[0.958s] Level 1:colcon.colcon_core.package_identification:_identify(.) by extensions ['cmake', 'python']
[0.958s] Level 1:colcon.colcon_core.package_identification:_identify(.) by extension 'cmake'
[0.959s] Level 1:colcon.colcon_core.package_identification:_identify(.) by extension 'python'
[0.959s] Level 1:colcon.colcon_core.package_identification:_identify(.) by extensions ['python_setup_py']
[0.959s] Level 1:colcon.colcon_core.package_identification:_identify(.) by extension 'python_setup_py'
[0.959s] Level 1:colcon.colcon_core.package_identification:_identify(build) by extensions ['ignore', 'ignore_ament_install']
[0.959s] Level 1:colcon.colcon_core.package_identification:_identify(build) by extension 'ignore'
[0.959s] Level 1:colcon.colcon_core.package_identification:_identify(build) ignored
[0.959s] Level 1:colcon.colcon_core.package_identification:_identify(hb_task_1b) by extensions ['ignore', 'ignore_ament_install']
[0.959s] Level 1:colcon.colcon_core.package_identification:_identify(hb_task_1b) by extension 'ignore'
[0.959s] Level 1:colcon.colcon_core.package_identification:_identify(hb_task_1b) by extension 'ignore_ament_install'
[0.959s] Level 1:colcon.colcon_core.package_identification:_identify(hb_task_1b) by extensions ['colcon_pkg']
[0.959s] Level 1:colcon.colcon_core.package_identification:_identify(hb_task_1b) by extension 'colcon_pkg'
[0.959s] Level 1:colcon.colcon_core.package_identification:_identify(hb_task_1b) by extensions ['colcon_meta']
[0.959s] Level 1:colcon.colcon_core.package_identification:_identify(hb_task_1b) by extension 'colcon_meta'
[0.959s] Level 1:colcon.colcon_core.package_identification:_identify(hb_task_1b) by extensions ['ros']
[0.959s] Level 1:colcon.colcon_core.package_identification:_identify(hb_task_1b) by extension 'ros'
[0.962s] DEBUG:colcon.colcon_core.package_identification:Package 'hb_task_1b' with type 'ros.ament_python' and name 'hb_task_1b'
[0.962s] Level 1:colcon.colcon_core.package_identification:_identify(install) by extensions ['ignore', 'ignore_ament_install']
[0.963s] Level 1:colcon.colcon_core.package_identification:_identify(install) by extension 'ignore'
[0.963s] Level 1:colcon.colcon_core.package_identification:_identify(install) ignored
[0.963s] Level 1:colcon.colcon_core.package_identification:_identify(log) by extensions ['ignore', 'ignore_ament_install']
[0.963s] Level 1:colcon.colcon_core.package_identification:_identify(log) by extension 'ignore'
[0.963s] Level 1:colcon.colcon_core.package_identification:_identify(log) ignored
[0.963s] Level 1:colcon.colcon_core.package_identification:_identify(my_robot_interfaces) by extensions ['ignore', 'ignore_ament_install']
[0.963s] Level 1:colcon.colcon_core.package_identification:_identify(my_robot_interfaces) by extension 'ignore'
[0.963s] Level 1:colcon.colcon_core.package_identification:_identify(my_robot_interfaces) by extension 'ignore_ament_install'
[0.963s] Level 1:colcon.colcon_core.package_identification:_identify(my_robot_interfaces) by extensions ['colcon_pkg']
[0.963s] Level 1:colcon.colcon_core.package_identification:_identify(my_robot_interfaces) by extension 'colcon_pkg'
[0.963s] Level 1:colcon.colcon_core.package_identification:_identify(my_robot_interfaces) by extensions ['colcon_meta']
[0.963s] Level 1:colcon.colcon_core.package_identification:_identify(my_robot_interfaces) by extension 'colcon_meta'
[0.963s] Level 1:colcon.colcon_core.package_identification:_identify(my_robot_interfaces) by extensions ['ros']
[0.963s] Level 1:colcon.colcon_core.package_identification:_identify(my_robot_interfaces) by extension 'ros'
[0.964s] DEBUG:colcon.colcon_core.package_identification:Package 'my_robot_interfaces' with type 'ros.ament_cmake' and name 'my_robot_interfaces'
[0.964s] Level 1:colcon.colcon_core.package_discovery:discover_packages(recursive) using defaults
[0.965s] Level 1:colcon.colcon_core.package_discovery:discover_packages(ignore) discover
[0.965s] Level 1:colcon.colcon_core.package_discovery:discover_packages(ignore) using defaults
[0.965s] Level 1:colcon.colcon_core.package_discovery:discover_packages(path) discover
[0.965s] Level 1:colcon.colcon_core.package_discovery:discover_packages(path) using defaults
[1.038s] Level 1:colcon.colcon_core.package_discovery:discover_packages(prefix_path) check parameters
[1.038s] Level 1:colcon.colcon_core.package_discovery:discover_packages(prefix_path) discover
[1.064s] DEBUG:colcon.colcon_installed_package_information.package_discovery:Found 2 installed packages in /home/lokisilvres/eyrc_hb/hb_task1b_ws/src/install
[1.077s] DEBUG:colcon.colcon_installed_package_information.package_discovery:Found 280 installed packages in /opt/ros/humble
[1.087s] Level 1:colcon.colcon_core.package_discovery:discover_packages(prefix_path) using defaults
[1.164s] Level 5:colcon.colcon_core.verb:set package 'hb_task_1b' build argument 'cmake_args' from command line to 'None'
[1.165s] Level 5:colcon.colcon_core.verb:set package 'hb_task_1b' build argument 'cmake_target' from command line to 'None'
[1.165s] Level 5:colcon.colcon_core.verb:set package 'hb_task_1b' build argument 'cmake_target_skip_unavailable' from command line to 'False'
[1.165s] Level 5:colcon.colcon_core.verb:set package 'hb_task_1b' build argument 'cmake_clean_cache' from command line to 'False'
[1.165s] Level 5:colcon.colcon_core.verb:set package 'hb_task_1b' build argument 'cmake_clean_first' from command line to 'False'
[1.165s] Level 5:colcon.colcon_core.verb:set package 'hb_task_1b' build argument 'cmake_force_configure' from command line to 'False'
[1.165s] Level 5:colcon.colcon_core.verb:set package 'hb_task_1b' build argument 'ament_cmake_args' from command line to 'None'
[1.165s] Level 5:colcon.colcon_core.verb:set package 'hb_task_1b' build argument 'catkin_cmake_args' from command line to 'None'
[1.165s] Level 5:colcon.colcon_core.verb:set package 'hb_task_1b' build argument 'catkin_skip_building_tests' from command line to 'False'
[1.165s] DEBUG:colcon.colcon_core.verb:Building package 'hb_task_1b' with the following arguments: {'ament_cmake_args': None, 'build_base': '/home/lokisilvres/eyrc_hb/hb_task1b_ws/src/build/hb_task_1b', 'catkin_cmake_args': None, 'catkin_skip_building_tests': False, 'cmake_args': None, 'cmake_clean_cache': False, 'cmake_clean_first': False, 'cmake_force_configure': False, 'cmake_target': None, 'cmake_target_skip_unavailable': False, 'install_base': '/home/lokisilvres/eyrc_hb/hb_task1b_ws/src/install/hb_task_1b', 'merge_install': False, 'path': '/home/lokisilvres/eyrc_hb/hb_task1b_ws/src/hb_task_1b', 'symlink_install': True, 'test_result_base': None}
[1.177s] Level 5:colcon.colcon_core.verb:set package 'my_robot_interfaces' build argument 'cmake_args' from command line to 'None'
[1.177s] Level 5:colcon.colcon_core.verb:set package 'my_robot_interfaces' build argument 'cmake_target' from command line to 'None'
[1.177s] Level 5:colcon.colcon_core.verb:set package 'my_robot_interfaces' build argument 'cmake_target_skip_unavailable' from command line to 'False'
[1.177s] Level 5:colcon.colcon_core.verb:set package 'my_robot_interfaces' build argument 'cmake_clean_cache' from command line to 'False'
[1.177s] Level 5:colcon.colcon_core.verb:set package 'my_robot_interfaces' build argument 'cmake_clean_first' from command line to 'False'
[1.177s] Level 5:colcon.colcon_core.verb:set package 'my_robot_interfaces' build argument 'cmake_force_configure' from command line to 'False'
[1.177s] Level 5:colcon.colcon_core.verb:set package 'my_robot_interfaces' build argument 'ament_cmake_args' from command line to 'None'
[1.177s] Level 5:colcon.colcon_core.verb:set package 'my_robot_interfaces' build argument 'catkin_cmake_args' from command line to 'None'
[1.177s] Level 5:colcon.colcon_core.verb:set package 'my_robot_interfaces' build argument 'catkin_skip_building_tests' from command line to 'False'
[1.177s] DEBUG:colcon.colcon_core.verb:Building package 'my_robot_interfaces' with the following arguments: {'ament_cmake_args': None, 'build_base': '/home/lokisilvres/eyrc_hb/hb_task1b_ws/src/build/my_robot_interfaces', 'catkin_cmake_args': None, 'catkin_skip_building_tests': False, 'cmake_args': None, 'cmake_clean_cache': False, 'cmake_clean_first': False, 'cmake_force_configure': False, 'cmake_target': None, 'cmake_target_skip_unavailable': False, 'install_base': '/home/lokisilvres/eyrc_hb/hb_task1b_ws/src/install/my_robot_interfaces', 'merge_install': False, 'path': '/home/lokisilvres/eyrc_hb/hb_task1b_ws/src/my_robot_interfaces', 'symlink_install': True, 'test_result_base': None}
[1.187s] INFO:colcon.colcon_core.executor:Executing jobs using 'parallel' executor
[1.198s] DEBUG:colcon.colcon_parallel_executor.executor.parallel:run_until_complete
[1.199s] INFO:colcon.colcon_ros.task.ament_python.build:Building ROS package in '/home/lokisilvres/eyrc_hb/hb_task1b_ws/src/hb_task_1b' with build type 'ament_python'
[1.199s] Level 1:colcon.colcon_core.shell:create_environment_hook('hb_task_1b', 'ament_prefix_path')
[1.214s] INFO:colcon.colcon_core.plugin_system:Skipping extension 'colcon_core.shell.bat': Not used on non-Windows systems
[1.214s] INFO:colcon.colcon_core.shell:Creating environment hook '/home/lokisilvres/eyrc_hb/hb_task1b_ws/src/install/hb_task_1b/share/hb_task_1b/hook/ament_prefix_path.ps1'
[1.215s] INFO:colcon.colcon_core.shell:Creating environment descriptor '/home/lokisilvres/eyrc_hb/hb_task1b_ws/src/install/hb_task_1b/share/hb_task_1b/hook/ament_prefix_path.dsv'
[1.215s] INFO:colcon.colcon_core.shell:Creating environment hook '/home/lokisilvres/eyrc_hb/hb_task1b_ws/src/install/hb_task_1b/share/hb_task_1b/hook/ament_prefix_path.sh'
[1.232s] INFO:colcon.colcon_core.shell:Skip shell extension 'powershell' for command environment: Not usable outside of PowerShell
[1.232s] DEBUG:colcon.colcon_core.shell:Skip shell extension 'dsv' for command environment
[1.274s] INFO:colcon.colcon_ros.task.ament_cmake.build:Building ROS package in '/home/lokisilvres/eyrc_hb/hb_task1b_ws/src/my_robot_interfaces' with build type 'ament_cmake'
[1.274s] INFO:colcon.colcon_cmake.task.cmake.build:Building CMake package in '/home/lokisilvres/eyrc_hb/hb_task1b_ws/src/my_robot_interfaces'
[1.289s] INFO:colcon.colcon_core.shell:Skip shell extension 'powershell' for command environment: Not usable outside of PowerShell
[1.290s] DEBUG:colcon.colcon_core.shell:Skip shell extension 'dsv' for command environment
[1.617s] INFO:colcon.colcon_core.task.python.build:Building Python package in '/home/lokisilvres/eyrc_hb/hb_task1b_ws/src/hb_task_1b'
[1.641s] INFO:colcon.colcon_core.shell:Skip shell extension 'powershell' for command environment: Not usable outside of PowerShell
[1.641s] DEBUG:colcon.colcon_core.shell:Skip shell extension 'dsv' for command environment
[1.708s] DEBUG:colcon.colcon_core.event_handler.log_command:Invoking command in '/home/lokisilvres/eyrc_hb/hb_task1b_ws/src/build/my_robot_interfaces': CMAKE_PREFIX_PATH=${CMAKE_PREFIX_PATH}:/home/lokisilvres/eyrc_hb/hb_task1b_ws/src/install/hb_task_1b:/opt/ros/humble /usr/bin/cmake --build /home/lokisilvres/eyrc_hb/hb_task1b_ws/src/build/my_robot_interfaces -- -j12 -l12
[2.147s] DEBUG:colcon.colcon_core.event_handler.log_command:Invoked command in '/home/lokisilvres/eyrc_hb/hb_task1b_ws/src/build/my_robot_interfaces' returned '0': CMAKE_PREFIX_PATH=${CMAKE_PREFIX_PATH}:/home/lokisilvres/eyrc_hb/hb_task1b_ws/src/install/hb_task_1b:/opt/ros/humble /usr/bin/cmake --build /home/lokisilvres/eyrc_hb/hb_task1b_ws/src/build/my_robot_interfaces -- -j12 -l12
[2.207s] DEBUG:colcon.colcon_core.event_handler.log_command:Invoking command in '/home/lokisilvres/eyrc_hb/hb_task1b_ws/src/build/my_robot_interfaces': CMAKE_PREFIX_PATH=${CMAKE_PREFIX_PATH}:/home/lokisilvres/eyrc_hb/hb_task1b_ws/src/install/hb_task_1b:/opt/ros/humble /usr/bin/cmake --install /home/lokisilvres/eyrc_hb/hb_task1b_ws/src/build/my_robot_interfaces
[2.233s] DEBUG:colcon.colcon_core.event_handler.log_command:Invoking command in '/home/lokisilvres/eyrc_hb/hb_task1b_ws/src/build/hb_task_1b': PYTHONPATH=/home/lokisilvres/eyrc_hb/hb_task1b_ws/src/build/hb_task_1b/prefix_override:/home/lokisilvres/eyrc_hb/hb_task1b_ws/src/install/hb_task_1b/lib/python3.10/site-packages:${PYTHONPATH} /usr/bin/python3 setup.py develop --editable --build-directory /home/lokisilvres/eyrc_hb/hb_task1b_ws/src/build/hb_task_1b/build --no-deps install_data
[2.289s] Level 1:colcon.colcon_core.environment:create_environment_scripts_only(my_robot_interfaces)
[2.290s] DEBUG:colcon.colcon_core.event_handler.log_command:Invoked command in '/home/lokisilvres/eyrc_hb/hb_task1b_ws/src/build/my_robot_interfaces' returned '0': CMAKE_PREFIX_PATH=${CMAKE_PREFIX_PATH}:/home/lokisilvres/eyrc_hb/hb_task1b_ws/src/install/hb_task_1b:/opt/ros/humble /usr/bin/cmake --install /home/lokisilvres/eyrc_hb/hb_task1b_ws/src/build/my_robot_interfaces
[2.313s] Level 1:colcon.colcon_core.environment:checking '/home/lokisilvres/eyrc_hb/hb_task1b_ws/src/install/my_robot_interfaces' for CMake module files
[2.314s] Level 1:colcon.colcon_core.environment:checking '/home/lokisilvres/eyrc_hb/hb_task1b_ws/src/install/my_robot_interfaces' for CMake config files
[2.314s] Level 1:colcon.colcon_core.shell:create_environment_hook('my_robot_interfaces', 'cmake_prefix_path')
[2.333s] INFO:colcon.colcon_core.shell:Creating environment hook '/home/lokisilvres/eyrc_hb/hb_task1b_ws/src/install/my_robot_interfaces/share/my_robot_interfaces/hook/cmake_prefix_path.ps1'
[2.333s] INFO:colcon.colcon_core.shell:Creating environment descriptor '/home/lokisilvres/eyrc_hb/hb_task1b_ws/src/install/my_robot_interfaces/share/my_robot_interfaces/hook/cmake_prefix_path.dsv'
[2.334s] INFO:colcon.colcon_core.shell:Creating environment hook '/home/lokisilvres/eyrc_hb/hb_task1b_ws/src/install/my_robot_interfaces/share/my_robot_interfaces/hook/cmake_prefix_path.sh'
[2.335s] Level 1:colcon.colcon_core.environment:checking '/home/lokisilvres/eyrc_hb/hb_task1b_ws/src/install/my_robot_interfaces/lib'
[2.335s] Level 1:colcon.colcon_core.shell:create_environment_hook('my_robot_interfaces', 'ld_library_path_lib')
[2.349s] INFO:colcon.colcon_core.shell:Creating environment hook '/home/lokisilvres/eyrc_hb/hb_task1b_ws/src/install/my_robot_interfaces/share/my_robot_interfaces/hook/ld_library_path_lib.ps1'
[2.350s] INFO:colcon.colcon_core.shell:Creating environment descriptor '/home/lokisilvres/eyrc_hb/hb_task1b_ws/src/install/my_robot_interfaces/share/my_robot_interfaces/hook/ld_library_path_lib.dsv'
[2.350s] INFO:colcon.colcon_core.shell:Creating environment hook '/home/lokisilvres/eyrc_hb/hb_task1b_ws/src/install/my_robot_interfaces/share/my_robot_interfaces/hook/ld_library_path_lib.sh'
[2.350s] Level 1:colcon.colcon_core.environment:checking '/home/lokisilvres/eyrc_hb/hb_task1b_ws/src/install/my_robot_interfaces/bin'
[2.351s] Level 1:colcon.colcon_core.environment:checking '/home/lokisilvres/eyrc_hb/hb_task1b_ws/src/install/my_robot_interfaces/lib/pkgconfig/my_robot_interfaces.pc'
[2.351s] Level 1:colcon.colcon_core.environment:checking '/home/lokisilvres/eyrc_hb/hb_task1b_ws/src/install/my_robot_interfaces/lib/python3.10/site-packages'
[2.351s] Level 1:colcon.colcon_core.environment:checking '/home/lokisilvres/eyrc_hb/hb_task1b_ws/src/install/my_robot_interfaces/bin'
[2.366s] INFO:colcon.colcon_core.shell:Creating package script '/home/lokisilvres/eyrc_hb/hb_task1b_ws/src/install/my_robot_interfaces/share/my_robot_interfaces/package.ps1'
[2.367s] INFO:colcon.colcon_core.shell:Creating package descriptor '/home/lokisilvres/eyrc_hb/hb_task1b_ws/src/install/my_robot_interfaces/share/my_robot_interfaces/package.dsv'
[2.368s] INFO:colcon.colcon_core.shell:Creating package script '/home/lokisilvres/eyrc_hb/hb_task1b_ws/src/install/my_robot_interfaces/share/my_robot_interfaces/package.sh'
[2.369s] INFO:colcon.colcon_core.shell:Creating package script '/home/lokisilvres/eyrc_hb/hb_task1b_ws/src/install/my_robot_interfaces/share/my_robot_interfaces/package.bash'
[2.370s] INFO:colcon.colcon_core.shell:Creating package script '/home/lokisilvres/eyrc_hb/hb_task1b_ws/src/install/my_robot_interfaces/share/my_robot_interfaces/package.zsh'
[2.371s] Level 1:colcon.colcon_core.environment:create_file_with_runtime_dependencies(/home/lokisilvres/eyrc_hb/hb_task1b_ws/src/install/my_robot_interfaces/share/colcon-core/packages/my_robot_interfaces)
[2.451s] Level 1:colcon.colcon_core.environment:create_environment_scripts_only(my_robot_interfaces)
[2.475s] Level 1:colcon.colcon_core.environment:checking '/home/lokisilvres/eyrc_hb/hb_task1b_ws/src/install/my_robot_interfaces' for CMake module files
[2.476s] Level 1:colcon.colcon_core.environment:checking '/home/lokisilvres/eyrc_hb/hb_task1b_ws/src/install/my_robot_interfaces' for CMake config files
[2.476s] Level 1:colcon.colcon_core.shell:create_environment_hook('my_robot_interfaces', 'cmake_prefix_path')
[2.490s] INFO:colcon.colcon_core.shell:Creating environment hook '/home/lokisilvres/eyrc_hb/hb_task1b_ws/src/install/my_robot_interfaces/share/my_robot_interfaces/hook/cmake_prefix_path.ps1'
[2.491s] INFO:colcon.colcon_core.shell:Creating environment descriptor '/home/lokisilvres/eyrc_hb/hb_task1b_ws/src/install/my_robot_interfaces/share/my_robot_interfaces/hook/cmake_prefix_path.dsv'
[2.491s] INFO:colcon.colcon_core.shell:Creating environment hook '/home/lokisilvres/eyrc_hb/hb_task1b_ws/src/install/my_robot_interfaces/share/my_robot_interfaces/hook/cmake_prefix_path.sh'
[2.491s] Level 1:colcon.colcon_core.environment:checking '/home/lokisilvres/eyrc_hb/hb_task1b_ws/src/install/my_robot_interfaces/lib'
[2.491s] Level 1:colcon.colcon_core.shell:create_environment_hook('my_robot_interfaces', 'ld_library_path_lib')
[2.506s] INFO:colcon.colcon_core.shell:Creating environment hook '/home/lokisilvres/eyrc_hb/hb_task1b_ws/src/install/my_robot_interfaces/share/my_robot_interfaces/hook/ld_library_path_lib.ps1'
[2.506s] INFO:colcon.colcon_core.shell:Creating environment descriptor '/home/lokisilvres/eyrc_hb/hb_task1b_ws/src/install/my_robot_interfaces/share/my_robot_interfaces/hook/ld_library_path_lib.dsv'
[2.506s] INFO:colcon.colcon_core.shell:Creating environment hook '/home/lokisilvres/eyrc_hb/hb_task1b_ws/src/install/my_robot_interfaces/share/my_robot_interfaces/hook/ld_library_path_lib.sh'
[2.507s] Level 1:colcon.colcon_core.environment:checking '/home/lokisilvres/eyrc_hb/hb_task1b_ws/src/install/my_robot_interfaces/bin'
[2.507s] Level 1:colcon.colcon_core.environment:checking '/home/lokisilvres/eyrc_hb/hb_task1b_ws/src/install/my_robot_interfaces/lib/pkgconfig/my_robot_interfaces.pc'
[2.507s] Level 1:colcon.colcon_core.environment:checking '/home/lokisilvres/eyrc_hb/hb_task1b_ws/src/install/my_robot_interfaces/lib/python3.10/site-packages'
[2.507s] Level 1:colcon.colcon_core.environment:checking '/home/lokisilvres/eyrc_hb/hb_task1b_ws/src/install/my_robot_interfaces/bin'
[2.521s] INFO:colcon.colcon_core.shell:Creating package script '/home/lokisilvres/eyrc_hb/hb_task1b_ws/src/install/my_robot_interfaces/share/my_robot_interfaces/package.ps1'
[2.522s] INFO:colcon.colcon_core.shell:Creating package descriptor '/home/lokisilvres/eyrc_hb/hb_task1b_ws/src/install/my_robot_interfaces/share/my_robot_interfaces/package.dsv'
[2.522s] INFO:colcon.colcon_core.shell:Creating package script '/home/lokisilvres/eyrc_hb/hb_task1b_ws/src/install/my_robot_interfaces/share/my_robot_interfaces/package.sh'
[2.522s] INFO:colcon.colcon_core.shell:Creating package script '/home/lokisilvres/eyrc_hb/hb_task1b_ws/src/install/my_robot_interfaces/share/my_robot_interfaces/package.bash'
[2.523s] INFO:colcon.colcon_core.shell:Creating package script '/home/lokisilvres/eyrc_hb/hb_task1b_ws/src/install/my_robot_interfaces/share/my_robot_interfaces/package.zsh'
[2.523s] Level 1:colcon.colcon_core.environment:create_file_with_runtime_dependencies(/home/lokisilvres/eyrc_hb/hb_task1b_ws/src/install/my_robot_interfaces/share/colcon-core/packages/my_robot_interfaces)
[2.803s] Level 1:colcon.colcon_core.shell:create_environment_hook('hb_task_1b', 'pythonpath_develop')
[2.804s] DEBUG:colcon.colcon_core.event_handler.log_command:Invoked command in '/home/lokisilvres/eyrc_hb/hb_task1b_ws/src/build/hb_task_1b' returned '0': PYTHONPATH=/home/lokisilvres/eyrc_hb/hb_task1b_ws/src/build/hb_task_1b/prefix_override:/home/lokisilvres/eyrc_hb/hb_task1b_ws/src/install/hb_task_1b/lib/python3.10/site-packages:${PYTHONPATH} /usr/bin/python3 setup.py develop --editable --build-directory /home/lokisilvres/eyrc_hb/hb_task1b_ws/src/build/hb_task_1b/build --no-deps install_data
[2.816s] INFO:colcon.colcon_core.shell:Creating environment hook '/home/lokisilvres/eyrc_hb/hb_task1b_ws/src/build/hb_task_1b/share/hb_task_1b/hook/pythonpath_develop.ps1'
[2.816s] INFO:colcon.colcon_core.shell:Creating environment descriptor '/home/lokisilvres/eyrc_hb/hb_task1b_ws/src/build/hb_task_1b/share/hb_task_1b/hook/pythonpath_develop.dsv'
[2.816s] INFO:colcon.colcon_core.shell:Creating environment hook '/home/lokisilvres/eyrc_hb/hb_task1b_ws/src/build/hb_task_1b/share/hb_task_1b/hook/pythonpath_develop.sh'
[2.829s] Level 1:colcon.colcon_core.environment:checking '/home/lokisilvres/eyrc_hb/hb_task1b_ws/src/install/hb_task_1b' for CMake module files
[2.830s] Level 1:colcon.colcon_core.environment:checking '/home/lokisilvres/eyrc_hb/hb_task1b_ws/src/install/hb_task_1b' for CMake config files
[2.830s] Level 1:colcon.colcon_core.environment:checking '/home/lokisilvres/eyrc_hb/hb_task1b_ws/src/install/hb_task_1b/lib'
[2.830s] Level 1:colcon.colcon_core.environment:checking '/home/lokisilvres/eyrc_hb/hb_task1b_ws/src/install/hb_task_1b/bin'
[2.830s] Level 1:colcon.colcon_core.environment:checking '/home/lokisilvres/eyrc_hb/hb_task1b_ws/src/install/hb_task_1b/lib/pkgconfig/hb_task_1b.pc'
[2.830s] Level 1:colcon.colcon_core.environment:checking '/home/lokisilvres/eyrc_hb/hb_task1b_ws/src/install/hb_task_1b/lib/python3.10/site-packages'
[2.831s] Level 1:colcon.colcon_core.shell:create_environment_hook('hb_task_1b', 'pythonpath')
[2.844s] INFO:colcon.colcon_core.shell:Creating environment hook '/home/lokisilvres/eyrc_hb/hb_task1b_ws/src/install/hb_task_1b/share/hb_task_1b/hook/pythonpath.ps1'
[2.845s] INFO:colcon.colcon_core.shell:Creating environment descriptor '/home/lokisilvres/eyrc_hb/hb_task1b_ws/src/install/hb_task_1b/share/hb_task_1b/hook/pythonpath.dsv'
[2.845s] INFO:colcon.colcon_core.shell:Creating environment hook '/home/lokisilvres/eyrc_hb/hb_task1b_ws/src/install/hb_task_1b/share/hb_task_1b/hook/pythonpath.sh'
[2.845s] Level 1:colcon.colcon_core.environment:checking '/home/lokisilvres/eyrc_hb/hb_task1b_ws/src/install/hb_task_1b/bin'
[2.845s] Level 1:colcon.colcon_core.environment:create_environment_scripts_only(hb_task_1b)
[2.858s] INFO:colcon.colcon_core.shell:Creating package script '/home/lokisilvres/eyrc_hb/hb_task1b_ws/src/install/hb_task_1b/share/hb_task_1b/package.ps1'
[2.859s] INFO:colcon.colcon_core.shell:Creating package descriptor '/home/lokisilvres/eyrc_hb/hb_task1b_ws/src/install/hb_task_1b/share/hb_task_1b/package.dsv'
[2.859s] INFO:colcon.colcon_core.shell:Creating package script '/home/lokisilvres/eyrc_hb/hb_task1b_ws/src/install/hb_task_1b/share/hb_task_1b/package.sh'
[2.860s] INFO:colcon.colcon_core.shell:Creating package script '/home/lokisilvres/eyrc_hb/hb_task1b_ws/src/install/hb_task_1b/share/hb_task_1b/package.bash'
[2.860s] INFO:colcon.colcon_core.shell:Creating package script '/home/lokisilvres/eyrc_hb/hb_task1b_ws/src/install/hb_task_1b/share/hb_task_1b/package.zsh'
[2.860s] Level 1:colcon.colcon_core.environment:create_file_with_runtime_dependencies(/home/lokisilvres/eyrc_hb/hb_task1b_ws/src/install/hb_task_1b/share/colcon-core/packages/hb_task_1b)
[2.860s] DEBUG:colcon.colcon_parallel_executor.executor.parallel:closing loop
[2.861s] DEBUG:colcon.colcon_parallel_executor.executor.parallel:loop closed
[2.861s] DEBUG:colcon.colcon_parallel_executor.executor.parallel:run_until_complete finished with '0'
[2.861s] DEBUG:colcon.colcon_core.event_reactor:joining thread
[2.882s] INFO:colcon.colcon_core.plugin_system:Skipping extension 'colcon_notification.desktop_notification.terminal_notifier': Not used on non-Darwin systems
[2.882s] INFO:colcon.colcon_core.plugin_system:Skipping extension 'colcon_notification.desktop_notification.win32': Not used on non-Windows systems
[2.882s] INFO:colcon.colcon_notification.desktop_notification:Sending desktop notification using 'notify2'
[2.910s] DEBUG:colcon.colcon_core.event_reactor:joined thread
[2.927s] INFO:colcon.colcon_core.shell:Creating prefix script '/home/lokisilvres/eyrc_hb/hb_task1b_ws/src/install/local_setup.ps1'
[2.928s] INFO:colcon.colcon_core.shell:Creating prefix util module '/home/lokisilvres/eyrc_hb/hb_task1b_ws/src/install/_local_setup_util_ps1.py'
[2.929s] INFO:colcon.colcon_core.shell:Creating prefix chain script '/home/lokisilvres/eyrc_hb/hb_task1b_ws/src/install/setup.ps1'
[2.946s] INFO:colcon.colcon_core.shell:Creating prefix script '/home/lokisilvres/eyrc_hb/hb_task1b_ws/src/install/local_setup.sh'
[2.947s] INFO:colcon.colcon_core.shell:Creating prefix util module '/home/lokisilvres/eyrc_hb/hb_task1b_ws/src/install/_local_setup_util_sh.py'
[2.947s] INFO:colcon.colcon_core.shell:Creating prefix chain script '/home/lokisilvres/eyrc_hb/hb_task1b_ws/src/install/setup.sh'
[2.962s] INFO:colcon.colcon_core.shell:Creating prefix script '/home/lokisilvres/eyrc_hb/hb_task1b_ws/src/install/local_setup.bash'
[2.963s] INFO:colcon.colcon_core.shell:Creating prefix chain script '/home/lokisilvres/eyrc_hb/hb_task1b_ws/src/install/setup.bash'
[2.980s] INFO:colcon.colcon_core.shell:Creating prefix script '/home/lokisilvres/eyrc_hb/hb_task1b_ws/src/install/local_setup.zsh'
[2.981s] INFO:colcon.colcon_core.shell:Creating prefix chain script '/home/lokisilvres/eyrc_hb/hb_task1b_ws/src/install/setup.zsh'
