[0.512s] Invoking command in '/home/lokisilvres/eyrc_hb/hb_task1b_ws/src/build/my_robot_interfaces': CMAKE_PREFIX_PATH=${CMAKE_PREFIX_PATH}:/home/lokisilvres/eyrc_hb/hb_task1b_ws/src/install/hb_task_1b:/opt/ros/humble /usr/bin/cmake --build /home/lokisilvres/eyrc_hb/hb_task1b_ws/src/build/my_robot_interfaces -- -j12 -l12
[0.585s] [  3%] Built target my_robot_interfaces__cpp
[0.594s] [ 12%] Built target my_robot_interfaces__rosidl_generator_c
[0.607s] [ 12%] Built target ament_cmake_python_symlink_my_robot_interfaces
[0.618s] [ 22%] Built target my_robot_interfaces__rosidl_typesupport_fastrtps_cpp
[0.625s] [ 41%] Built target my_robot_interfaces__rosidl_typesupport_introspection_cpp
[0.625s] [ 41%] Built target my_robot_interfaces__rosidl_typesupport_cpp
[0.630s] [ 51%] Built target my_robot_interfaces__rosidl_typesupport_c
[0.631s] [ 61%] Built target my_robot_interfaces__rosidl_typesupport_introspection_c
[0.633s] [ 70%] Built target my_robot_interfaces__rosidl_typesupport_fastrtps_c
[0.664s] [ 70%] Built target my_robot_interfaces
[0.693s] [ 74%] Built target my_robot_interfaces__py
[0.725s] [ 80%] Built target my_robot_interfaces__rosidl_generator_py
[0.760s] [100%] Built target my_robot_interfaces__rosidl_typesupport_fastrtps_c__pyext
[0.760s] [100%] Built target my_robot_interfaces__rosidl_typesupport_introspection_c__pyext
[0.760s] [100%] Built target my_robot_interfaces__rosidl_typesupport_c__pyext
[0.964s] running egg_info
[0.965s] writing my_robot_interfaces.egg-info/PKG-INFO
[0.965s] writing dependency_links to my_robot_interfaces.egg-info/dependency_links.txt
[0.966s] writing top-level names to my_robot_interfaces.egg-info/top_level.txt
[0.969s] reading manifest file 'my_robot_interfaces.egg-info/SOURCES.txt'
[0.970s] writing manifest file 'my_robot_interfaces.egg-info/SOURCES.txt'
[1.005s] [100%] Built target ament_cmake_python_build_my_robot_interfaces_egg
[1.018s] Invoked command in '/home/lokisilvres/eyrc_hb/hb_task1b_ws/src/build/my_robot_interfaces' returned '0': CMAKE_PREFIX_PATH=${CMAKE_PREFIX_PATH}:/home/lokisilvres/eyrc_hb/hb_task1b_ws/src/install/hb_task_1b:/opt/ros/humble /usr/bin/cmake --build /home/lokisilvres/eyrc_hb/hb_task1b_ws/src/build/my_robot_interfaces -- -j12 -l12
[1.088s] Invoking command in '/home/lokisilvres/eyrc_hb/hb_task1b_ws/src/build/my_robot_interfaces': CMAKE_PREFIX_PATH=${CMAKE_PREFIX_PATH}:/home/lokisilvres/eyrc_hb/hb_task1b_ws/src/install/hb_task_1b:/opt/ros/humble /usr/bin/cmake --install /home/lokisilvres/eyrc_hb/hb_task1b_ws/src/build/my_robot_interfaces
[1.099s] -- Install configuration: ""
[1.100s] -- Execute custom install script
[1.101s] -- Up-to-date symlink: /home/lokisilvres/eyrc_hb/hb_task1b_ws/src/install/my_robot_interfaces/share/ament_index/resource_index/rosidl_interfaces/my_robot_interfaces
[1.102s] -- Up-to-date symlink: /home/lokisilvres/eyrc_hb/hb_task1b_ws/src/install/my_robot_interfaces/include/my_robot_interfaces/my_robot_interfaces/msg/rosidl_generator_c__visibility_control.h
[1.103s] -- Up-to-date symlink: /home/lokisilvres/eyrc_hb/hb_task1b_ws/src/install/my_robot_interfaces/include/my_robot_interfaces/my_robot_interfaces/srv/detail/next_goal__functions.h
[1.103s] -- Up-to-date symlink: /home/lokisilvres/eyrc_hb/hb_task1b_ws/src/install/my_robot_interfaces/include/my_robot_interfaces/my_robot_interfaces/srv/detail/next_goal__struct.h
[1.103s] -- Up-to-date symlink: /home/lokisilvres/eyrc_hb/hb_task1b_ws/src/install/my_robot_interfaces/include/my_robot_interfaces/my_robot_interfaces/srv/detail/next_goal__type_support.h
[1.103s] -- Up-to-date symlink: /home/lokisilvres/eyrc_hb/hb_task1b_ws/src/install/my_robot_interfaces/include/my_robot_interfaces/my_robot_interfaces/srv/next_goal.h
[1.103s] -- Up-to-date symlink: /home/lokisilvres/eyrc_hb/hb_task1b_ws/src/install/my_robot_interfaces/share/my_robot_interfaces/environment/library_path.sh
[1.104s] -- Up-to-date symlink: /home/lokisilvres/eyrc_hb/hb_task1b_ws/src/install/my_robot_interfaces/share/my_robot_interfaces/environment/library_path.dsv
[1.104s] -- Up-to-date symlink: /home/lokisilvres/eyrc_hb/hb_task1b_ws/src/install/my_robot_interfaces/include/my_robot_interfaces/my_robot_interfaces/msg/rosidl_typesupport_fastrtps_c__visibility_control.h
[1.104s] -- Up-to-date symlink: /home/lokisilvres/eyrc_hb/hb_task1b_ws/src/install/my_robot_interfaces/include/my_robot_interfaces/my_robot_interfaces/srv/detail/next_goal__rosidl_typesupport_fastrtps_c.h
[1.105s] -- Up-to-date symlink: /home/lokisilvres/eyrc_hb/hb_task1b_ws/src/install/my_robot_interfaces/include/my_robot_interfaces/my_robot_interfaces/msg/rosidl_typesupport_introspection_c__visibility_control.h
[1.105s] -- Up-to-date symlink: /home/lokisilvres/eyrc_hb/hb_task1b_ws/src/install/my_robot_interfaces/include/my_robot_interfaces/my_robot_interfaces/srv/detail/next_goal__rosidl_typesupport_introspection_c.h
[1.106s] -- Up-to-date symlink: /home/lokisilvres/eyrc_hb/hb_task1b_ws/src/install/my_robot_interfaces/include/my_robot_interfaces/my_robot_interfaces/srv/detail/next_goal__builder.hpp
[1.106s] -- Up-to-date symlink: /home/lokisilvres/eyrc_hb/hb_task1b_ws/src/install/my_robot_interfaces/include/my_robot_interfaces/my_robot_interfaces/srv/detail/next_goal__struct.hpp
[1.106s] -- Up-to-date symlink: /home/lokisilvres/eyrc_hb/hb_task1b_ws/src/install/my_robot_interfaces/include/my_robot_interfaces/my_robot_interfaces/srv/detail/next_goal__traits.hpp
[1.106s] -- Up-to-date symlink: /home/lokisilvres/eyrc_hb/hb_task1b_ws/src/install/my_robot_interfaces/include/my_robot_interfaces/my_robot_interfaces/srv/next_goal.hpp
[1.107s] -- Up-to-date symlink: /home/lokisilvres/eyrc_hb/hb_task1b_ws/src/install/my_robot_interfaces/include/my_robot_interfaces/my_robot_interfaces/msg/rosidl_typesupport_fastrtps_cpp__visibility_control.h
[1.107s] -- Up-to-date symlink: /home/lokisilvres/eyrc_hb/hb_task1b_ws/src/install/my_robot_interfaces/include/my_robot_interfaces/my_robot_interfaces/srv/detail/next_goal__rosidl_typesupport_fastrtps_cpp.hpp
[1.107s] -- Up-to-date symlink: /home/lokisilvres/eyrc_hb/hb_task1b_ws/src/install/my_robot_interfaces/include/my_robot_interfaces/my_robot_interfaces/srv/detail/next_goal__rosidl_typesupport_introspection_cpp.hpp
[1.108s] -- Up-to-date symlink: /home/lokisilvres/eyrc_hb/hb_task1b_ws/src/install/my_robot_interfaces/share/my_robot_interfaces/environment/pythonpath.sh
[1.108s] -- Up-to-date symlink: /home/lokisilvres/eyrc_hb/hb_task1b_ws/src/install/my_robot_interfaces/share/my_robot_interfaces/environment/pythonpath.dsv
[1.108s] -- Up-to-date symlink: /home/lokisilvres/eyrc_hb/hb_task1b_ws/src/install/my_robot_interfaces/local/lib/python3.10/dist-packages/my_robot_interfaces-0.0.0-py3.10.egg-info/PKG-INFO
[1.108s] -- Up-to-date symlink: /home/lokisilvres/eyrc_hb/hb_task1b_ws/src/install/my_robot_interfaces/local/lib/python3.10/dist-packages/my_robot_interfaces-0.0.0-py3.10.egg-info/SOURCES.txt
[1.108s] -- Up-to-date symlink: /home/lokisilvres/eyrc_hb/hb_task1b_ws/src/install/my_robot_interfaces/local/lib/python3.10/dist-packages/my_robot_interfaces-0.0.0-py3.10.egg-info/dependency_links.txt
[1.109s] -- Up-to-date symlink: /home/lokisilvres/eyrc_hb/hb_task1b_ws/src/install/my_robot_interfaces/local/lib/python3.10/dist-packages/my_robot_interfaces-0.0.0-py3.10.egg-info/top_level.txt
[1.109s] -- Up-to-date symlink: /home/lokisilvres/eyrc_hb/hb_task1b_ws/src/install/my_robot_interfaces/local/lib/python3.10/dist-packages/my_robot_interfaces/__init__.py
[1.109s] -- Up-to-date symlink: /home/lokisilvres/eyrc_hb/hb_task1b_ws/src/install/my_robot_interfaces/local/lib/python3.10/dist-packages/my_robot_interfaces/_my_robot_interfaces_s.ep.rosidl_typesupport_c.c
[1.110s] -- Up-to-date symlink: /home/lokisilvres/eyrc_hb/hb_task1b_ws/src/install/my_robot_interfaces/local/lib/python3.10/dist-packages/my_robot_interfaces/_my_robot_interfaces_s.ep.rosidl_typesupport_fastrtps_c.c
[1.110s] -- Up-to-date symlink: /home/lokisilvres/eyrc_hb/hb_task1b_ws/src/install/my_robot_interfaces/local/lib/python3.10/dist-packages/my_robot_interfaces/_my_robot_interfaces_s.ep.rosidl_typesupport_introspection_c.c
[1.110s] -- Up-to-date symlink: /home/lokisilvres/eyrc_hb/hb_task1b_ws/src/install/my_robot_interfaces/local/lib/python3.10/dist-packages/my_robot_interfaces/libmy_robot_interfaces__rosidl_generator_py.so
[1.110s] -- Up-to-date symlink: /home/lokisilvres/eyrc_hb/hb_task1b_ws/src/install/my_robot_interfaces/local/lib/python3.10/dist-packages/my_robot_interfaces/my_robot_interfaces_s__rosidl_typesupport_c.cpython-310-x86_64-linux-gnu.so
[1.110s] -- Up-to-date symlink: /home/lokisilvres/eyrc_hb/hb_task1b_ws/src/install/my_robot_interfaces/local/lib/python3.10/dist-packages/my_robot_interfaces/my_robot_interfaces_s__rosidl_typesupport_fastrtps_c.cpython-310-x86_64-linux-gnu.so
[1.110s] -- Up-to-date symlink: /home/lokisilvres/eyrc_hb/hb_task1b_ws/src/install/my_robot_interfaces/local/lib/python3.10/dist-packages/my_robot_interfaces/my_robot_interfaces_s__rosidl_typesupport_introspection_c.cpython-310-x86_64-linux-gnu.so
[1.110s] -- Up-to-date symlink: /home/lokisilvres/eyrc_hb/hb_task1b_ws/src/install/my_robot_interfaces/local/lib/python3.10/dist-packages/my_robot_interfaces/srv/__init__.py
[1.110s] -- Up-to-date symlink: /home/lokisilvres/eyrc_hb/hb_task1b_ws/src/install/my_robot_interfaces/local/lib/python3.10/dist-packages/my_robot_interfaces/srv/_next_goal.py
[1.111s] -- Up-to-date symlink: /home/lokisilvres/eyrc_hb/hb_task1b_ws/src/install/my_robot_interfaces/local/lib/python3.10/dist-packages/my_robot_interfaces/srv/_next_goal_s.c
[1.111s] -- Up-to-date symlink: /home/lokisilvres/eyrc_hb/hb_task1b_ws/src/install/my_robot_interfaces/local/lib/python3.10/dist-packages/my_robot_interfaces/my_robot_interfaces_s__rosidl_typesupport_fastrtps_c.cpython-310-x86_64-linux-gnu.so
[1.111s] -- Up-to-date symlink: /home/lokisilvres/eyrc_hb/hb_task1b_ws/src/install/my_robot_interfaces/local/lib/python3.10/dist-packages/my_robot_interfaces/my_robot_interfaces_s__rosidl_typesupport_introspection_c.cpython-310-x86_64-linux-gnu.so
[1.111s] -- Up-to-date symlink: /home/lokisilvres/eyrc_hb/hb_task1b_ws/src/install/my_robot_interfaces/local/lib/python3.10/dist-packages/my_robot_interfaces/my_robot_interfaces_s__rosidl_typesupport_c.cpython-310-x86_64-linux-gnu.so
[1.111s] -- Up-to-date symlink: /home/lokisilvres/eyrc_hb/hb_task1b_ws/src/install/my_robot_interfaces/share/my_robot_interfaces/srv/NextGoal.idl
[1.111s] -- Up-to-date symlink: /home/lokisilvres/eyrc_hb/hb_task1b_ws/src/install/my_robot_interfaces/share/my_robot_interfaces/srv/NextGoal.srv
[1.112s] -- Up-to-date symlink: /home/lokisilvres/eyrc_hb/hb_task1b_ws/src/install/my_robot_interfaces/share/my_robot_interfaces/srv/NextGoal_Request.msg
[1.112s] -- Up-to-date symlink: /home/lokisilvres/eyrc_hb/hb_task1b_ws/src/install/my_robot_interfaces/share/my_robot_interfaces/srv/NextGoal_Response.msg
[1.112s] -- Up-to-date symlink: /home/lokisilvres/eyrc_hb/hb_task1b_ws/src/install/my_robot_interfaces/share/ament_index/resource_index/package_run_dependencies/my_robot_interfaces
[1.112s] -- Up-to-date symlink: /home/lokisilvres/eyrc_hb/hb_task1b_ws/src/install/my_robot_interfaces/share/ament_index/resource_index/parent_prefix_path/my_robot_interfaces
[1.113s] -- Up-to-date symlink: /home/lokisilvres/eyrc_hb/hb_task1b_ws/src/install/my_robot_interfaces/share/my_robot_interfaces/environment/ament_prefix_path.sh
[1.113s] -- Up-to-date symlink: /home/lokisilvres/eyrc_hb/hb_task1b_ws/src/install/my_robot_interfaces/share/my_robot_interfaces/environment/ament_prefix_path.dsv
[1.113s] -- Up-to-date symlink: /home/lokisilvres/eyrc_hb/hb_task1b_ws/src/install/my_robot_interfaces/share/my_robot_interfaces/environment/path.sh
[1.113s] -- Up-to-date symlink: /home/lokisilvres/eyrc_hb/hb_task1b_ws/src/install/my_robot_interfaces/share/my_robot_interfaces/environment/path.dsv
[1.114s] -- Up-to-date symlink: /home/lokisilvres/eyrc_hb/hb_task1b_ws/src/install/my_robot_interfaces/share/my_robot_interfaces/local_setup.bash
[1.114s] -- Up-to-date symlink: /home/lokisilvres/eyrc_hb/hb_task1b_ws/src/install/my_robot_interfaces/share/my_robot_interfaces/local_setup.sh
[1.114s] -- Up-to-date symlink: /home/lokisilvres/eyrc_hb/hb_task1b_ws/src/install/my_robot_interfaces/share/my_robot_interfaces/local_setup.zsh
[1.114s] -- Up-to-date symlink: /home/lokisilvres/eyrc_hb/hb_task1b_ws/src/install/my_robot_interfaces/share/my_robot_interfaces/local_setup.dsv
[1.114s] -- Symlinking: /home/lokisilvres/eyrc_hb/hb_task1b_ws/src/install/my_robot_interfaces/share/my_robot_interfaces/package.dsv
[1.127s] -- Up-to-date symlink: /home/lokisilvres/eyrc_hb/hb_task1b_ws/src/install/my_robot_interfaces/share/ament_index/resource_index/packages/my_robot_interfaces
[1.127s] -- Up-to-date symlink: /home/lokisilvres/eyrc_hb/hb_task1b_ws/src/install/my_robot_interfaces/share/my_robot_interfaces/cmake/rosidl_cmake-extras.cmake
[1.128s] -- Up-to-date symlink: /home/lokisilvres/eyrc_hb/hb_task1b_ws/src/install/my_robot_interfaces/share/my_robot_interfaces/cmake/ament_cmake_export_include_directories-extras.cmake
[1.128s] -- Up-to-date symlink: /home/lokisilvres/eyrc_hb/hb_task1b_ws/src/install/my_robot_interfaces/share/my_robot_interfaces/cmake/ament_cmake_export_libraries-extras.cmake
[1.128s] -- Up-to-date symlink: /home/lokisilvres/eyrc_hb/hb_task1b_ws/src/install/my_robot_interfaces/share/my_robot_interfaces/cmake/ament_cmake_export_targets-extras.cmake
[1.128s] -- Up-to-date symlink: /home/lokisilvres/eyrc_hb/hb_task1b_ws/src/install/my_robot_interfaces/share/my_robot_interfaces/cmake/rosidl_cmake_export_typesupport_targets-extras.cmake
[1.128s] -- Up-to-date symlink: /home/lokisilvres/eyrc_hb/hb_task1b_ws/src/install/my_robot_interfaces/share/my_robot_interfaces/cmake/ament_cmake_export_dependencies-extras.cmake
[1.128s] -- Up-to-date symlink: /home/lokisilvres/eyrc_hb/hb_task1b_ws/src/install/my_robot_interfaces/share/my_robot_interfaces/cmake/rosidl_cmake_export_typesupport_libraries-extras.cmake
[1.129s] -- Up-to-date symlink: /home/lokisilvres/eyrc_hb/hb_task1b_ws/src/install/my_robot_interfaces/share/my_robot_interfaces/cmake/my_robot_interfacesConfig.cmake
[1.129s] -- Up-to-date symlink: /home/lokisilvres/eyrc_hb/hb_task1b_ws/src/install/my_robot_interfaces/share/my_robot_interfaces/cmake/my_robot_interfacesConfig-version.cmake
[1.129s] -- Up-to-date symlink: /home/lokisilvres/eyrc_hb/hb_task1b_ws/src/install/my_robot_interfaces/share/my_robot_interfaces/package.xml
[1.129s] -- Up-to-date: /home/lokisilvres/eyrc_hb/hb_task1b_ws/src/install/my_robot_interfaces/lib/libmy_robot_interfaces__rosidl_generator_c.so
[1.129s] -- Up-to-date: /home/lokisilvres/eyrc_hb/hb_task1b_ws/src/install/my_robot_interfaces/lib/libmy_robot_interfaces__rosidl_typesupport_fastrtps_c.so
[1.129s] -- Up-to-date: /home/lokisilvres/eyrc_hb/hb_task1b_ws/src/install/my_robot_interfaces/lib/libmy_robot_interfaces__rosidl_typesupport_introspection_c.so
[1.129s] -- Up-to-date: /home/lokisilvres/eyrc_hb/hb_task1b_ws/src/install/my_robot_interfaces/lib/libmy_robot_interfaces__rosidl_typesupport_c.so
[1.130s] -- Up-to-date: /home/lokisilvres/eyrc_hb/hb_task1b_ws/src/install/my_robot_interfaces/lib/libmy_robot_interfaces__rosidl_typesupport_fastrtps_cpp.so
[1.134s] -- Up-to-date: /home/lokisilvres/eyrc_hb/hb_task1b_ws/src/install/my_robot_interfaces/lib/libmy_robot_interfaces__rosidl_typesupport_introspection_cpp.so
[1.134s] -- Up-to-date: /home/lokisilvres/eyrc_hb/hb_task1b_ws/src/install/my_robot_interfaces/lib/libmy_robot_interfaces__rosidl_typesupport_cpp.so
[1.180s] Listing '/home/lokisilvres/eyrc_hb/hb_task1b_ws/src/install/my_robot_interfaces/local/lib/python3.10/dist-packages/my_robot_interfaces'...
[1.180s] Listing '/home/lokisilvres/eyrc_hb/hb_task1b_ws/src/install/my_robot_interfaces/local/lib/python3.10/dist-packages/my_robot_interfaces/srv'...
[1.187s] -- Up-to-date: /home/lokisilvres/eyrc_hb/hb_task1b_ws/src/install/my_robot_interfaces/lib/libmy_robot_interfaces__rosidl_generator_py.so
[1.189s] -- Up-to-date: /home/lokisilvres/eyrc_hb/hb_task1b_ws/src/install/my_robot_interfaces/share/my_robot_interfaces/cmake/export_my_robot_interfaces__rosidl_generator_cExport.cmake
[1.189s] -- Up-to-date: /home/lokisilvres/eyrc_hb/hb_task1b_ws/src/install/my_robot_interfaces/share/my_robot_interfaces/cmake/export_my_robot_interfaces__rosidl_generator_cExport-noconfig.cmake
[1.189s] -- Up-to-date: /home/lokisilvres/eyrc_hb/hb_task1b_ws/src/install/my_robot_interfaces/share/my_robot_interfaces/cmake/export_my_robot_interfaces__rosidl_typesupport_fastrtps_cExport.cmake
[1.190s] -- Up-to-date: /home/lokisilvres/eyrc_hb/hb_task1b_ws/src/install/my_robot_interfaces/share/my_robot_interfaces/cmake/export_my_robot_interfaces__rosidl_typesupport_fastrtps_cExport-noconfig.cmake
[1.190s] -- Up-to-date: /home/lokisilvres/eyrc_hb/hb_task1b_ws/src/install/my_robot_interfaces/share/my_robot_interfaces/cmake/my_robot_interfaces__rosidl_typesupport_introspection_cExport.cmake
[1.190s] -- Up-to-date: /home/lokisilvres/eyrc_hb/hb_task1b_ws/src/install/my_robot_interfaces/share/my_robot_interfaces/cmake/my_robot_interfaces__rosidl_typesupport_introspection_cExport-noconfig.cmake
[1.190s] -- Up-to-date: /home/lokisilvres/eyrc_hb/hb_task1b_ws/src/install/my_robot_interfaces/share/my_robot_interfaces/cmake/my_robot_interfaces__rosidl_typesupport_cExport.cmake
[1.190s] -- Up-to-date: /home/lokisilvres/eyrc_hb/hb_task1b_ws/src/install/my_robot_interfaces/share/my_robot_interfaces/cmake/my_robot_interfaces__rosidl_typesupport_cExport-noconfig.cmake
[1.190s] -- Up-to-date: /home/lokisilvres/eyrc_hb/hb_task1b_ws/src/install/my_robot_interfaces/share/my_robot_interfaces/cmake/export_my_robot_interfaces__rosidl_generator_cppExport.cmake
[1.190s] -- Up-to-date: /home/lokisilvres/eyrc_hb/hb_task1b_ws/src/install/my_robot_interfaces/share/my_robot_interfaces/cmake/export_my_robot_interfaces__rosidl_typesupport_fastrtps_cppExport.cmake
[1.190s] -- Up-to-date: /home/lokisilvres/eyrc_hb/hb_task1b_ws/src/install/my_robot_interfaces/share/my_robot_interfaces/cmake/export_my_robot_interfaces__rosidl_typesupport_fastrtps_cppExport-noconfig.cmake
[1.190s] -- Up-to-date: /home/lokisilvres/eyrc_hb/hb_task1b_ws/src/install/my_robot_interfaces/share/my_robot_interfaces/cmake/my_robot_interfaces__rosidl_typesupport_introspection_cppExport.cmake
[1.190s] -- Up-to-date: /home/lokisilvres/eyrc_hb/hb_task1b_ws/src/install/my_robot_interfaces/share/my_robot_interfaces/cmake/my_robot_interfaces__rosidl_typesupport_introspection_cppExport-noconfig.cmake
[1.190s] -- Up-to-date: /home/lokisilvres/eyrc_hb/hb_task1b_ws/src/install/my_robot_interfaces/share/my_robot_interfaces/cmake/my_robot_interfaces__rosidl_typesupport_cppExport.cmake
[1.190s] -- Up-to-date: /home/lokisilvres/eyrc_hb/hb_task1b_ws/src/install/my_robot_interfaces/share/my_robot_interfaces/cmake/my_robot_interfaces__rosidl_typesupport_cppExport-noconfig.cmake
[1.190s] -- Up-to-date: /home/lokisilvres/eyrc_hb/hb_task1b_ws/src/install/my_robot_interfaces/share/my_robot_interfaces/cmake/export_my_robot_interfaces__rosidl_generator_pyExport.cmake
[1.190s] -- Up-to-date: /home/lokisilvres/eyrc_hb/hb_task1b_ws/src/install/my_robot_interfaces/share/my_robot_interfaces/cmake/export_my_robot_interfaces__rosidl_generator_pyExport-noconfig.cmake
[1.193s] Invoked command in '/home/lokisilvres/eyrc_hb/hb_task1b_ws/src/build/my_robot_interfaces' returned '0': CMAKE_PREFIX_PATH=${CMAKE_PREFIX_PATH}:/home/lokisilvres/eyrc_hb/hb_task1b_ws/src/install/hb_task_1b:/opt/ros/humble /usr/bin/cmake --install /home/lokisilvres/eyrc_hb/hb_task1b_ws/src/build/my_robot_interfaces
