[0.485s] Invoking command in '/home/lokisilvres/eyrc_hb/hb_task1b_ws/src/build/my_robot_interfaces': CMAKE_PREFIX_PATH=${CMAKE_PREFIX_PATH}:/home/lokisilvres/eyrc_hb/hb_task1b_ws/src/install/hb_task_1b:/opt/ros/humble /usr/bin/cmake /home/lokisilvres/eyrc_hb/hb_task1b_ws/src/my_robot_interfaces -DAMENT_CMAKE_SYMLINK_INSTALL=1 -DCMAKE_INSTALL_PREFIX=/home/lokisilvres/eyrc_hb/hb_task1b_ws/src/install/my_robot_interfaces
[0.598s] -- The C compiler identification is GNU 11.4.0
[0.705s] -- The CXX compiler identification is GNU 11.4.0
[0.719s] -- Detecting C compiler ABI info
[0.831s] -- Detecting C compiler ABI info - done
[0.844s] -- Check for working C compiler: /usr/bin/cc - skipped
[0.845s] -- Detecting C compile features
[0.846s] -- Detecting C compile features - done
[0.850s] -- Detecting CXX compiler ABI info
[0.950s] -- Detecting CXX compiler ABI info - done
[0.967s] -- Check for working CXX compiler: /usr/bin/c++ - skipped
[0.968s] -- Detecting CXX compile features
[0.969s] -- Detecting CXX compile features - done
[0.974s] -- Found ament_cmake: 1.3.5 (/opt/ros/humble/share/ament_cmake/cmake)
[1.268s] -- Found Python3: /usr/bin/python3.10 (found version "3.10.12") found components: Interpreter 
[1.373s] -- Override CMake install command with custom implementation using symlinks instead of copying resources
[1.409s] -- Found rosidl_default_generators: 1.2.0 (/opt/ros/humble/share/rosidl_default_generators/cmake)
[1.412s] -- Using all available rosidl_typesupport_c: rosidl_typesupport_fastrtps_c;rosidl_typesupport_introspection_c
[1.421s] -- Found rosidl_adapter: 3.1.5 (/opt/ros/humble/share/rosidl_adapter/cmake)
[1.489s] -- Using all available rosidl_typesupport_cpp: rosidl_typesupport_fastrtps_cpp;rosidl_typesupport_introspection_cpp
[1.929s] -- Found ament_cmake_ros: 0.10.0 (/opt/ros/humble/share/ament_cmake_ros/cmake)
[2.214s] -- Using all available rosidl_typesupport_c: rosidl_typesupport_fastrtps_c;rosidl_typesupport_introspection_c
[2.584s] -- Using all available rosidl_typesupport_cpp: rosidl_typesupport_fastrtps_cpp;rosidl_typesupport_introspection_cpp
[2.621s] -- Found PythonInterp: /usr/bin/python3 (found suitable version "3.10.12", minimum required is "3.6") 
[2.623s] -- Found python_cmake_module: 0.10.0 (/opt/ros/humble/share/python_cmake_module/cmake)
[2.664s] -- Found PythonLibs: /usr/lib/x86_64-linux-gnu/libpython3.10.so (found suitable version "3.10.12", minimum required is "3.5") 
[2.664s] -- Using PYTHON_EXECUTABLE: /usr/bin/python3
[2.665s] -- Using PYTHON_INCLUDE_DIRS: /usr/include/python3.10
[2.665s] -- Using PYTHON_LIBRARIES: /usr/lib/x86_64-linux-gnu/libpython3.10.so
[2.695s] -- Found PythonExtra: .so  
[2.767s] -- Configuring done
[2.797s] -- Generating done
[2.800s] -- Build files have been written to: /home/lokisilvres/eyrc_hb/hb_task1b_ws/src/build/my_robot_interfaces
[2.811s] Invoked command in '/home/lokisilvres/eyrc_hb/hb_task1b_ws/src/build/my_robot_interfaces' returned '0': CMAKE_PREFIX_PATH=${CMAKE_PREFIX_PATH}:/home/lokisilvres/eyrc_hb/hb_task1b_ws/src/install/hb_task_1b:/opt/ros/humble /usr/bin/cmake /home/lokisilvres/eyrc_hb/hb_task1b_ws/src/my_robot_interfaces -DAMENT_CMAKE_SYMLINK_INSTALL=1 -DCMAKE_INSTALL_PREFIX=/home/lokisilvres/eyrc_hb/hb_task1b_ws/src/install/my_robot_interfaces
[2.815s] Invoking command in '/home/lokisilvres/eyrc_hb/hb_task1b_ws/src/build/my_robot_interfaces': CMAKE_PREFIX_PATH=${CMAKE_PREFIX_PATH}:/home/lokisilvres/eyrc_hb/hb_task1b_ws/src/install/hb_task_1b:/opt/ros/humble /usr/bin/cmake --build /home/lokisilvres/eyrc_hb/hb_task1b_ws/src/build/my_robot_interfaces -- -j12 -l12
[2.863s] [  3%] [34m[1mGenerating C code for ROS interfaces[0m
[2.872s] [  6%] [34m[1mGenerating C++ code for ROS interfaces[0m
[2.891s] [  6%] Built target ament_cmake_python_symlink_my_robot_interfaces
[3.299s] [  6%] Built target my_robot_interfaces__cpp
[3.314s] [  9%] [34m[1mGenerating C++ type support for eProsima Fast-RTPS[0m
[3.318s] [ 16%] [34m[1mGenerating C++ introspection for ROS interfaces[0m
[3.318s] [ 16%] [34m[1mGenerating C++ type support dispatch for ROS interfaces[0m
[3.380s] [ 19%] [32mBuilding C object CMakeFiles/my_robot_interfaces__rosidl_generator_c.dir/rosidl_generator_c/my_robot_interfaces/srv/detail/next_goal__functions.c.o[0m
[3.442s] running egg_info
[3.443s] creating my_robot_interfaces.egg-info
[3.443s] writing my_robot_interfaces.egg-info/PKG-INFO
[3.443s] writing dependency_links to my_robot_interfaces.egg-info/dependency_links.txt
[3.444s] writing top-level names to my_robot_interfaces.egg-info/top_level.txt
[3.444s] writing manifest file 'my_robot_interfaces.egg-info/SOURCES.txt'
[3.448s] reading manifest file 'my_robot_interfaces.egg-info/SOURCES.txt'
[3.449s] writing manifest file 'my_robot_interfaces.egg-info/SOURCES.txt'
[3.455s] [ 22%] [32m[1mLinking C shared library libmy_robot_interfaces__rosidl_generator_c.so[0m
[3.491s] [ 22%] Built target ament_cmake_python_build_my_robot_interfaces_egg
[3.498s] [ 22%] Built target my_robot_interfaces__rosidl_generator_c
[3.509s] [ 25%] [34m[1mGenerating C type support for eProsima Fast-RTPS[0m
[3.513s] [ 32%] [34m[1mGenerating C introspection for ROS interfaces[0m
[3.513s] [ 32%] [34m[1mGenerating C type support dispatch for ROS interfaces[0m
[3.686s] [ 35%] [32mBuilding CXX object CMakeFiles/my_robot_interfaces__rosidl_typesupport_fastrtps_cpp.dir/rosidl_typesupport_fastrtps_cpp/my_robot_interfaces/srv/detail/dds_fastrtps/next_goal__type_support.cpp.o[0m
[3.737s] [ 38%] [32mBuilding CXX object CMakeFiles/my_robot_interfaces__rosidl_typesupport_cpp.dir/rosidl_typesupport_cpp/my_robot_interfaces/srv/next_goal__type_support.cpp.o[0m
[3.787s] [ 41%] [32mBuilding CXX object CMakeFiles/my_robot_interfaces__rosidl_typesupport_introspection_cpp.dir/rosidl_typesupport_introspection_cpp/my_robot_interfaces/srv/detail/next_goal__type_support.cpp.o[0m
[3.870s] [ 45%] [32mBuilding CXX object CMakeFiles/my_robot_interfaces__rosidl_typesupport_fastrtps_c.dir/rosidl_typesupport_fastrtps_c/my_robot_interfaces/srv/detail/next_goal__type_support_c.cpp.o[0m
[3.953s] [ 48%] [32mBuilding CXX object CMakeFiles/my_robot_interfaces__rosidl_typesupport_c.dir/rosidl_typesupport_c/my_robot_interfaces/srv/next_goal__type_support.cpp.o[0m
[4.006s] [ 51%] [32m[1mLinking CXX shared library libmy_robot_interfaces__rosidl_typesupport_c.so[0m
[4.010s] [ 54%] [32mBuilding C object CMakeFiles/my_robot_interfaces__rosidl_typesupport_introspection_c.dir/rosidl_typesupport_introspection_c/my_robot_interfaces/srv/detail/next_goal__type_support.c.o[0m
[4.071s] [ 58%] [32m[1mLinking C shared library libmy_robot_interfaces__rosidl_typesupport_introspection_c.so[0m
[4.077s] [ 58%] Built target my_robot_interfaces__rosidl_typesupport_c
[4.115s] [ 58%] Built target my_robot_interfaces__rosidl_typesupport_introspection_c
[4.225s] [ 61%] [32m[1mLinking CXX shared library libmy_robot_interfaces__rosidl_typesupport_cpp.so[0m
[4.282s] [ 64%] [32m[1mLinking CXX shared library libmy_robot_interfaces__rosidl_typesupport_introspection_cpp.so[0m
[4.284s] [ 64%] Built target my_robot_interfaces__rosidl_typesupport_cpp
[4.309s] [ 67%] [32m[1mLinking CXX shared library libmy_robot_interfaces__rosidl_typesupport_fastrtps_c.so[0m
[4.329s] [ 67%] Built target my_robot_interfaces__rosidl_typesupport_introspection_cpp
[4.365s] [ 70%] [32m[1mLinking CXX shared library libmy_robot_interfaces__rosidl_typesupport_fastrtps_cpp.so[0m
[4.399s] [ 70%] Built target my_robot_interfaces__rosidl_typesupport_fastrtps_c
[4.440s] [ 70%] Built target my_robot_interfaces__rosidl_typesupport_fastrtps_cpp
[4.459s] [ 70%] Built target my_robot_interfaces
[4.479s] [ 74%] [34m[1mGenerating Python code for ROS interfaces[0m
[4.822s] [ 74%] Built target my_robot_interfaces__py
[4.842s] [ 77%] [32mBuilding C object CMakeFiles/my_robot_interfaces__rosidl_generator_py.dir/rosidl_generator_py/my_robot_interfaces/srv/_next_goal_s.c.o[0m
[4.944s] [ 80%] [32m[1mLinking C shared library rosidl_generator_py/my_robot_interfaces/libmy_robot_interfaces__rosidl_generator_py.so[0m
[4.986s] [ 80%] Built target my_robot_interfaces__rosidl_generator_py
[5.011s] [ 87%] [32mBuilding C object CMakeFiles/my_robot_interfaces__rosidl_typesupport_fastrtps_c__pyext.dir/rosidl_generator_py/my_robot_interfaces/_my_robot_interfaces_s.ep.rosidl_typesupport_fastrtps_c.c.o[0m
[5.011s] [ 87%] [32mBuilding C object CMakeFiles/my_robot_interfaces__rosidl_typesupport_introspection_c__pyext.dir/rosidl_generator_py/my_robot_interfaces/_my_robot_interfaces_s.ep.rosidl_typesupport_introspection_c.c.o[0m
[5.015s] [ 90%] [32mBuilding C object CMakeFiles/my_robot_interfaces__rosidl_typesupport_c__pyext.dir/rosidl_generator_py/my_robot_interfaces/_my_robot_interfaces_s.ep.rosidl_typesupport_c.c.o[0m
[5.122s] [ 93%] [32m[1mLinking C shared library rosidl_generator_py/my_robot_interfaces/my_robot_interfaces_s__rosidl_typesupport_introspection_c.cpython-310-x86_64-linux-gnu.so[0m
[5.130s] [ 96%] [32m[1mLinking C shared library rosidl_generator_py/my_robot_interfaces/my_robot_interfaces_s__rosidl_typesupport_fastrtps_c.cpython-310-x86_64-linux-gnu.so[0m
[5.157s] [100%] [32m[1mLinking C shared library rosidl_generator_py/my_robot_interfaces/my_robot_interfaces_s__rosidl_typesupport_c.cpython-310-x86_64-linux-gnu.so[0m
[5.164s] [100%] Built target my_robot_interfaces__rosidl_typesupport_introspection_c__pyext
[5.173s] [100%] Built target my_robot_interfaces__rosidl_typesupport_fastrtps_c__pyext
[5.194s] [100%] Built target my_robot_interfaces__rosidl_typesupport_c__pyext
[5.205s] Invoked command in '/home/lokisilvres/eyrc_hb/hb_task1b_ws/src/build/my_robot_interfaces' returned '0': CMAKE_PREFIX_PATH=${CMAKE_PREFIX_PATH}:/home/lokisilvres/eyrc_hb/hb_task1b_ws/src/install/hb_task_1b:/opt/ros/humble /usr/bin/cmake --build /home/lokisilvres/eyrc_hb/hb_task1b_ws/src/build/my_robot_interfaces -- -j12 -l12
[5.275s] Invoking command in '/home/lokisilvres/eyrc_hb/hb_task1b_ws/src/build/my_robot_interfaces': CMAKE_PREFIX_PATH=${CMAKE_PREFIX_PATH}:/home/lokisilvres/eyrc_hb/hb_task1b_ws/src/install/hb_task_1b:/opt/ros/humble /usr/bin/cmake --install /home/lokisilvres/eyrc_hb/hb_task1b_ws/src/build/my_robot_interfaces
[5.282s] -- Install configuration: ""
[5.283s] -- Execute custom install script
[5.283s] -- Symlinking: /home/lokisilvres/eyrc_hb/hb_task1b_ws/src/install/my_robot_interfaces/share/ament_index/resource_index/rosidl_interfaces/my_robot_interfaces
[5.293s] -- Symlinking: /home/lokisilvres/eyrc_hb/hb_task1b_ws/src/install/my_robot_interfaces/include/my_robot_interfaces/my_robot_interfaces/msg/rosidl_generator_c__visibility_control.h
[5.301s] -- Symlinking: /home/lokisilvres/eyrc_hb/hb_task1b_ws/src/install/my_robot_interfaces/include/my_robot_interfaces/my_robot_interfaces/srv/detail/next_goal__functions.h
[5.313s] -- Symlinking: /home/lokisilvres/eyrc_hb/hb_task1b_ws/src/install/my_robot_interfaces/include/my_robot_interfaces/my_robot_interfaces/srv/detail/next_goal__struct.h
[5.326s] -- Symlinking: /home/lokisilvres/eyrc_hb/hb_task1b_ws/src/install/my_robot_interfaces/include/my_robot_interfaces/my_robot_interfaces/srv/detail/next_goal__type_support.h
[5.332s] -- Symlinking: /home/lokisilvres/eyrc_hb/hb_task1b_ws/src/install/my_robot_interfaces/include/my_robot_interfaces/my_robot_interfaces/srv/next_goal.h
[5.342s] -- Symlinking: /home/lokisilvres/eyrc_hb/hb_task1b_ws/src/install/my_robot_interfaces/share/my_robot_interfaces/environment/library_path.sh
[5.351s] -- Symlinking: /home/lokisilvres/eyrc_hb/hb_task1b_ws/src/install/my_robot_interfaces/share/my_robot_interfaces/environment/library_path.dsv
[5.361s] -- Symlinking: /home/lokisilvres/eyrc_hb/hb_task1b_ws/src/install/my_robot_interfaces/include/my_robot_interfaces/my_robot_interfaces/msg/rosidl_typesupport_fastrtps_c__visibility_control.h
[5.370s] -- Symlinking: /home/lokisilvres/eyrc_hb/hb_task1b_ws/src/install/my_robot_interfaces/include/my_robot_interfaces/my_robot_interfaces/srv/detail/next_goal__rosidl_typesupport_fastrtps_c.h
[5.379s] -- Symlinking: /home/lokisilvres/eyrc_hb/hb_task1b_ws/src/install/my_robot_interfaces/include/my_robot_interfaces/my_robot_interfaces/msg/rosidl_typesupport_introspection_c__visibility_control.h
[5.388s] -- Symlinking: /home/lokisilvres/eyrc_hb/hb_task1b_ws/src/install/my_robot_interfaces/include/my_robot_interfaces/my_robot_interfaces/srv/detail/next_goal__rosidl_typesupport_introspection_c.h
[5.395s] -- Symlinking: /home/lokisilvres/eyrc_hb/hb_task1b_ws/src/install/my_robot_interfaces/include/my_robot_interfaces/my_robot_interfaces/srv/detail/next_goal__builder.hpp
[5.404s] -- Symlinking: /home/lokisilvres/eyrc_hb/hb_task1b_ws/src/install/my_robot_interfaces/include/my_robot_interfaces/my_robot_interfaces/srv/detail/next_goal__struct.hpp
[5.412s] -- Symlinking: /home/lokisilvres/eyrc_hb/hb_task1b_ws/src/install/my_robot_interfaces/include/my_robot_interfaces/my_robot_interfaces/srv/detail/next_goal__traits.hpp
[5.422s] -- Symlinking: /home/lokisilvres/eyrc_hb/hb_task1b_ws/src/install/my_robot_interfaces/include/my_robot_interfaces/my_robot_interfaces/srv/next_goal.hpp
[5.429s] -- Symlinking: /home/lokisilvres/eyrc_hb/hb_task1b_ws/src/install/my_robot_interfaces/include/my_robot_interfaces/my_robot_interfaces/msg/rosidl_typesupport_fastrtps_cpp__visibility_control.h
[5.439s] -- Symlinking: /home/lokisilvres/eyrc_hb/hb_task1b_ws/src/install/my_robot_interfaces/include/my_robot_interfaces/my_robot_interfaces/srv/detail/next_goal__rosidl_typesupport_fastrtps_cpp.hpp
[5.445s] -- Symlinking: /home/lokisilvres/eyrc_hb/hb_task1b_ws/src/install/my_robot_interfaces/include/my_robot_interfaces/my_robot_interfaces/srv/detail/next_goal__rosidl_typesupport_introspection_cpp.hpp
[5.454s] -- Symlinking: /home/lokisilvres/eyrc_hb/hb_task1b_ws/src/install/my_robot_interfaces/share/my_robot_interfaces/environment/pythonpath.sh
[5.461s] -- Symlinking: /home/lokisilvres/eyrc_hb/hb_task1b_ws/src/install/my_robot_interfaces/share/my_robot_interfaces/environment/pythonpath.dsv
[5.471s] -- Symlinking: /home/lokisilvres/eyrc_hb/hb_task1b_ws/src/install/my_robot_interfaces/local/lib/python3.10/dist-packages/my_robot_interfaces-0.0.0-py3.10.egg-info/PKG-INFO
[5.478s] -- Symlinking: /home/lokisilvres/eyrc_hb/hb_task1b_ws/src/install/my_robot_interfaces/local/lib/python3.10/dist-packages/my_robot_interfaces-0.0.0-py3.10.egg-info/SOURCES.txt
[5.488s] -- Symlinking: /home/lokisilvres/eyrc_hb/hb_task1b_ws/src/install/my_robot_interfaces/local/lib/python3.10/dist-packages/my_robot_interfaces-0.0.0-py3.10.egg-info/dependency_links.txt
[5.496s] -- Symlinking: /home/lokisilvres/eyrc_hb/hb_task1b_ws/src/install/my_robot_interfaces/local/lib/python3.10/dist-packages/my_robot_interfaces-0.0.0-py3.10.egg-info/top_level.txt
[5.506s] -- Symlinking: /home/lokisilvres/eyrc_hb/hb_task1b_ws/src/install/my_robot_interfaces/local/lib/python3.10/dist-packages/my_robot_interfaces/__init__.py
[5.512s] -- Symlinking: /home/lokisilvres/eyrc_hb/hb_task1b_ws/src/install/my_robot_interfaces/local/lib/python3.10/dist-packages/my_robot_interfaces/_my_robot_interfaces_s.ep.rosidl_typesupport_c.c
[5.524s] -- Symlinking: /home/lokisilvres/eyrc_hb/hb_task1b_ws/src/install/my_robot_interfaces/local/lib/python3.10/dist-packages/my_robot_interfaces/_my_robot_interfaces_s.ep.rosidl_typesupport_fastrtps_c.c
[5.535s] -- Symlinking: /home/lokisilvres/eyrc_hb/hb_task1b_ws/src/install/my_robot_interfaces/local/lib/python3.10/dist-packages/my_robot_interfaces/_my_robot_interfaces_s.ep.rosidl_typesupport_introspection_c.c
[5.544s] -- Symlinking: /home/lokisilvres/eyrc_hb/hb_task1b_ws/src/install/my_robot_interfaces/local/lib/python3.10/dist-packages/my_robot_interfaces/libmy_robot_interfaces__rosidl_generator_py.so
[5.553s] -- Symlinking: /home/lokisilvres/eyrc_hb/hb_task1b_ws/src/install/my_robot_interfaces/local/lib/python3.10/dist-packages/my_robot_interfaces/my_robot_interfaces_s__rosidl_typesupport_c.cpython-310-x86_64-linux-gnu.so
[5.563s] -- Symlinking: /home/lokisilvres/eyrc_hb/hb_task1b_ws/src/install/my_robot_interfaces/local/lib/python3.10/dist-packages/my_robot_interfaces/my_robot_interfaces_s__rosidl_typesupport_fastrtps_c.cpython-310-x86_64-linux-gnu.so
[5.572s] -- Symlinking: /home/lokisilvres/eyrc_hb/hb_task1b_ws/src/install/my_robot_interfaces/local/lib/python3.10/dist-packages/my_robot_interfaces/my_robot_interfaces_s__rosidl_typesupport_introspection_c.cpython-310-x86_64-linux-gnu.so
[5.581s] -- Symlinking: /home/lokisilvres/eyrc_hb/hb_task1b_ws/src/install/my_robot_interfaces/local/lib/python3.10/dist-packages/my_robot_interfaces/srv/__init__.py
[5.589s] -- Symlinking: /home/lokisilvres/eyrc_hb/hb_task1b_ws/src/install/my_robot_interfaces/local/lib/python3.10/dist-packages/my_robot_interfaces/srv/_next_goal.py
[5.599s] -- Symlinking: /home/lokisilvres/eyrc_hb/hb_task1b_ws/src/install/my_robot_interfaces/local/lib/python3.10/dist-packages/my_robot_interfaces/srv/_next_goal_s.c
[5.609s] -- Up-to-date symlink: /home/lokisilvres/eyrc_hb/hb_task1b_ws/src/install/my_robot_interfaces/local/lib/python3.10/dist-packages/my_robot_interfaces/my_robot_interfaces_s__rosidl_typesupport_fastrtps_c.cpython-310-x86_64-linux-gnu.so
[5.609s] -- Up-to-date symlink: /home/lokisilvres/eyrc_hb/hb_task1b_ws/src/install/my_robot_interfaces/local/lib/python3.10/dist-packages/my_robot_interfaces/my_robot_interfaces_s__rosidl_typesupport_introspection_c.cpython-310-x86_64-linux-gnu.so
[5.609s] -- Up-to-date symlink: /home/lokisilvres/eyrc_hb/hb_task1b_ws/src/install/my_robot_interfaces/local/lib/python3.10/dist-packages/my_robot_interfaces/my_robot_interfaces_s__rosidl_typesupport_c.cpython-310-x86_64-linux-gnu.so
[5.609s] -- Symlinking: /home/lokisilvres/eyrc_hb/hb_task1b_ws/src/install/my_robot_interfaces/share/my_robot_interfaces/srv/NextGoal.idl
[5.619s] -- Symlinking: /home/lokisilvres/eyrc_hb/hb_task1b_ws/src/install/my_robot_interfaces/share/my_robot_interfaces/srv/NextGoal.srv
[5.630s] -- Symlinking: /home/lokisilvres/eyrc_hb/hb_task1b_ws/src/install/my_robot_interfaces/share/my_robot_interfaces/srv/NextGoal_Request.msg
[5.641s] -- Symlinking: /home/lokisilvres/eyrc_hb/hb_task1b_ws/src/install/my_robot_interfaces/share/my_robot_interfaces/srv/NextGoal_Response.msg
[5.650s] -- Symlinking: /home/lokisilvres/eyrc_hb/hb_task1b_ws/src/install/my_robot_interfaces/share/ament_index/resource_index/package_run_dependencies/my_robot_interfaces
[5.659s] -- Symlinking: /home/lokisilvres/eyrc_hb/hb_task1b_ws/src/install/my_robot_interfaces/share/ament_index/resource_index/parent_prefix_path/my_robot_interfaces
[5.670s] -- Symlinking: /home/lokisilvres/eyrc_hb/hb_task1b_ws/src/install/my_robot_interfaces/share/my_robot_interfaces/environment/ament_prefix_path.sh
[5.680s] -- Symlinking: /home/lokisilvres/eyrc_hb/hb_task1b_ws/src/install/my_robot_interfaces/share/my_robot_interfaces/environment/ament_prefix_path.dsv
[5.689s] -- Symlinking: /home/lokisilvres/eyrc_hb/hb_task1b_ws/src/install/my_robot_interfaces/share/my_robot_interfaces/environment/path.sh
[5.700s] -- Symlinking: /home/lokisilvres/eyrc_hb/hb_task1b_ws/src/install/my_robot_interfaces/share/my_robot_interfaces/environment/path.dsv
[5.710s] -- Symlinking: /home/lokisilvres/eyrc_hb/hb_task1b_ws/src/install/my_robot_interfaces/share/my_robot_interfaces/local_setup.bash
[5.720s] -- Symlinking: /home/lokisilvres/eyrc_hb/hb_task1b_ws/src/install/my_robot_interfaces/share/my_robot_interfaces/local_setup.sh
[5.731s] -- Symlinking: /home/lokisilvres/eyrc_hb/hb_task1b_ws/src/install/my_robot_interfaces/share/my_robot_interfaces/local_setup.zsh
[5.742s] -- Symlinking: /home/lokisilvres/eyrc_hb/hb_task1b_ws/src/install/my_robot_interfaces/share/my_robot_interfaces/local_setup.dsv
[5.751s] -- Symlinking: /home/lokisilvres/eyrc_hb/hb_task1b_ws/src/install/my_robot_interfaces/share/my_robot_interfaces/package.dsv
[5.761s] -- Symlinking: /home/lokisilvres/eyrc_hb/hb_task1b_ws/src/install/my_robot_interfaces/share/ament_index/resource_index/packages/my_robot_interfaces
[5.768s] -- Symlinking: /home/lokisilvres/eyrc_hb/hb_task1b_ws/src/install/my_robot_interfaces/share/my_robot_interfaces/cmake/rosidl_cmake-extras.cmake
[5.778s] -- Symlinking: /home/lokisilvres/eyrc_hb/hb_task1b_ws/src/install/my_robot_interfaces/share/my_robot_interfaces/cmake/ament_cmake_export_include_directories-extras.cmake
[5.785s] -- Symlinking: /home/lokisilvres/eyrc_hb/hb_task1b_ws/src/install/my_robot_interfaces/share/my_robot_interfaces/cmake/ament_cmake_export_libraries-extras.cmake
[5.794s] -- Symlinking: /home/lokisilvres/eyrc_hb/hb_task1b_ws/src/install/my_robot_interfaces/share/my_robot_interfaces/cmake/ament_cmake_export_targets-extras.cmake
[5.801s] -- Symlinking: /home/lokisilvres/eyrc_hb/hb_task1b_ws/src/install/my_robot_interfaces/share/my_robot_interfaces/cmake/rosidl_cmake_export_typesupport_targets-extras.cmake
[5.811s] -- Symlinking: /home/lokisilvres/eyrc_hb/hb_task1b_ws/src/install/my_robot_interfaces/share/my_robot_interfaces/cmake/ament_cmake_export_dependencies-extras.cmake
[5.819s] -- Symlinking: /home/lokisilvres/eyrc_hb/hb_task1b_ws/src/install/my_robot_interfaces/share/my_robot_interfaces/cmake/rosidl_cmake_export_typesupport_libraries-extras.cmake
[5.827s] -- Symlinking: /home/lokisilvres/eyrc_hb/hb_task1b_ws/src/install/my_robot_interfaces/share/my_robot_interfaces/cmake/my_robot_interfacesConfig.cmake
[5.836s] -- Symlinking: /home/lokisilvres/eyrc_hb/hb_task1b_ws/src/install/my_robot_interfaces/share/my_robot_interfaces/cmake/my_robot_interfacesConfig-version.cmake
[5.846s] -- Symlinking: /home/lokisilvres/eyrc_hb/hb_task1b_ws/src/install/my_robot_interfaces/share/my_robot_interfaces/package.xml
[5.855s] -- Installing: /home/lokisilvres/eyrc_hb/hb_task1b_ws/src/install/my_robot_interfaces/lib/libmy_robot_interfaces__rosidl_generator_c.so
[5.856s] -- Set runtime path of "/home/lokisilvres/eyrc_hb/hb_task1b_ws/src/install/my_robot_interfaces/lib/libmy_robot_interfaces__rosidl_generator_c.so" to ""
[5.856s] -- Installing: /home/lokisilvres/eyrc_hb/hb_task1b_ws/src/install/my_robot_interfaces/lib/libmy_robot_interfaces__rosidl_typesupport_fastrtps_c.so
[5.856s] -- Set runtime path of "/home/lokisilvres/eyrc_hb/hb_task1b_ws/src/install/my_robot_interfaces/lib/libmy_robot_interfaces__rosidl_typesupport_fastrtps_c.so" to ""
[5.856s] -- Installing: /home/lokisilvres/eyrc_hb/hb_task1b_ws/src/install/my_robot_interfaces/lib/libmy_robot_interfaces__rosidl_typesupport_introspection_c.so
[5.856s] -- Set runtime path of "/home/lokisilvres/eyrc_hb/hb_task1b_ws/src/install/my_robot_interfaces/lib/libmy_robot_interfaces__rosidl_typesupport_introspection_c.so" to ""
[5.856s] -- Installing: /home/lokisilvres/eyrc_hb/hb_task1b_ws/src/install/my_robot_interfaces/lib/libmy_robot_interfaces__rosidl_typesupport_c.so
[5.857s] -- Set runtime path of "/home/lokisilvres/eyrc_hb/hb_task1b_ws/src/install/my_robot_interfaces/lib/libmy_robot_interfaces__rosidl_typesupport_c.so" to ""
[5.857s] -- Installing: /home/lokisilvres/eyrc_hb/hb_task1b_ws/src/install/my_robot_interfaces/lib/libmy_robot_interfaces__rosidl_typesupport_fastrtps_cpp.so
[5.857s] -- Set runtime path of "/home/lokisilvres/eyrc_hb/hb_task1b_ws/src/install/my_robot_interfaces/lib/libmy_robot_interfaces__rosidl_typesupport_fastrtps_cpp.so" to ""
[5.857s] -- Installing: /home/lokisilvres/eyrc_hb/hb_task1b_ws/src/install/my_robot_interfaces/lib/libmy_robot_interfaces__rosidl_typesupport_introspection_cpp.so
[5.857s] -- Set runtime path of "/home/lokisilvres/eyrc_hb/hb_task1b_ws/src/install/my_robot_interfaces/lib/libmy_robot_interfaces__rosidl_typesupport_introspection_cpp.so" to ""
[5.858s] -- Installing: /home/lokisilvres/eyrc_hb/hb_task1b_ws/src/install/my_robot_interfaces/lib/libmy_robot_interfaces__rosidl_typesupport_cpp.so
[5.858s] -- Set runtime path of "/home/lokisilvres/eyrc_hb/hb_task1b_ws/src/install/my_robot_interfaces/lib/libmy_robot_interfaces__rosidl_typesupport_cpp.so" to ""
[5.897s] Listing '/home/lokisilvres/eyrc_hb/hb_task1b_ws/src/install/my_robot_interfaces/local/lib/python3.10/dist-packages/my_robot_interfaces'...
[5.897s] Compiling '/home/lokisilvres/eyrc_hb/hb_task1b_ws/src/install/my_robot_interfaces/local/lib/python3.10/dist-packages/my_robot_interfaces/__init__.py'...
[5.897s] Listing '/home/lokisilvres/eyrc_hb/hb_task1b_ws/src/install/my_robot_interfaces/local/lib/python3.10/dist-packages/my_robot_interfaces/srv'...
[5.897s] Compiling '/home/lokisilvres/eyrc_hb/hb_task1b_ws/src/install/my_robot_interfaces/local/lib/python3.10/dist-packages/my_robot_interfaces/srv/__init__.py'...
[5.897s] Compiling '/home/lokisilvres/eyrc_hb/hb_task1b_ws/src/install/my_robot_interfaces/local/lib/python3.10/dist-packages/my_robot_interfaces/srv/_next_goal.py'...
[5.904s] -- Installing: /home/lokisilvres/eyrc_hb/hb_task1b_ws/src/install/my_robot_interfaces/lib/libmy_robot_interfaces__rosidl_generator_py.so
[5.905s] -- Set runtime path of "/home/lokisilvres/eyrc_hb/hb_task1b_ws/src/install/my_robot_interfaces/lib/libmy_robot_interfaces__rosidl_generator_py.so" to ""
[5.905s] -- Installing: /home/lokisilvres/eyrc_hb/hb_task1b_ws/src/install/my_robot_interfaces/share/my_robot_interfaces/cmake/export_my_robot_interfaces__rosidl_generator_cExport.cmake
[5.905s] -- Installing: /home/lokisilvres/eyrc_hb/hb_task1b_ws/src/install/my_robot_interfaces/share/my_robot_interfaces/cmake/export_my_robot_interfaces__rosidl_generator_cExport-noconfig.cmake
[5.905s] -- Installing: /home/lokisilvres/eyrc_hb/hb_task1b_ws/src/install/my_robot_interfaces/share/my_robot_interfaces/cmake/export_my_robot_interfaces__rosidl_typesupport_fastrtps_cExport.cmake
[5.905s] -- Installing: /home/lokisilvres/eyrc_hb/hb_task1b_ws/src/install/my_robot_interfaces/share/my_robot_interfaces/cmake/export_my_robot_interfaces__rosidl_typesupport_fastrtps_cExport-noconfig.cmake
[5.906s] -- Installing: /home/lokisilvres/eyrc_hb/hb_task1b_ws/src/install/my_robot_interfaces/share/my_robot_interfaces/cmake/my_robot_interfaces__rosidl_typesupport_introspection_cExport.cmake
[5.906s] -- Installing: /home/lokisilvres/eyrc_hb/hb_task1b_ws/src/install/my_robot_interfaces/share/my_robot_interfaces/cmake/my_robot_interfaces__rosidl_typesupport_introspection_cExport-noconfig.cmake
[5.906s] -- Installing: /home/lokisilvres/eyrc_hb/hb_task1b_ws/src/install/my_robot_interfaces/share/my_robot_interfaces/cmake/my_robot_interfaces__rosidl_typesupport_cExport.cmake
[5.906s] -- Installing: /home/lokisilvres/eyrc_hb/hb_task1b_ws/src/install/my_robot_interfaces/share/my_robot_interfaces/cmake/my_robot_interfaces__rosidl_typesupport_cExport-noconfig.cmake
[5.906s] -- Installing: /home/lokisilvres/eyrc_hb/hb_task1b_ws/src/install/my_robot_interfaces/share/my_robot_interfaces/cmake/export_my_robot_interfaces__rosidl_generator_cppExport.cmake
[5.906s] -- Installing: /home/lokisilvres/eyrc_hb/hb_task1b_ws/src/install/my_robot_interfaces/share/my_robot_interfaces/cmake/export_my_robot_interfaces__rosidl_typesupport_fastrtps_cppExport.cmake
[5.906s] -- Installing: /home/lokisilvres/eyrc_hb/hb_task1b_ws/src/install/my_robot_interfaces/share/my_robot_interfaces/cmake/export_my_robot_interfaces__rosidl_typesupport_fastrtps_cppExport-noconfig.cmake
[5.906s] -- Installing: /home/lokisilvres/eyrc_hb/hb_task1b_ws/src/install/my_robot_interfaces/share/my_robot_interfaces/cmake/my_robot_interfaces__rosidl_typesupport_introspection_cppExport.cmake
[5.906s] -- Installing: /home/lokisilvres/eyrc_hb/hb_task1b_ws/src/install/my_robot_interfaces/share/my_robot_interfaces/cmake/my_robot_interfaces__rosidl_typesupport_introspection_cppExport-noconfig.cmake
[5.906s] -- Installing: /home/lokisilvres/eyrc_hb/hb_task1b_ws/src/install/my_robot_interfaces/share/my_robot_interfaces/cmake/my_robot_interfaces__rosidl_typesupport_cppExport.cmake
[5.907s] -- Installing: /home/lokisilvres/eyrc_hb/hb_task1b_ws/src/install/my_robot_interfaces/share/my_robot_interfaces/cmake/my_robot_interfaces__rosidl_typesupport_cppExport-noconfig.cmake
[5.907s] -- Installing: /home/lokisilvres/eyrc_hb/hb_task1b_ws/src/install/my_robot_interfaces/share/my_robot_interfaces/cmake/export_my_robot_interfaces__rosidl_generator_pyExport.cmake
[5.907s] -- Installing: /home/lokisilvres/eyrc_hb/hb_task1b_ws/src/install/my_robot_interfaces/share/my_robot_interfaces/cmake/export_my_robot_interfaces__rosidl_generator_pyExport-noconfig.cmake
[5.908s] Invoked command in '/home/lokisilvres/eyrc_hb/hb_task1b_ws/src/build/my_robot_interfaces' returned '0': CMAKE_PREFIX_PATH=${CMAKE_PREFIX_PATH}:/home/lokisilvres/eyrc_hb/hb_task1b_ws/src/install/hb_task_1b:/opt/ros/humble /usr/bin/cmake --install /home/lokisilvres/eyrc_hb/hb_task1b_ws/src/build/my_robot_interfaces
