[0.434s] Invoking command in '/home/lokisilvres/eyrc_hb/hb_task1b_ws/src/build/my_robot_interfaces': CMAKE_PREFIX_PATH=${CMAKE_PREFIX_PATH}:/home/lokisilvres/eyrc_hb/hb_task1b_ws/src/install/hb_task_1b:/opt/ros/humble /usr/bin/cmake --build /home/lokisilvres/eyrc_hb/hb_task1b_ws/src/build/my_robot_interfaces -- -j12 -l12
[0.492s] [  9%] Built target my_robot_interfaces__rosidl_generator_c
[0.497s] [ 12%] Built target my_robot_interfaces__cpp
[0.512s] [ 12%] Built target ament_cmake_python_symlink_my_robot_interfaces
[0.528s] [ 22%] Built target my_robot_interfaces__rosidl_typesupport_fastrtps_c
[0.529s] [ 32%] Built target my_robot_interfaces__rosidl_typesupport_c
[0.530s] [ 41%] Built target my_robot_interfaces__rosidl_typesupport_introspection_c
[0.535s] [ 70%] Built target my_robot_interfaces__rosidl_typesupport_fastrtps_cpp
[0.536s] [ 70%] Built target my_robot_interfaces__rosidl_typesupport_introspection_cpp
[0.536s] [ 70%] Built target my_robot_interfaces__rosidl_typesupport_cpp
[0.565s] [ 70%] Built target my_robot_interfaces
[0.597s] [ 74%] Built target my_robot_interfaces__py
[0.625s] [ 80%] Built target my_robot_interfaces__rosidl_generator_py
[0.657s] [ 87%] Built target my_robot_interfaces__rosidl_typesupport_fastrtps_c__pyext
[0.657s] [ 96%] Built target my_robot_interfaces__rosidl_typesupport_c__pyext
[0.657s] [100%] Built target my_robot_interfaces__rosidl_typesupport_introspection_c__pyext
[0.830s] running egg_info
[0.831s] writing my_robot_interfaces.egg-info/PKG-INFO
[0.831s] writing dependency_links to my_robot_interfaces.egg-info/dependency_links.txt
[0.831s] writing top-level names to my_robot_interfaces.egg-info/top_level.txt
[0.834s] reading manifest file 'my_robot_interfaces.egg-info/SOURCES.txt'
[0.834s] writing manifest file 'my_robot_interfaces.egg-info/SOURCES.txt'
[0.863s] [100%] Built target ament_cmake_python_build_my_robot_interfaces_egg
[0.873s] Invoked command in '/home/lokisilvres/eyrc_hb/hb_task1b_ws/src/build/my_robot_interfaces' returned '0': CMAKE_PREFIX_PATH=${CMAKE_PREFIX_PATH}:/home/lokisilvres/eyrc_hb/hb_task1b_ws/src/install/hb_task_1b:/opt/ros/humble /usr/bin/cmake --build /home/lokisilvres/eyrc_hb/hb_task1b_ws/src/build/my_robot_interfaces -- -j12 -l12
[0.933s] Invoking command in '/home/lokisilvres/eyrc_hb/hb_task1b_ws/src/build/my_robot_interfaces': CMAKE_PREFIX_PATH=${CMAKE_PREFIX_PATH}:/home/lokisilvres/eyrc_hb/hb_task1b_ws/src/install/hb_task_1b:/opt/ros/humble /usr/bin/cmake --install /home/lokisilvres/eyrc_hb/hb_task1b_ws/src/build/my_robot_interfaces
[0.941s] -- Install configuration: ""
[0.942s] -- Execute custom install script
[0.942s] -- Up-to-date symlink: /home/lokisilvres/eyrc_hb/hb_task1b_ws/src/install/my_robot_interfaces/share/ament_index/resource_index/rosidl_interfaces/my_robot_interfaces
[0.943s] -- Up-to-date symlink: /home/lokisilvres/eyrc_hb/hb_task1b_ws/src/install/my_robot_interfaces/include/my_robot_interfaces/my_robot_interfaces/msg/rosidl_generator_c__visibility_control.h
[0.943s] -- Up-to-date symlink: /home/lokisilvres/eyrc_hb/hb_task1b_ws/src/install/my_robot_interfaces/include/my_robot_interfaces/my_robot_interfaces/srv/detail/next_goal__functions.h
[0.943s] -- Up-to-date symlink: /home/lokisilvres/eyrc_hb/hb_task1b_ws/src/install/my_robot_interfaces/include/my_robot_interfaces/my_robot_interfaces/srv/detail/next_goal__struct.h
[0.943s] -- Up-to-date symlink: /home/lokisilvres/eyrc_hb/hb_task1b_ws/src/install/my_robot_interfaces/include/my_robot_interfaces/my_robot_interfaces/srv/detail/next_goal__type_support.h
[0.944s] -- Up-to-date symlink: /home/lokisilvres/eyrc_hb/hb_task1b_ws/src/install/my_robot_interfaces/include/my_robot_interfaces/my_robot_interfaces/srv/next_goal.h
[0.944s] -- Up-to-date symlink: /home/lokisilvres/eyrc_hb/hb_task1b_ws/src/install/my_robot_interfaces/share/my_robot_interfaces/environment/library_path.sh
[0.944s] -- Up-to-date symlink: /home/lokisilvres/eyrc_hb/hb_task1b_ws/src/install/my_robot_interfaces/share/my_robot_interfaces/environment/library_path.dsv
[0.944s] -- Up-to-date symlink: /home/lokisilvres/eyrc_hb/hb_task1b_ws/src/install/my_robot_interfaces/include/my_robot_interfaces/my_robot_interfaces/msg/rosidl_typesupport_fastrtps_c__visibility_control.h
[0.944s] -- Up-to-date symlink: /home/lokisilvres/eyrc_hb/hb_task1b_ws/src/install/my_robot_interfaces/include/my_robot_interfaces/my_robot_interfaces/srv/detail/next_goal__rosidl_typesupport_fastrtps_c.h
[0.944s] -- Up-to-date symlink: /home/lokisilvres/eyrc_hb/hb_task1b_ws/src/install/my_robot_interfaces/include/my_robot_interfaces/my_robot_interfaces/msg/rosidl_typesupport_introspection_c__visibility_control.h
[0.944s] -- Up-to-date symlink: /home/lokisilvres/eyrc_hb/hb_task1b_ws/src/install/my_robot_interfaces/include/my_robot_interfaces/my_robot_interfaces/srv/detail/next_goal__rosidl_typesupport_introspection_c.h
[0.944s] -- Up-to-date symlink: /home/lokisilvres/eyrc_hb/hb_task1b_ws/src/install/my_robot_interfaces/include/my_robot_interfaces/my_robot_interfaces/srv/detail/next_goal__builder.hpp
[0.945s] -- Up-to-date symlink: /home/lokisilvres/eyrc_hb/hb_task1b_ws/src/install/my_robot_interfaces/include/my_robot_interfaces/my_robot_interfaces/srv/detail/next_goal__struct.hpp
[0.945s] -- Up-to-date symlink: /home/lokisilvres/eyrc_hb/hb_task1b_ws/src/install/my_robot_interfaces/include/my_robot_interfaces/my_robot_interfaces/srv/detail/next_goal__traits.hpp
[0.945s] -- Up-to-date symlink: /home/lokisilvres/eyrc_hb/hb_task1b_ws/src/install/my_robot_interfaces/include/my_robot_interfaces/my_robot_interfaces/srv/next_goal.hpp
[0.945s] -- Up-to-date symlink: /home/lokisilvres/eyrc_hb/hb_task1b_ws/src/install/my_robot_interfaces/include/my_robot_interfaces/my_robot_interfaces/msg/rosidl_typesupport_fastrtps_cpp__visibility_control.h
[0.945s] -- Up-to-date symlink: /home/lokisilvres/eyrc_hb/hb_task1b_ws/src/install/my_robot_interfaces/include/my_robot_interfaces/my_robot_interfaces/srv/detail/next_goal__rosidl_typesupport_fastrtps_cpp.hpp
[0.945s] -- Up-to-date symlink: /home/lokisilvres/eyrc_hb/hb_task1b_ws/src/install/my_robot_interfaces/include/my_robot_interfaces/my_robot_interfaces/srv/detail/next_goal__rosidl_typesupport_introspection_cpp.hpp
[0.945s] -- Up-to-date symlink: /home/lokisilvres/eyrc_hb/hb_task1b_ws/src/install/my_robot_interfaces/share/my_robot_interfaces/environment/pythonpath.sh
[0.946s] -- Up-to-date symlink: /home/lokisilvres/eyrc_hb/hb_task1b_ws/src/install/my_robot_interfaces/share/my_robot_interfaces/environment/pythonpath.dsv
[0.946s] -- Up-to-date symlink: /home/lokisilvres/eyrc_hb/hb_task1b_ws/src/install/my_robot_interfaces/local/lib/python3.10/dist-packages/my_robot_interfaces-0.0.0-py3.10.egg-info/PKG-INFO
[0.946s] -- Up-to-date symlink: /home/lokisilvres/eyrc_hb/hb_task1b_ws/src/install/my_robot_interfaces/local/lib/python3.10/dist-packages/my_robot_interfaces-0.0.0-py3.10.egg-info/SOURCES.txt
[0.946s] -- Up-to-date symlink: /home/lokisilvres/eyrc_hb/hb_task1b_ws/src/install/my_robot_interfaces/local/lib/python3.10/dist-packages/my_robot_interfaces-0.0.0-py3.10.egg-info/dependency_links.txt
[0.946s] -- Up-to-date symlink: /home/lokisilvres/eyrc_hb/hb_task1b_ws/src/install/my_robot_interfaces/local/lib/python3.10/dist-packages/my_robot_interfaces-0.0.0-py3.10.egg-info/top_level.txt
[0.947s] -- Up-to-date symlink: /home/lokisilvres/eyrc_hb/hb_task1b_ws/src/install/my_robot_interfaces/local/lib/python3.10/dist-packages/my_robot_interfaces/__init__.py
[0.947s] -- Up-to-date symlink: /home/lokisilvres/eyrc_hb/hb_task1b_ws/src/install/my_robot_interfaces/local/lib/python3.10/dist-packages/my_robot_interfaces/_my_robot_interfaces_s.ep.rosidl_typesupport_c.c
[0.947s] -- Up-to-date symlink: /home/lokisilvres/eyrc_hb/hb_task1b_ws/src/install/my_robot_interfaces/local/lib/python3.10/dist-packages/my_robot_interfaces/_my_robot_interfaces_s.ep.rosidl_typesupport_fastrtps_c.c
[0.947s] -- Up-to-date symlink: /home/lokisilvres/eyrc_hb/hb_task1b_ws/src/install/my_robot_interfaces/local/lib/python3.10/dist-packages/my_robot_interfaces/_my_robot_interfaces_s.ep.rosidl_typesupport_introspection_c.c
[0.947s] -- Up-to-date symlink: /home/lokisilvres/eyrc_hb/hb_task1b_ws/src/install/my_robot_interfaces/local/lib/python3.10/dist-packages/my_robot_interfaces/libmy_robot_interfaces__rosidl_generator_py.so
[0.947s] -- Up-to-date symlink: /home/lokisilvres/eyrc_hb/hb_task1b_ws/src/install/my_robot_interfaces/local/lib/python3.10/dist-packages/my_robot_interfaces/my_robot_interfaces_s__rosidl_typesupport_c.cpython-310-x86_64-linux-gnu.so
[0.947s] -- Up-to-date symlink: /home/lokisilvres/eyrc_hb/hb_task1b_ws/src/install/my_robot_interfaces/local/lib/python3.10/dist-packages/my_robot_interfaces/my_robot_interfaces_s__rosidl_typesupport_fastrtps_c.cpython-310-x86_64-linux-gnu.so
[0.947s] -- Up-to-date symlink: /home/lokisilvres/eyrc_hb/hb_task1b_ws/src/install/my_robot_interfaces/local/lib/python3.10/dist-packages/my_robot_interfaces/my_robot_interfaces_s__rosidl_typesupport_introspection_c.cpython-310-x86_64-linux-gnu.so
[0.948s] -- Up-to-date symlink: /home/lokisilvres/eyrc_hb/hb_task1b_ws/src/install/my_robot_interfaces/local/lib/python3.10/dist-packages/my_robot_interfaces/srv/__init__.py
[0.948s] -- Up-to-date symlink: /home/lokisilvres/eyrc_hb/hb_task1b_ws/src/install/my_robot_interfaces/local/lib/python3.10/dist-packages/my_robot_interfaces/srv/_next_goal.py
[0.948s] -- Up-to-date symlink: /home/lokisilvres/eyrc_hb/hb_task1b_ws/src/install/my_robot_interfaces/local/lib/python3.10/dist-packages/my_robot_interfaces/srv/_next_goal_s.c
[0.948s] -- Up-to-date symlink: /home/lokisilvres/eyrc_hb/hb_task1b_ws/src/install/my_robot_interfaces/local/lib/python3.10/dist-packages/my_robot_interfaces/my_robot_interfaces_s__rosidl_typesupport_fastrtps_c.cpython-310-x86_64-linux-gnu.so
[0.948s] -- Up-to-date symlink: /home/lokisilvres/eyrc_hb/hb_task1b_ws/src/install/my_robot_interfaces/local/lib/python3.10/dist-packages/my_robot_interfaces/my_robot_interfaces_s__rosidl_typesupport_introspection_c.cpython-310-x86_64-linux-gnu.so
[0.948s] -- Up-to-date symlink: /home/lokisilvres/eyrc_hb/hb_task1b_ws/src/install/my_robot_interfaces/local/lib/python3.10/dist-packages/my_robot_interfaces/my_robot_interfaces_s__rosidl_typesupport_c.cpython-310-x86_64-linux-gnu.so
[0.948s] -- Up-to-date symlink: /home/lokisilvres/eyrc_hb/hb_task1b_ws/src/install/my_robot_interfaces/share/my_robot_interfaces/srv/NextGoal.idl
[0.948s] -- Up-to-date symlink: /home/lokisilvres/eyrc_hb/hb_task1b_ws/src/install/my_robot_interfaces/share/my_robot_interfaces/srv/NextGoal.srv
[0.949s] -- Up-to-date symlink: /home/lokisilvres/eyrc_hb/hb_task1b_ws/src/install/my_robot_interfaces/share/my_robot_interfaces/srv/NextGoal_Request.msg
[0.949s] -- Up-to-date symlink: /home/lokisilvres/eyrc_hb/hb_task1b_ws/src/install/my_robot_interfaces/share/my_robot_interfaces/srv/NextGoal_Response.msg
[0.949s] -- Up-to-date symlink: /home/lokisilvres/eyrc_hb/hb_task1b_ws/src/install/my_robot_interfaces/share/ament_index/resource_index/package_run_dependencies/my_robot_interfaces
[0.949s] -- Up-to-date symlink: /home/lokisilvres/eyrc_hb/hb_task1b_ws/src/install/my_robot_interfaces/share/ament_index/resource_index/parent_prefix_path/my_robot_interfaces
[0.949s] -- Up-to-date symlink: /home/lokisilvres/eyrc_hb/hb_task1b_ws/src/install/my_robot_interfaces/share/my_robot_interfaces/environment/ament_prefix_path.sh
[0.949s] -- Up-to-date symlink: /home/lokisilvres/eyrc_hb/hb_task1b_ws/src/install/my_robot_interfaces/share/my_robot_interfaces/environment/ament_prefix_path.dsv
[0.949s] -- Up-to-date symlink: /home/lokisilvres/eyrc_hb/hb_task1b_ws/src/install/my_robot_interfaces/share/my_robot_interfaces/environment/path.sh
[0.949s] -- Up-to-date symlink: /home/lokisilvres/eyrc_hb/hb_task1b_ws/src/install/my_robot_interfaces/share/my_robot_interfaces/environment/path.dsv
[0.950s] -- Up-to-date symlink: /home/lokisilvres/eyrc_hb/hb_task1b_ws/src/install/my_robot_interfaces/share/my_robot_interfaces/local_setup.bash
[0.950s] -- Up-to-date symlink: /home/lokisilvres/eyrc_hb/hb_task1b_ws/src/install/my_robot_interfaces/share/my_robot_interfaces/local_setup.sh
[0.950s] -- Up-to-date symlink: /home/lokisilvres/eyrc_hb/hb_task1b_ws/src/install/my_robot_interfaces/share/my_robot_interfaces/local_setup.zsh
[0.950s] -- Up-to-date symlink: /home/lokisilvres/eyrc_hb/hb_task1b_ws/src/install/my_robot_interfaces/share/my_robot_interfaces/local_setup.dsv
[0.950s] -- Symlinking: /home/lokisilvres/eyrc_hb/hb_task1b_ws/src/install/my_robot_interfaces/share/my_robot_interfaces/package.dsv
[0.962s] -- Up-to-date symlink: /home/lokisilvres/eyrc_hb/hb_task1b_ws/src/install/my_robot_interfaces/share/ament_index/resource_index/packages/my_robot_interfaces
[0.962s] -- Up-to-date symlink: /home/lokisilvres/eyrc_hb/hb_task1b_ws/src/install/my_robot_interfaces/share/my_robot_interfaces/cmake/rosidl_cmake-extras.cmake
[0.962s] -- Up-to-date symlink: /home/lokisilvres/eyrc_hb/hb_task1b_ws/src/install/my_robot_interfaces/share/my_robot_interfaces/cmake/ament_cmake_export_include_directories-extras.cmake
[0.962s] -- Up-to-date symlink: /home/lokisilvres/eyrc_hb/hb_task1b_ws/src/install/my_robot_interfaces/share/my_robot_interfaces/cmake/ament_cmake_export_libraries-extras.cmake
[0.962s] -- Up-to-date symlink: /home/lokisilvres/eyrc_hb/hb_task1b_ws/src/install/my_robot_interfaces/share/my_robot_interfaces/cmake/ament_cmake_export_targets-extras.cmake
[0.962s] -- Up-to-date symlink: /home/lokisilvres/eyrc_hb/hb_task1b_ws/src/install/my_robot_interfaces/share/my_robot_interfaces/cmake/rosidl_cmake_export_typesupport_targets-extras.cmake
[0.963s] -- Up-to-date symlink: /home/lokisilvres/eyrc_hb/hb_task1b_ws/src/install/my_robot_interfaces/share/my_robot_interfaces/cmake/ament_cmake_export_dependencies-extras.cmake
[0.963s] -- Up-to-date symlink: /home/lokisilvres/eyrc_hb/hb_task1b_ws/src/install/my_robot_interfaces/share/my_robot_interfaces/cmake/rosidl_cmake_export_typesupport_libraries-extras.cmake
[0.963s] -- Up-to-date symlink: /home/lokisilvres/eyrc_hb/hb_task1b_ws/src/install/my_robot_interfaces/share/my_robot_interfaces/cmake/my_robot_interfacesConfig.cmake
[0.963s] -- Up-to-date symlink: /home/lokisilvres/eyrc_hb/hb_task1b_ws/src/install/my_robot_interfaces/share/my_robot_interfaces/cmake/my_robot_interfacesConfig-version.cmake
[0.963s] -- Up-to-date symlink: /home/lokisilvres/eyrc_hb/hb_task1b_ws/src/install/my_robot_interfaces/share/my_robot_interfaces/package.xml
[0.963s] -- Up-to-date: /home/lokisilvres/eyrc_hb/hb_task1b_ws/src/install/my_robot_interfaces/lib/libmy_robot_interfaces__rosidl_generator_c.so
[0.964s] -- Up-to-date: /home/lokisilvres/eyrc_hb/hb_task1b_ws/src/install/my_robot_interfaces/lib/libmy_robot_interfaces__rosidl_typesupport_fastrtps_c.so
[0.964s] -- Up-to-date: /home/lokisilvres/eyrc_hb/hb_task1b_ws/src/install/my_robot_interfaces/lib/libmy_robot_interfaces__rosidl_typesupport_introspection_c.so
[0.964s] -- Up-to-date: /home/lokisilvres/eyrc_hb/hb_task1b_ws/src/install/my_robot_interfaces/lib/libmy_robot_interfaces__rosidl_typesupport_c.so
[0.965s] -- Up-to-date: /home/lokisilvres/eyrc_hb/hb_task1b_ws/src/install/my_robot_interfaces/lib/libmy_robot_interfaces__rosidl_typesupport_fastrtps_cpp.so
[0.965s] -- Up-to-date: /home/lokisilvres/eyrc_hb/hb_task1b_ws/src/install/my_robot_interfaces/lib/libmy_robot_interfaces__rosidl_typesupport_introspection_cpp.so
[0.965s] -- Up-to-date: /home/lokisilvres/eyrc_hb/hb_task1b_ws/src/install/my_robot_interfaces/lib/libmy_robot_interfaces__rosidl_typesupport_cpp.so
[1.007s] Listing '/home/lokisilvres/eyrc_hb/hb_task1b_ws/src/install/my_robot_interfaces/local/lib/python3.10/dist-packages/my_robot_interfaces'...
[1.008s] Listing '/home/lokisilvres/eyrc_hb/hb_task1b_ws/src/install/my_robot_interfaces/local/lib/python3.10/dist-packages/my_robot_interfaces/srv'...
[1.012s] -- Up-to-date: /home/lokisilvres/eyrc_hb/hb_task1b_ws/src/install/my_robot_interfaces/lib/libmy_robot_interfaces__rosidl_generator_py.so
[1.012s] -- Up-to-date: /home/lokisilvres/eyrc_hb/hb_task1b_ws/src/install/my_robot_interfaces/share/my_robot_interfaces/cmake/export_my_robot_interfaces__rosidl_generator_cExport.cmake
[1.012s] -- Up-to-date: /home/lokisilvres/eyrc_hb/hb_task1b_ws/src/install/my_robot_interfaces/share/my_robot_interfaces/cmake/export_my_robot_interfaces__rosidl_generator_cExport-noconfig.cmake
[1.012s] -- Up-to-date: /home/lokisilvres/eyrc_hb/hb_task1b_ws/src/install/my_robot_interfaces/share/my_robot_interfaces/cmake/export_my_robot_interfaces__rosidl_typesupport_fastrtps_cExport.cmake
[1.012s] -- Up-to-date: /home/lokisilvres/eyrc_hb/hb_task1b_ws/src/install/my_robot_interfaces/share/my_robot_interfaces/cmake/export_my_robot_interfaces__rosidl_typesupport_fastrtps_cExport-noconfig.cmake
[1.013s] -- Up-to-date: /home/lokisilvres/eyrc_hb/hb_task1b_ws/src/install/my_robot_interfaces/share/my_robot_interfaces/cmake/my_robot_interfaces__rosidl_typesupport_introspection_cExport.cmake
[1.013s] -- Up-to-date: /home/lokisilvres/eyrc_hb/hb_task1b_ws/src/install/my_robot_interfaces/share/my_robot_interfaces/cmake/my_robot_interfaces__rosidl_typesupport_introspection_cExport-noconfig.cmake
[1.013s] -- Up-to-date: /home/lokisilvres/eyrc_hb/hb_task1b_ws/src/install/my_robot_interfaces/share/my_robot_interfaces/cmake/my_robot_interfaces__rosidl_typesupport_cExport.cmake
[1.013s] -- Up-to-date: /home/lokisilvres/eyrc_hb/hb_task1b_ws/src/install/my_robot_interfaces/share/my_robot_interfaces/cmake/my_robot_interfaces__rosidl_typesupport_cExport-noconfig.cmake
[1.013s] -- Up-to-date: /home/lokisilvres/eyrc_hb/hb_task1b_ws/src/install/my_robot_interfaces/share/my_robot_interfaces/cmake/export_my_robot_interfaces__rosidl_generator_cppExport.cmake
[1.013s] -- Up-to-date: /home/lokisilvres/eyrc_hb/hb_task1b_ws/src/install/my_robot_interfaces/share/my_robot_interfaces/cmake/export_my_robot_interfaces__rosidl_typesupport_fastrtps_cppExport.cmake
[1.013s] -- Up-to-date: /home/lokisilvres/eyrc_hb/hb_task1b_ws/src/install/my_robot_interfaces/share/my_robot_interfaces/cmake/export_my_robot_interfaces__rosidl_typesupport_fastrtps_cppExport-noconfig.cmake
[1.013s] -- Up-to-date: /home/lokisilvres/eyrc_hb/hb_task1b_ws/src/install/my_robot_interfaces/share/my_robot_interfaces/cmake/my_robot_interfaces__rosidl_typesupport_introspection_cppExport.cmake
[1.014s] -- Up-to-date: /home/lokisilvres/eyrc_hb/hb_task1b_ws/src/install/my_robot_interfaces/share/my_robot_interfaces/cmake/my_robot_interfaces__rosidl_typesupport_introspection_cppExport-noconfig.cmake
[1.014s] -- Up-to-date: /home/lokisilvres/eyrc_hb/hb_task1b_ws/src/install/my_robot_interfaces/share/my_robot_interfaces/cmake/my_robot_interfaces__rosidl_typesupport_cppExport.cmake
[1.014s] -- Up-to-date: /home/lokisilvres/eyrc_hb/hb_task1b_ws/src/install/my_robot_interfaces/share/my_robot_interfaces/cmake/my_robot_interfaces__rosidl_typesupport_cppExport-noconfig.cmake
[1.014s] -- Up-to-date: /home/lokisilvres/eyrc_hb/hb_task1b_ws/src/install/my_robot_interfaces/share/my_robot_interfaces/cmake/export_my_robot_interfaces__rosidl_generator_pyExport.cmake
[1.014s] -- Up-to-date: /home/lokisilvres/eyrc_hb/hb_task1b_ws/src/install/my_robot_interfaces/share/my_robot_interfaces/cmake/export_my_robot_interfaces__rosidl_generator_pyExport-noconfig.cmake
[1.016s] Invoked command in '/home/lokisilvres/eyrc_hb/hb_task1b_ws/src/build/my_robot_interfaces' returned '0': CMAKE_PREFIX_PATH=${CMAKE_PREFIX_PATH}:/home/lokisilvres/eyrc_hb/hb_task1b_ws/src/install/hb_task_1b:/opt/ros/humble /usr/bin/cmake --install /home/lokisilvres/eyrc_hb/hb_task1b_ws/src/build/my_robot_interfaces
