[0.465s] Invoking command in '/home/lokisilvres/eyrc_hb/hb_task1a_ws/src/build/my_robot_controller': AMENT_PREFIX_PATH=/home/lokisilvres/eyrc_hb/hb_task1a_ws/src/install/turtlesim:${AMENT_PREFIX_PATH} CMAKE_PREFIX_PATH=/home/lokisilvres/eyrc_hb/hb_task1a_ws/src/install/turtlesim:${CMAKE_PREFIX_PATH} LD_LIBRARY_PATH=/home/lokisilvres/eyrc_hb/hb_task1a_ws/src/install/turtlesim/lib:${LD_LIBRARY_PATH} PYTHONPATH=/home/lokisilvres/eyrc_hb/hb_task1a_ws/src/build/my_robot_controller/prefix_override:/home/lokisilvres/eyrc_hb/hb_task1a_ws/src/install/my_robot_controller/lib/python3.10/site-packages:/home/lokisilvres/eyrc_hb/hb_task1a_ws/src/install/turtlesim/local/lib/python3.10/dist-packages:${PYTHONPATH} /usr/bin/python3 setup.py develop --editable --build-directory /home/lokisilvres/eyrc_hb/hb_task1a_ws/src/build/my_robot_controller/build --no-deps install_data
[0.613s] running develop
[0.698s] running egg_info
[0.698s] writing my_robot_controller.egg-info/PKG-INFO
[0.698s] writing dependency_links to my_robot_controller.egg-info/dependency_links.txt
[0.698s] writing entry points to my_robot_controller.egg-info/entry_points.txt
[0.698s] writing requirements to my_robot_controller.egg-info/requires.txt
[0.698s] writing top-level names to my_robot_controller.egg-info/top_level.txt
[0.699s] reading manifest file 'my_robot_controller.egg-info/SOURCES.txt'
[0.700s] writing manifest file 'my_robot_controller.egg-info/SOURCES.txt'
[0.718s] running build_ext
[0.718s] Creating /home/lokisilvres/eyrc_hb/hb_task1a_ws/src/install/my_robot_controller/lib/python3.10/site-packages/my-robot-controller.egg-link (link to .)
[0.718s] Installing draw_circle script to /home/lokisilvres/eyrc_hb/hb_task1a_ws/src/install/my_robot_controller/lib/my_robot_controller
[0.718s] Installing pose_sub script to /home/lokisilvres/eyrc_hb/hb_task1a_ws/src/install/my_robot_controller/lib/my_robot_controller
[0.718s] Installing test_node script to /home/lokisilvres/eyrc_hb/hb_task1a_ws/src/install/my_robot_controller/lib/my_robot_controller
[0.718s] 
[0.718s] Installed /home/lokisilvres/eyrc_hb/hb_task1a_ws/src/build/my_robot_controller
[0.719s] running install_data
[0.719s] copying package.xml -> /home/lokisilvres/eyrc_hb/hb_task1a_ws/src/install/my_robot_controller/share/my_robot_controller
[0.739s] Invoked command in '/home/lokisilvres/eyrc_hb/hb_task1a_ws/src/build/my_robot_controller' returned '0': AMENT_PREFIX_PATH=/home/lokisilvres/eyrc_hb/hb_task1a_ws/src/install/turtlesim:${AMENT_PREFIX_PATH} CMAKE_PREFIX_PATH=/home/lokisilvres/eyrc_hb/hb_task1a_ws/src/install/turtlesim:${CMAKE_PREFIX_PATH} LD_LIBRARY_PATH=/home/lokisilvres/eyrc_hb/hb_task1a_ws/src/install/turtlesim/lib:${LD_LIBRARY_PATH} PYTHONPATH=/home/lokisilvres/eyrc_hb/hb_task1a_ws/src/build/my_robot_controller/prefix_override:/home/lokisilvres/eyrc_hb/hb_task1a_ws/src/install/my_robot_controller/lib/python3.10/site-packages:/home/lokisilvres/eyrc_hb/hb_task1a_ws/src/install/turtlesim/local/lib/python3.10/dist-packages:${PYTHONPATH} /usr/bin/python3 setup.py develop --editable --build-directory /home/lokisilvres/eyrc_hb/hb_task1a_ws/src/build/my_robot_controller/build --no-deps install_data
