running egg_info
creating ../build/hb_task_1a/hb_task_1a.egg-info
writing ../build/hb_task_1a/hb_task_1a.egg-info/PKG-INFO
writing dependency_links to ../build/hb_task_1a/hb_task_1a.egg-info/dependency_links.txt
writing entry points to ../build/hb_task_1a/hb_task_1a.egg-info/entry_points.txt
writing requirements to ../build/hb_task_1a/hb_task_1a.egg-info/requires.txt
writing top-level names to ../build/hb_task_1a/hb_task_1a.egg-info/top_level.txt
writing manifest file '../build/hb_task_1a/hb_task_1a.egg-info/SOURCES.txt'
reading manifest file '../build/hb_task_1a/hb_task_1a.egg-info/SOURCES.txt'
writing manifest file '../build/hb_task_1a/hb_task_1a.egg-info/SOURCES.txt'
running build
running build_py
creating /home/lokisilvres/eyrc_hb/hb_task1a_ws/src/build/hb_task_1a/build
creating /home/lokisilvres/eyrc_hb/hb_task1a_ws/src/build/hb_task_1a/build/lib
creating /home/lokisilvres/eyrc_hb/hb_task1a_ws/src/build/hb_task_1a/build/lib/hb_task_1a
copying hb_task_1a/__init__.py -> /home/lokisilvres/eyrc_hb/hb_task1a_ws/src/build/hb_task_1a/build/lib/hb_task_1a
running install
running install_lib
creating /home/lokisilvres/eyrc_hb/hb_task1a_ws/src/install/hb_task_1a/lib/python3.10/site-packages/hb_task_1a
copying /home/lokisilvres/eyrc_hb/hb_task1a_ws/src/build/hb_task_1a/build/lib/hb_task_1a/__init__.py -> /home/lokisilvres/eyrc_hb/hb_task1a_ws/src/install/hb_task_1a/lib/python3.10/site-packages/hb_task_1a
byte-compiling /home/lokisilvres/eyrc_hb/hb_task1a_ws/src/install/hb_task_1a/lib/python3.10/site-packages/hb_task_1a/__init__.py to __init__.cpython-310.pyc
running install_data
creating /home/lokisilvres/eyrc_hb/hb_task1a_ws/src/install/hb_task_1a/share/ament_index
creating /home/lokisilvres/eyrc_hb/hb_task1a_ws/src/install/hb_task_1a/share/ament_index/resource_index
creating /home/lokisilvres/eyrc_hb/hb_task1a_ws/src/install/hb_task_1a/share/ament_index/resource_index/packages
copying resource/hb_task_1a -> /home/lokisilvres/eyrc_hb/hb_task1a_ws/src/install/hb_task_1a/share/ament_index/resource_index/packages
copying package.xml -> /home/lokisilvres/eyrc_hb/hb_task1a_ws/src/install/hb_task_1a/share/hb_task_1a
running install_egg_info
Copying ../build/hb_task_1a/hb_task_1a.egg-info to /home/lokisilvres/eyrc_hb/hb_task1a_ws/src/install/hb_task_1a/lib/python3.10/site-packages/hb_task_1a-0.0.0-py3.10.egg-info
running install_scripts
writing list of installed files to '/home/lokisilvres/eyrc_hb/hb_task1a_ws/src/build/hb_task_1a/install.log'
