[0.751s] Invoking command in '/home/lokisilvres/eyrc_hb/hb_task1a_ws/src/hb_task_1a': PYTHONPATH=/home/lokisilvres/eyrc_hb/hb_task1a_ws/src/build/hb_task_1a/prefix_override:/home/lokisilvres/eyrc_hb/hb_task1a_ws/src/install/hb_task_1a/lib/python3.10/site-packages:${PYTHONPATH} /usr/bin/python3 setup.py egg_info --egg-base ../build/hb_task_1a build --build-base /home/lokisilvres/eyrc_hb/hb_task1a_ws/src/build/hb_task_1a/build install --record /home/lokisilvres/eyrc_hb/hb_task1a_ws/src/build/hb_task_1a/install.log --single-version-externally-managed
[0.905s] running egg_info
[0.905s] creating ../build/hb_task_1a/hb_task_1a.egg-info
[0.905s] writing ../build/hb_task_1a/hb_task_1a.egg-info/PKG-INFO
[0.905s] writing dependency_links to ../build/hb_task_1a/hb_task_1a.egg-info/dependency_links.txt
[0.905s] writing entry points to ../build/hb_task_1a/hb_task_1a.egg-info/entry_points.txt
[0.905s] writing requirements to ../build/hb_task_1a/hb_task_1a.egg-info/requires.txt
[0.905s] writing top-level names to ../build/hb_task_1a/hb_task_1a.egg-info/top_level.txt
[0.906s] writing manifest file '../build/hb_task_1a/hb_task_1a.egg-info/SOURCES.txt'
[0.906s] reading manifest file '../build/hb_task_1a/hb_task_1a.egg-info/SOURCES.txt'
[0.907s] writing manifest file '../build/hb_task_1a/hb_task_1a.egg-info/SOURCES.txt'
[0.907s] running build
[0.907s] running build_py
[0.907s] creating /home/lokisilvres/eyrc_hb/hb_task1a_ws/src/build/hb_task_1a/build
[0.907s] creating /home/lokisilvres/eyrc_hb/hb_task1a_ws/src/build/hb_task_1a/build/lib
[0.907s] creating /home/lokisilvres/eyrc_hb/hb_task1a_ws/src/build/hb_task_1a/build/lib/hb_task_1a
[0.908s] copying hb_task_1a/__init__.py -> /home/lokisilvres/eyrc_hb/hb_task1a_ws/src/build/hb_task_1a/build/lib/hb_task_1a
[0.908s] running install
[0.908s] running install_lib
[0.908s] creating /home/lokisilvres/eyrc_hb/hb_task1a_ws/src/install/hb_task_1a/lib/python3.10/site-packages/hb_task_1a
[0.908s] copying /home/lokisilvres/eyrc_hb/hb_task1a_ws/src/build/hb_task_1a/build/lib/hb_task_1a/__init__.py -> /home/lokisilvres/eyrc_hb/hb_task1a_ws/src/install/hb_task_1a/lib/python3.10/site-packages/hb_task_1a
[0.908s] byte-compiling /home/lokisilvres/eyrc_hb/hb_task1a_ws/src/install/hb_task_1a/lib/python3.10/site-packages/hb_task_1a/__init__.py to __init__.cpython-310.pyc
[0.908s] running install_data
[0.909s] creating /home/lokisilvres/eyrc_hb/hb_task1a_ws/src/install/hb_task_1a/share/ament_index
[0.909s] creating /home/lokisilvres/eyrc_hb/hb_task1a_ws/src/install/hb_task_1a/share/ament_index/resource_index
[0.909s] creating /home/lokisilvres/eyrc_hb/hb_task1a_ws/src/install/hb_task_1a/share/ament_index/resource_index/packages
[0.909s] copying resource/hb_task_1a -> /home/lokisilvres/eyrc_hb/hb_task1a_ws/src/install/hb_task_1a/share/ament_index/resource_index/packages
[0.909s] copying package.xml -> /home/lokisilvres/eyrc_hb/hb_task1a_ws/src/install/hb_task_1a/share/hb_task_1a
[0.909s] running install_egg_info
[0.910s] Copying ../build/hb_task_1a/hb_task_1a.egg-info to /home/lokisilvres/eyrc_hb/hb_task1a_ws/src/install/hb_task_1a/lib/python3.10/site-packages/hb_task_1a-0.0.0-py3.10.egg-info
[0.910s] running install_scripts
[0.925s] writing list of installed files to '/home/lokisilvres/eyrc_hb/hb_task1a_ws/src/build/hb_task_1a/install.log'
[0.950s] Invoked command in '/home/lokisilvres/eyrc_hb/hb_task1a_ws/src/hb_task_1a' returned '0': PYTHONPATH=/home/lokisilvres/eyrc_hb/hb_task1a_ws/src/build/hb_task_1a/prefix_override:/home/lokisilvres/eyrc_hb/hb_task1a_ws/src/install/hb_task_1a/lib/python3.10/site-packages:${PYTHONPATH} /usr/bin/python3 setup.py egg_info --egg-base ../build/hb_task_1a build --build-base /home/lokisilvres/eyrc_hb/hb_task1a_ws/src/build/hb_task_1a/build install --record /home/lokisilvres/eyrc_hb/hb_task1a_ws/src/build/hb_task_1a/install.log --single-version-externally-managed
